{"/mnt/d/codingblocks/Testing/unitTesting/fareutils.js":{"path":"/mnt/d/codingblocks/Testing/unitTesting/fareutils.js","statementMap":{"0":{"start":{"line":1,"column":0},"end":{"line":7,"column":1}},"1":{"start":{"line":10,"column":15},"end":{"line":10,"column":25}},"2":{"start":{"line":11,"column":4},"end":{"line":11,"column":68}},"3":{"start":{"line":12,"column":4},"end":{"line":12,"column":73}},"4":{"start":{"line":13,"column":4},"end":{"line":13,"column":15}},"5":{"start":{"line":17,"column":0},"end":{"line":19,"column":1}}},"fnMap":{"0":{"name":"calcfare","decl":{"start":{"line":9,"column":9},"end":{"line":9,"column":17}},"loc":{"start":{"line":9,"column":27},"end":{"line":14,"column":1}},"line":9}},"branchMap":{"0":{"loc":{"start":{"line":11,"column":12},"end":{"line":11,"column":68}},"type":"cond-expr","locations":[{"start":{"line":11,"column":34},"end":{"line":11,"column":63}},{"start":{"line":11,"column":67},"end":{"line":11,"column":68}}],"line":11},"1":{"loc":{"start":{"line":12,"column":12},"end":{"line":12,"column":73}},"type":"cond-expr","locations":[{"start":{"line":12,"column":36},"end":{"line":12,"column":68}},{"start":{"line":12,"column":72},"end":{"line":12,"column":73}}],"line":12}},"s":{"0":0,"1":0,"2":0,"3":0,"4":0,"5":0},"f":{"0":0},"b":{"0":[0,0],"1":[0,0]},"all":true},"/mnt/d/codingblocks/Testing/unitTesting/public_static/jquery-3.5.1.js":{"path":"/mnt/d/codingblocks/Testing/unitTesting/public_static/jquery-3.5.1.js","statementMap":{"0":{"start":{"line":14,"column":0},"end":{"line":10872,"column":4}},"1":{"start":{"line":18,"column":1},"end":{"line":37,"column":2}},"2":{"start":{"line":27,"column":2},"end":{"line":34,"column":5}},"3":{"start":{"line":30,"column":4},"end":{"line":32,"column":5}},"4":{"start":{"line":31,"column":5},"end":{"line":31,"column":67}},"5":{"start":{"line":33,"column":4},"end":{"line":33,"column":24}},"6":{"start":{"line":36,"column":2},"end":{"line":36,"column":20}},"7":{"start":{"line":48,"column":10},"end":{"line":48,"column":12}},"8":{"start":{"line":50,"column":15},"end":{"line":50,"column":36}},"9":{"start":{"line":52,"column":12},"end":{"line":52,"column":21}},"10":{"start":{"line":54,"column":11},"end":{"line":58,"column":1}},"11":{"start":{"line":55,"column":1},"end":{"line":55,"column":31}},"12":{"start":{"line":57,"column":1},"end":{"line":57,"column":38}},"13":{"start":{"line":61,"column":11},"end":{"line":61,"column":19}},"14":{"start":{"line":63,"column":14},"end":{"line":63,"column":25}},"15":{"start":{"line":65,"column":17},"end":{"line":65,"column":19}},"16":{"start":{"line":67,"column":15},"end":{"line":67,"column":34}},"17":{"start":{"line":69,"column":13},"end":{"line":69,"column":38}},"18":{"start":{"line":71,"column":17},"end":{"line":71,"column":32}},"19":{"start":{"line":73,"column":27},"end":{"line":73,"column":52}},"20":{"start":{"line":75,"column":14},"end":{"line":75,"column":16}},"21":{"start":{"line":77,"column":17},"end":{"line":84,"column":3}},"22":{"start":{"line":83,"column":6},"end":{"line":83,"column":75}},"23":{"start":{"line":87,"column":15},"end":{"line":89,"column":2}},"24":{"start":{"line":88,"column":2},"end":{"line":88,"column":43}},"25":{"start":{"line":92,"column":15},"end":{"line":92,"column":30}},"26":{"start":{"line":96,"column":33},"end":{"line":101,"column":2}},"27":{"start":{"line":104,"column":2},"end":{"line":104,"column":24}},"28":{"start":{"line":107,"column":12},"end":{"line":107,"column":41}},"29":{"start":{"line":109,"column":2},"end":{"line":109,"column":21}},"30":{"start":{"line":110,"column":2},"end":{"line":128,"column":3}},"31":{"start":{"line":111,"column":3},"end":{"line":127,"column":4}},"32":{"start":{"line":123,"column":4},"end":{"line":123,"column":67}},"33":{"start":{"line":124,"column":4},"end":{"line":126,"column":5}},"34":{"start":{"line":125,"column":5},"end":{"line":125,"column":35}},"35":{"start":{"line":129,"column":2},"end":{"line":129,"column":66}},"36":{"start":{"line":134,"column":1},"end":{"line":136,"column":2}},"37":{"start":{"line":135,"column":2},"end":{"line":135,"column":18}},"38":{"start":{"line":139,"column":1},"end":{"line":141,"column":13}},"39":{"start":{"line":150,"column":11},"end":{"line":150,"column":18}},"40":{"start":{"line":153,"column":10},"end":{"line":158,"column":2}},"41":{"start":{"line":157,"column":2},"end":{"line":157,"column":49}},"42":{"start":{"line":160,"column":0},"end":{"line":251,"column":2}},"43":{"start":{"line":171,"column":2},"end":{"line":171,"column":28}},"44":{"start":{"line":179,"column":2},"end":{"line":181,"column":3}},"45":{"start":{"line":180,"column":3},"end":{"line":180,"column":29}},"46":{"start":{"line":184,"column":2},"end":{"line":184,"column":59}},"47":{"start":{"line":192,"column":12},"end":{"line":192,"column":53}},"48":{"start":{"line":195,"column":2},"end":{"line":195,"column":24}},"49":{"start":{"line":198,"column":2},"end":{"line":198,"column":13}},"50":{"start":{"line":203,"column":2},"end":{"line":203,"column":39}},"51":{"start":{"line":207,"column":2},"end":{"line":209,"column":8}},"52":{"start":{"line":208,"column":3},"end":{"line":208,"column":41}},"53":{"start":{"line":213,"column":2},"end":{"line":213,"column":58}},"54":{"start":{"line":217,"column":2},"end":{"line":217,"column":22}},"55":{"start":{"line":221,"column":2},"end":{"line":221,"column":23}},"56":{"start":{"line":225,"column":2},"end":{"line":227,"column":8}},"57":{"start":{"line":226,"column":3},"end":{"line":226,"column":24}},"58":{"start":{"line":231,"column":2},"end":{"line":233,"column":8}},"59":{"start":{"line":232,"column":3},"end":{"line":232,"column":16}},"60":{"start":{"line":237,"column":12},"end":{"line":237,"column":23}},"61":{"start":{"line":238,"column":7},"end":{"line":238,"column":31}},"62":{"start":{"line":239,"column":2},"end":{"line":239,"column":66}},"63":{"start":{"line":243,"column":2},"end":{"line":243,"column":47}},"64":{"start":{"line":253,"column":0},"end":{"line":323,"column":2}},"65":{"start":{"line":255,"column":11},"end":{"line":255,"column":31}},"66":{"start":{"line":256,"column":6},"end":{"line":256,"column":7}},"67":{"start":{"line":257,"column":11},"end":{"line":257,"column":27}},"68":{"start":{"line":258,"column":9},"end":{"line":258,"column":14}},"69":{"start":{"line":261,"column":1},"end":{"line":267,"column":2}},"70":{"start":{"line":262,"column":2},"end":{"line":262,"column":16}},"71":{"start":{"line":265,"column":2},"end":{"line":265,"column":32}},"72":{"start":{"line":266,"column":2},"end":{"line":266,"column":6}},"73":{"start":{"line":270,"column":1},"end":{"line":272,"column":2}},"74":{"start":{"line":271,"column":2},"end":{"line":271,"column":14}},"75":{"start":{"line":275,"column":1},"end":{"line":278,"column":2}},"76":{"start":{"line":276,"column":2},"end":{"line":276,"column":16}},"77":{"start":{"line":277,"column":2},"end":{"line":277,"column":6}},"78":{"start":{"line":280,"column":1},"end":{"line":319,"column":2}},"79":{"start":{"line":283,"column":2},"end":{"line":318,"column":3}},"80":{"start":{"line":286,"column":3},"end":{"line":317,"column":4}},"81":{"start":{"line":287,"column":4},"end":{"line":287,"column":27}},"82":{"start":{"line":291,"column":4},"end":{"line":293,"column":5}},"83":{"start":{"line":292,"column":5},"end":{"line":292,"column":14}},"84":{"start":{"line":296,"column":4},"end":{"line":316,"column":5}},"85":{"start":{"line":298,"column":5},"end":{"line":298,"column":26}},"86":{"start":{"line":301,"column":5},"end":{"line":307,"column":6}},"87":{"start":{"line":302,"column":6},"end":{"line":302,"column":17}},"88":{"start":{"line":303,"column":12},"end":{"line":307,"column":6}},"89":{"start":{"line":304,"column":6},"end":{"line":304,"column":17}},"90":{"start":{"line":306,"column":6},"end":{"line":306,"column":18}},"91":{"start":{"line":308,"column":5},"end":{"line":308,"column":25}},"92":{"start":{"line":311,"column":5},"end":{"line":311,"column":57}},"93":{"start":{"line":314,"column":11},"end":{"line":316,"column":5}},"94":{"start":{"line":315,"column":5},"end":{"line":315,"column":27}},"95":{"start":{"line":322,"column":1},"end":{"line":322,"column":15}},"96":{"start":{"line":325,"column":0},"end":{"line":491,"column":4}},"97":{"start":{"line":334,"column":2},"end":{"line":334,"column":25}},"98":{"start":{"line":344,"column":2},"end":{"line":346,"column":3}},"99":{"start":{"line":345,"column":3},"end":{"line":345,"column":16}},"100":{"start":{"line":348,"column":2},"end":{"line":348,"column":26}},"101":{"start":{"line":351,"column":2},"end":{"line":353,"column":3}},"102":{"start":{"line":352,"column":3},"end":{"line":352,"column":15}},"103":{"start":{"line":356,"column":2},"end":{"line":356,"column":66}},"104":{"start":{"line":357,"column":2},"end":{"line":357,"column":88}},"105":{"start":{"line":363,"column":2},"end":{"line":365,"column":3}},"106":{"start":{"line":364,"column":3},"end":{"line":364,"column":16}},"107":{"start":{"line":366,"column":2},"end":{"line":366,"column":14}},"108":{"start":{"line":372,"column":2},"end":{"line":372,"column":60}},"109":{"start":{"line":376,"column":18},"end":{"line":376,"column":19}},"110":{"start":{"line":378,"column":2},"end":{"line":391,"column":3}},"111":{"start":{"line":379,"column":3},"end":{"line":379,"column":23}},"112":{"start":{"line":380,"column":3},"end":{"line":384,"column":4}},"113":{"start":{"line":381,"column":4},"end":{"line":383,"column":5}},"114":{"start":{"line":382,"column":5},"end":{"line":382,"column":11}},"115":{"start":{"line":386,"column":3},"end":{"line":390,"column":4}},"116":{"start":{"line":387,"column":4},"end":{"line":389,"column":5}},"117":{"start":{"line":388,"column":5},"end":{"line":388,"column":11}},"118":{"start":{"line":393,"column":2},"end":{"line":393,"column":13}},"119":{"start":{"line":398,"column":12},"end":{"line":398,"column":25}},"120":{"start":{"line":400,"column":2},"end":{"line":409,"column":3}},"121":{"start":{"line":401,"column":3},"end":{"line":408,"column":4}},"122":{"start":{"line":402,"column":4},"end":{"line":405,"column":6}},"123":{"start":{"line":407,"column":4},"end":{"line":407,"column":26}},"124":{"start":{"line":411,"column":2},"end":{"line":411,"column":13}},"125":{"start":{"line":415,"column":2},"end":{"line":415,"column":57}},"126":{"start":{"line":421,"column":12},"end":{"line":421,"column":26}},"127":{"start":{"line":422,"column":7},"end":{"line":422,"column":8}},"128":{"start":{"line":423,"column":7},"end":{"line":423,"column":19}},"129":{"start":{"line":425,"column":2},"end":{"line":427,"column":3}},"130":{"start":{"line":426,"column":3},"end":{"line":426,"column":30}},"131":{"start":{"line":429,"column":2},"end":{"line":429,"column":19}},"132":{"start":{"line":431,"column":2},"end":{"line":431,"column":15}},"133":{"start":{"line":436,"column":13},"end":{"line":436,"column":15}},"134":{"start":{"line":437,"column":7},"end":{"line":437,"column":8}},"135":{"start":{"line":438,"column":12},"end":{"line":438,"column":24}},"136":{"start":{"line":439,"column":20},"end":{"line":439,"column":27}},"137":{"start":{"line":443,"column":2},"end":{"line":448,"column":3}},"138":{"start":{"line":444,"column":3},"end":{"line":444,"column":48}},"139":{"start":{"line":445,"column":3},"end":{"line":447,"column":4}},"140":{"start":{"line":446,"column":4},"end":{"line":446,"column":31}},"141":{"start":{"line":450,"column":2},"end":{"line":450,"column":17}},"142":{"start":{"line":456,"column":7},"end":{"line":456,"column":8}},"143":{"start":{"line":457,"column":9},"end":{"line":457,"column":11}},"144":{"start":{"line":460,"column":2},"end":{"line":479,"column":3}},"145":{"start":{"line":461,"column":3},"end":{"line":461,"column":25}},"146":{"start":{"line":462,"column":3},"end":{"line":468,"column":4}},"147":{"start":{"line":463,"column":4},"end":{"line":463,"column":43}},"148":{"start":{"line":465,"column":4},"end":{"line":467,"column":5}},"149":{"start":{"line":466,"column":5},"end":{"line":466,"column":23}},"150":{"start":{"line":472,"column":3},"end":{"line":478,"column":4}},"151":{"start":{"line":473,"column":4},"end":{"line":473,"column":43}},"152":{"start":{"line":475,"column":4},"end":{"line":477,"column":5}},"153":{"start":{"line":476,"column":5},"end":{"line":476,"column":23}},"154":{"start":{"line":482,"column":2},"end":{"line":482,"column":21}},"155":{"start":{"line":493,"column":0},"end":{"line":495,"column":1}},"156":{"start":{"line":494,"column":1},"end":{"line":494,"column":55}},"157":{"start":{"line":498,"column":0},"end":{"line":501,"column":4}},"158":{"start":{"line":500,"column":1},"end":{"line":500,"column":60}},"159":{"start":{"line":509,"column":14},"end":{"line":509,"column":52}},"160":{"start":{"line":510,"column":9},"end":{"line":510,"column":22}},"161":{"start":{"line":512,"column":1},"end":{"line":514,"column":2}},"162":{"start":{"line":513,"column":2},"end":{"line":513,"column":15}},"163":{"start":{"line":516,"column":1},"end":{"line":517,"column":68}},"164":{"start":{"line":530,"column":0},"end":{"line":2974,"column":13}},"165":{"start":{"line":554,"column":11},"end":{"line":554,"column":36}},"166":{"start":{"line":555,"column":16},"end":{"line":555,"column":31}},"167":{"start":{"line":556,"column":11},"end":{"line":556,"column":12}},"168":{"start":{"line":557,"column":8},"end":{"line":557,"column":9}},"169":{"start":{"line":558,"column":14},"end":{"line":558,"column":27}},"170":{"start":{"line":559,"column":14},"end":{"line":559,"column":27}},"171":{"start":{"line":560,"column":17},"end":{"line":560,"column":30}},"172":{"start":{"line":561,"column":26},"end":{"line":561,"column":39}},"173":{"start":{"line":562,"column":13},"end":{"line":567,"column":2}},"174":{"start":{"line":563,"column":2},"end":{"line":565,"column":3}},"175":{"start":{"line":564,"column":3},"end":{"line":564,"column":23}},"176":{"start":{"line":566,"column":2},"end":{"line":566,"column":11}},"177":{"start":{"line":570,"column":10},"end":{"line":570,"column":31}},"178":{"start":{"line":571,"column":7},"end":{"line":571,"column":9}},"179":{"start":{"line":572,"column":7},"end":{"line":572,"column":14}},"180":{"start":{"line":573,"column":14},"end":{"line":573,"column":22}},"181":{"start":{"line":574,"column":8},"end":{"line":574,"column":16}},"182":{"start":{"line":575,"column":9},"end":{"line":575,"column":18}},"183":{"start":{"line":579,"column":11},"end":{"line":588,"column":2}},"184":{"start":{"line":580,"column":10},"end":{"line":580,"column":11}},"185":{"start":{"line":581,"column":9},"end":{"line":581,"column":20}},"186":{"start":{"line":582,"column":2},"end":{"line":586,"column":3}},"187":{"start":{"line":583,"column":3},"end":{"line":585,"column":4}},"188":{"start":{"line":584,"column":4},"end":{"line":584,"column":13}},"189":{"start":{"line":587,"column":2},"end":{"line":587,"column":12}},"190":{"start":{"line":590,"column":12},"end":{"line":591,"column":53}},"191":{"start":{"line":596,"column":14},"end":{"line":596,"column":35}},"192":{"start":{"line":599,"column":14},"end":{"line":600,"column":43}},"193":{"start":{"line":603,"column":14},"end":{"line":611,"column":21}},"194":{"start":{"line":613,"column":11},"end":{"line":624,"column":10}},"195":{"start":{"line":627,"column":15},"end":{"line":627,"column":50}},"196":{"start":{"line":628,"column":9},"end":{"line":629,"column":26}},"197":{"start":{"line":631,"column":10},"end":{"line":631,"column":66}},"198":{"start":{"line":632,"column":16},"end":{"line":633,"column":7}},"199":{"start":{"line":634,"column":12},"end":{"line":634,"column":43}},"200":{"start":{"line":636,"column":11},"end":{"line":636,"column":32}},"201":{"start":{"line":637,"column":15},"end":{"line":637,"column":51}},"202":{"start":{"line":639,"column":13},"end":{"line":655,"column":2}},"203":{"start":{"line":657,"column":9},"end":{"line":657,"column":17}},"204":{"start":{"line":658,"column":11},"end":{"line":658,"column":48}},"205":{"start":{"line":659,"column":11},"end":{"line":659,"column":19}},"206":{"start":{"line":661,"column":11},"end":{"line":661,"column":35}},"207":{"start":{"line":664,"column":14},"end":{"line":664,"column":48}},"208":{"start":{"line":666,"column":12},"end":{"line":666,"column":18}},"209":{"start":{"line":670,"column":13},"end":{"line":670,"column":92}},"210":{"start":{"line":671,"column":13},"end":{"line":686,"column":2}},"211":{"start":{"line":672,"column":13},"end":{"line":672,"column":47}},"212":{"start":{"line":674,"column":2},"end":{"line":685,"column":70}},"213":{"start":{"line":690,"column":14},"end":{"line":690,"column":67}},"214":{"start":{"line":691,"column":14},"end":{"line":706,"column":2}},"215":{"start":{"line":692,"column":2},"end":{"line":702,"column":3}},"216":{"start":{"line":695,"column":3},"end":{"line":697,"column":4}},"217":{"start":{"line":696,"column":4},"end":{"line":696,"column":20}},"218":{"start":{"line":700,"column":3},"end":{"line":701,"column":56}},"219":{"start":{"line":705,"column":2},"end":{"line":705,"column":19}},"220":{"start":{"line":712,"column":17},"end":{"line":714,"column":2}},"221":{"start":{"line":713,"column":2},"end":{"line":713,"column":16}},"222":{"start":{"line":716,"column":22},"end":{"line":721,"column":2}},"223":{"start":{"line":718,"column":3},"end":{"line":718,"column":79}},"224":{"start":{"line":724,"column":0},"end":{"line":753,"column":1}},"225":{"start":{"line":725,"column":1},"end":{"line":728,"column":3}},"226":{"start":{"line":733,"column":1},"end":{"line":733,"column":48}},"227":{"start":{"line":735,"column":1},"end":{"line":752,"column":3}},"228":{"start":{"line":739,"column":3},"end":{"line":739,"column":49}},"229":{"start":{"line":745,"column":11},"end":{"line":745,"column":24}},"230":{"start":{"line":746,"column":8},"end":{"line":746,"column":9}},"231":{"start":{"line":749,"column":3},"end":{"line":749,"column":46}},"232":{"start":{"line":750,"column":3},"end":{"line":750,"column":25}},"233":{"start":{"line":757,"column":15},"end":{"line":757,"column":47}},"234":{"start":{"line":760,"column":13},"end":{"line":760,"column":43}},"235":{"start":{"line":762,"column":1},"end":{"line":762,"column":25}},"236":{"start":{"line":765,"column":1},"end":{"line":769,"column":2}},"237":{"start":{"line":768,"column":2},"end":{"line":768,"column":17}},"238":{"start":{"line":772,"column":1},"end":{"line":891,"column":2}},"239":{"start":{"line":773,"column":2},"end":{"line":773,"column":25}},"240":{"start":{"line":774,"column":2},"end":{"line":774,"column":32}},"241":{"start":{"line":776,"column":2},"end":{"line":890,"column":3}},"242":{"start":{"line":780,"column":3},"end":{"line":827,"column":4}},"243":{"start":{"line":783,"column":4},"end":{"line":826,"column":5}},"244":{"start":{"line":786,"column":5},"end":{"line":813,"column":6}},"245":{"start":{"line":787,"column":6},"end":{"line":798,"column":7}},"246":{"start":{"line":792,"column":7},"end":{"line":795,"column":8}},"247":{"start":{"line":793,"column":8},"end":{"line":793,"column":29}},"248":{"start":{"line":794,"column":8},"end":{"line":794,"column":23}},"249":{"start":{"line":797,"column":7},"end":{"line":797,"column":22}},"250":{"start":{"line":806,"column":6},"end":{"line":812,"column":7}},"251":{"start":{"line":810,"column":7},"end":{"line":810,"column":28}},"252":{"start":{"line":811,"column":7},"end":{"line":811,"column":22}},"253":{"start":{"line":816,"column":11},"end":{"line":826,"column":5}},"254":{"start":{"line":817,"column":5},"end":{"line":817,"column":69}},"255":{"start":{"line":818,"column":5},"end":{"line":818,"column":20}},"256":{"start":{"line":821,"column":11},"end":{"line":826,"column":5}},"257":{"start":{"line":824,"column":5},"end":{"line":824,"column":64}},"258":{"start":{"line":825,"column":5},"end":{"line":825,"column":20}},"259":{"start":{"line":830,"column":3},"end":{"line":889,"column":4}},"260":{"start":{"line":838,"column":4},"end":{"line":838,"column":27}},"261":{"start":{"line":839,"column":4},"end":{"line":839,"column":25}},"262":{"start":{"line":848,"column":4},"end":{"line":875,"column":5}},"263":{"start":{"line":852,"column":5},"end":{"line":853,"column":14}},"264":{"start":{"line":857,"column":5},"end":{"line":865,"column":6}},"265":{"start":{"line":860,"column":6},"end":{"line":864,"column":7}},"266":{"start":{"line":861,"column":7},"end":{"line":861,"column":51}},"267":{"start":{"line":863,"column":7},"end":{"line":863,"column":55}},"268":{"start":{"line":868,"column":5},"end":{"line":868,"column":35}},"269":{"start":{"line":869,"column":5},"end":{"line":869,"column":23}},"270":{"start":{"line":870,"column":5},"end":{"line":873,"column":6}},"271":{"start":{"line":871,"column":6},"end":{"line":872,"column":33}},"272":{"start":{"line":874,"column":5},"end":{"line":874,"column":38}},"273":{"start":{"line":877,"column":4},"end":{"line":888,"column":5}},"274":{"start":{"line":878,"column":5},"end":{"line":880,"column":7}},"275":{"start":{"line":881,"column":5},"end":{"line":881,"column":20}},"276":{"start":{"line":883,"column":5},"end":{"line":883,"column":46}},"277":{"start":{"line":885,"column":5},"end":{"line":887,"column":6}},"278":{"start":{"line":886,"column":6},"end":{"line":886,"column":38}},"279":{"start":{"line":894,"column":1},"end":{"line":894,"column":74}},"280":{"start":{"line":904,"column":12},"end":{"line":904,"column":14}},"281":{"start":{"line":909,"column":2},"end":{"line":913,"column":3}},"282":{"start":{"line":912,"column":3},"end":{"line":912,"column":32}},"283":{"start":{"line":914,"column":2},"end":{"line":914,"column":40}},"284":{"start":{"line":916,"column":1},"end":{"line":916,"column":14}},"285":{"start":{"line":924,"column":1},"end":{"line":924,"column":22}},"286":{"start":{"line":925,"column":1},"end":{"line":925,"column":11}},"287":{"start":{"line":933,"column":10},"end":{"line":933,"column":46}},"288":{"start":{"line":935,"column":1},"end":{"line":948,"column":2}},"289":{"start":{"line":936,"column":2},"end":{"line":936,"column":20}},"290":{"start":{"line":938,"column":2},"end":{"line":938,"column":15}},"291":{"start":{"line":942,"column":2},"end":{"line":944,"column":3}},"292":{"start":{"line":943,"column":3},"end":{"line":943,"column":35}},"293":{"start":{"line":947,"column":2},"end":{"line":947,"column":12}},"294":{"start":{"line":957,"column":11},"end":{"line":957,"column":29}},"295":{"start":{"line":958,"column":6},"end":{"line":958,"column":16}},"296":{"start":{"line":960,"column":1},"end":{"line":962,"column":2}},"297":{"start":{"line":961,"column":2},"end":{"line":961,"column":40}},"298":{"start":{"line":972,"column":11},"end":{"line":972,"column":17}},"299":{"start":{"line":973,"column":9},"end":{"line":974,"column":32}},"300":{"start":{"line":977,"column":1},"end":{"line":979,"column":2}},"301":{"start":{"line":978,"column":2},"end":{"line":978,"column":14}},"302":{"start":{"line":982,"column":1},"end":{"line":988,"column":2}},"303":{"start":{"line":983,"column":2},"end":{"line":987,"column":3}},"304":{"start":{"line":984,"column":3},"end":{"line":986,"column":4}},"305":{"start":{"line":985,"column":4},"end":{"line":985,"column":14}},"306":{"start":{"line":990,"column":1},"end":{"line":990,"column":19}},"307":{"start":{"line":998,"column":1},"end":{"line":1001,"column":3}},"308":{"start":{"line":999,"column":13},"end":{"line":999,"column":40}},"309":{"start":{"line":1000,"column":2},"end":{"line":1000,"column":48}},"310":{"start":{"line":1009,"column":1},"end":{"line":1012,"column":3}},"311":{"start":{"line":1010,"column":13},"end":{"line":1010,"column":40}},"312":{"start":{"line":1011,"column":2},"end":{"line":1011,"column":73}},"313":{"start":{"line":1022,"column":1},"end":{"line":1068,"column":3}},"314":{"start":{"line":1027,"column":2},"end":{"line":1064,"column":3}},"315":{"start":{"line":1036,"column":3},"end":{"line":1055,"column":4}},"316":{"start":{"line":1039,"column":4},"end":{"line":1045,"column":5}},"317":{"start":{"line":1040,"column":5},"end":{"line":1044,"column":6}},"318":{"start":{"line":1041,"column":6},"end":{"line":1041,"column":51}},"319":{"start":{"line":1043,"column":6},"end":{"line":1043,"column":40}},"320":{"start":{"line":1049,"column":4},"end":{"line":1054,"column":45}},"321":{"start":{"line":1057,"column":3},"end":{"line":1057,"column":37}},"322":{"start":{"line":1062,"column":9},"end":{"line":1064,"column":3}},"323":{"start":{"line":1063,"column":3},"end":{"line":1063,"column":37}},"324":{"start":{"line":1067,"column":2},"end":{"line":1067,"column":15}},"325":{"start":{"line":1076,"column":1},"end":{"line":1090,"column":5}},"326":{"start":{"line":1077,"column":2},"end":{"line":1077,"column":23}},"327":{"start":{"line":1078,"column":2},"end":{"line":1089,"column":6}},"328":{"start":{"line":1080,"column":19},"end":{"line":1080,"column":50}},"329":{"start":{"line":1081,"column":8},"end":{"line":1081,"column":27}},"330":{"start":{"line":1084,"column":3},"end":{"line":1088,"column":4}},"331":{"start":{"line":1085,"column":4},"end":{"line":1087,"column":5}},"332":{"start":{"line":1086,"column":5},"end":{"line":1086,"column":47}},"333":{"start":{"line":1099,"column":1},"end":{"line":1099,"column":82}},"334":{"start":{"line":1103,"column":0},"end":{"line":1103,"column":30}},"335":{"start":{"line":1110,"column":0},"end":{"line":1118,"column":2}},"336":{"start":{"line":1111,"column":17},"end":{"line":1111,"column":34}},"337":{"start":{"line":1112,"column":12},"end":{"line":1112,"column":58}},"338":{"start":{"line":1117,"column":1},"end":{"line":1117,"column":74}},"339":{"start":{"line":1125,"column":0},"end":{"line":1599,"column":2}},"340":{"start":{"line":1127,"column":8},"end":{"line":1127,"column":56}},"341":{"start":{"line":1134,"column":1},"end":{"line":1136,"column":2}},"342":{"start":{"line":1135,"column":2},"end":{"line":1135,"column":18}},"343":{"start":{"line":1139,"column":1},"end":{"line":1139,"column":16}},"344":{"start":{"line":1140,"column":1},"end":{"line":1140,"column":36}},"345":{"start":{"line":1141,"column":1},"end":{"line":1141,"column":37}},"346":{"start":{"line":1149,"column":1},"end":{"line":1160,"column":2}},"347":{"start":{"line":1153,"column":2},"end":{"line":1159,"column":3}},"348":{"start":{"line":1154,"column":3},"end":{"line":1154,"column":64}},"349":{"start":{"line":1157,"column":9},"end":{"line":1159,"column":3}},"350":{"start":{"line":1158,"column":3},"end":{"line":1158,"column":54}},"351":{"start":{"line":1167,"column":1},"end":{"line":1171,"column":5}},"352":{"start":{"line":1168,"column":2},"end":{"line":1168,"column":75}},"353":{"start":{"line":1169,"column":2},"end":{"line":1170,"column":56}},"354":{"start":{"line":1179,"column":1},"end":{"line":1182,"column":5}},"355":{"start":{"line":1180,"column":2},"end":{"line":1180,"column":21}},"356":{"start":{"line":1181,"column":2},"end":{"line":1181,"column":41}},"357":{"start":{"line":1188,"column":1},"end":{"line":1191,"column":5}},"358":{"start":{"line":1189,"column":2},"end":{"line":1189,"column":49}},"359":{"start":{"line":1190,"column":2},"end":{"line":1190,"column":48}},"360":{"start":{"line":1194,"column":1},"end":{"line":1194,"column":82}},"361":{"start":{"line":1200,"column":1},"end":{"line":1203,"column":5}},"362":{"start":{"line":1201,"column":2},"end":{"line":1201,"column":41}},"363":{"start":{"line":1202,"column":2},"end":{"line":1202,"column":86}},"364":{"start":{"line":1206,"column":1},"end":{"line":1258,"column":2}},"365":{"start":{"line":1207,"column":2},"end":{"line":1212,"column":4}},"366":{"start":{"line":1208,"column":16},"end":{"line":1208,"column":50}},"367":{"start":{"line":1209,"column":3},"end":{"line":1211,"column":5}},"368":{"start":{"line":1210,"column":4},"end":{"line":1210,"column":48}},"369":{"start":{"line":1213,"column":2},"end":{"line":1218,"column":4}},"370":{"start":{"line":1214,"column":3},"end":{"line":1217,"column":4}},"371":{"start":{"line":1215,"column":15},"end":{"line":1215,"column":43}},"372":{"start":{"line":1216,"column":4},"end":{"line":1216,"column":32}},"373":{"start":{"line":1220,"column":2},"end":{"line":1227,"column":4}},"374":{"start":{"line":1221,"column":16},"end":{"line":1221,"column":50}},"375":{"start":{"line":1222,"column":3},"end":{"line":1226,"column":5}},"376":{"start":{"line":1223,"column":15},"end":{"line":1224,"column":34}},"377":{"start":{"line":1225,"column":4},"end":{"line":1225,"column":41}},"378":{"start":{"line":1231,"column":2},"end":{"line":1257,"column":4}},"379":{"start":{"line":1232,"column":3},"end":{"line":1256,"column":4}},"380":{"start":{"line":1234,"column":12},"end":{"line":1234,"column":40}},"381":{"start":{"line":1236,"column":4},"end":{"line":1253,"column":5}},"382":{"start":{"line":1239,"column":5},"end":{"line":1239,"column":42}},"383":{"start":{"line":1240,"column":5},"end":{"line":1242,"column":6}},"384":{"start":{"line":1241,"column":6},"end":{"line":1241,"column":22}},"385":{"start":{"line":1245,"column":5},"end":{"line":1245,"column":45}},"386":{"start":{"line":1246,"column":5},"end":{"line":1246,"column":11}},"387":{"start":{"line":1247,"column":5},"end":{"line":1252,"column":6}},"388":{"start":{"line":1248,"column":6},"end":{"line":1248,"column":43}},"389":{"start":{"line":1249,"column":6},"end":{"line":1251,"column":7}},"390":{"start":{"line":1250,"column":7},"end":{"line":1250,"column":23}},"391":{"start":{"line":1255,"column":4},"end":{"line":1255,"column":14}},"392":{"start":{"line":1261,"column":1},"end":{"line":1291,"column":4}},"393":{"start":{"line":1263,"column":3},"end":{"line":1269,"column":4}},"394":{"start":{"line":1264,"column":4},"end":{"line":1264,"column":47}},"395":{"start":{"line":1267,"column":10},"end":{"line":1269,"column":4}},"396":{"start":{"line":1268,"column":4},"end":{"line":1268,"column":43}},"397":{"start":{"line":1274,"column":10},"end":{"line":1274,"column":12}},"398":{"start":{"line":1275,"column":8},"end":{"line":1275,"column":9}},"399":{"start":{"line":1278,"column":14},"end":{"line":1278,"column":49}},"400":{"start":{"line":1281,"column":3},"end":{"line":1289,"column":4}},"401":{"start":{"line":1282,"column":4},"end":{"line":1286,"column":5}},"402":{"start":{"line":1283,"column":5},"end":{"line":1285,"column":6}},"403":{"start":{"line":1284,"column":6},"end":{"line":1284,"column":23}},"404":{"start":{"line":1288,"column":4},"end":{"line":1288,"column":15}},"405":{"start":{"line":1290,"column":3},"end":{"line":1290,"column":18}},"406":{"start":{"line":1294,"column":1},"end":{"line":1298,"column":3}},"407":{"start":{"line":1295,"column":2},"end":{"line":1297,"column":3}},"408":{"start":{"line":1296,"column":3},"end":{"line":1296,"column":54}},"409":{"start":{"line":1306,"column":1},"end":{"line":1306,"column":20}},"410":{"start":{"line":1313,"column":1},"end":{"line":1313,"column":16}},"411":{"start":{"line":1315,"column":1},"end":{"line":1418,"column":2}},"412":{"start":{"line":1319,"column":2},"end":{"line":1382,"column":6}},"413":{"start":{"line":1328,"column":3},"end":{"line":1330,"column":45}},"414":{"start":{"line":1336,"column":3},"end":{"line":1338,"column":4}},"415":{"start":{"line":1337,"column":4},"end":{"line":1337,"column":61}},"416":{"start":{"line":1342,"column":3},"end":{"line":1344,"column":4}},"417":{"start":{"line":1343,"column":4},"end":{"line":1343,"column":73}},"418":{"start":{"line":1347,"column":3},"end":{"line":1349,"column":4}},"419":{"start":{"line":1348,"column":4},"end":{"line":1348,"column":27}},"420":{"start":{"line":1356,"column":3},"end":{"line":1356,"column":45}},"421":{"start":{"line":1357,"column":3},"end":{"line":1357,"column":36}},"422":{"start":{"line":1358,"column":3},"end":{"line":1358,"column":27}},"423":{"start":{"line":1359,"column":3},"end":{"line":1362,"column":4}},"424":{"start":{"line":1360,"column":4},"end":{"line":1361,"column":35}},"425":{"start":{"line":1367,"column":3},"end":{"line":1369,"column":4}},"426":{"start":{"line":1368,"column":4},"end":{"line":1368,"column":33}},"427":{"start":{"line":1374,"column":3},"end":{"line":1376,"column":4}},"428":{"start":{"line":1375,"column":4},"end":{"line":1375,"column":33}},"429":{"start":{"line":1380,"column":3},"end":{"line":1380,"column":33}},"430":{"start":{"line":1381,"column":3},"end":{"line":1381,"column":35}},"431":{"start":{"line":1384,"column":2},"end":{"line":1417,"column":6}},"432":{"start":{"line":1385,"column":3},"end":{"line":1386,"column":53}},"433":{"start":{"line":1390,"column":15},"end":{"line":1390,"column":48}},"434":{"start":{"line":1391,"column":3},"end":{"line":1391,"column":42}},"435":{"start":{"line":1392,"column":3},"end":{"line":1392,"column":55}},"436":{"start":{"line":1396,"column":3},"end":{"line":1398,"column":4}},"437":{"start":{"line":1397,"column":4},"end":{"line":1397,"column":58}},"438":{"start":{"line":1402,"column":3},"end":{"line":1404,"column":4}},"439":{"start":{"line":1403,"column":4},"end":{"line":1403,"column":46}},"440":{"start":{"line":1408,"column":3},"end":{"line":1408,"column":45}},"441":{"start":{"line":1409,"column":3},"end":{"line":1411,"column":4}},"442":{"start":{"line":1410,"column":4},"end":{"line":1410,"column":46}},"443":{"start":{"line":1415,"column":3},"end":{"line":1415,"column":33}},"444":{"start":{"line":1416,"column":3},"end":{"line":1416,"column":28}},"445":{"start":{"line":1420,"column":1},"end":{"line":1437,"column":2}},"446":{"start":{"line":1426,"column":2},"end":{"line":1436,"column":6}},"447":{"start":{"line":1430,"column":3},"end":{"line":1430,"column":55}},"448":{"start":{"line":1434,"column":3},"end":{"line":1434,"column":35}},"449":{"start":{"line":1435,"column":3},"end":{"line":1435,"column":39}},"450":{"start":{"line":1439,"column":1},"end":{"line":1439,"column":69}},"451":{"start":{"line":1440,"column":1},"end":{"line":1440,"column":81}},"452":{"start":{"line":1444,"column":1},"end":{"line":1444,"column":62}},"453":{"start":{"line":1449,"column":1},"end":{"line":1468,"column":4}},"454":{"start":{"line":1451,"column":15},"end":{"line":1451,"column":55}},"455":{"start":{"line":1452,"column":10},"end":{"line":1452,"column":27}},"456":{"start":{"line":1453,"column":3},"end":{"line":1457,"column":7}},"457":{"start":{"line":1460,"column":3},"end":{"line":1466,"column":4}},"458":{"start":{"line":1461,"column":4},"end":{"line":1465,"column":5}},"459":{"start":{"line":1462,"column":5},"end":{"line":1464,"column":6}},"460":{"start":{"line":1463,"column":6},"end":{"line":1463,"column":18}},"461":{"start":{"line":1467,"column":3},"end":{"line":1467,"column":16}},"462":{"start":{"line":1474,"column":1},"end":{"line":1596,"column":3}},"463":{"start":{"line":1478,"column":2},"end":{"line":1481,"column":3}},"464":{"start":{"line":1479,"column":3},"end":{"line":1479,"column":23}},"465":{"start":{"line":1480,"column":3},"end":{"line":1480,"column":12}},"466":{"start":{"line":1484,"column":16},"end":{"line":1484,"column":71}},"467":{"start":{"line":1485,"column":2},"end":{"line":1487,"column":3}},"468":{"start":{"line":1486,"column":3},"end":{"line":1486,"column":18}},"469":{"start":{"line":1494,"column":2},"end":{"line":1498,"column":5}},"470":{"start":{"line":1501,"column":2},"end":{"line":1527,"column":3}},"471":{"start":{"line":1509,"column":3},"end":{"line":1512,"column":4}},"472":{"start":{"line":1511,"column":4},"end":{"line":1511,"column":14}},"473":{"start":{"line":1518,"column":3},"end":{"line":1521,"column":4}},"474":{"start":{"line":1520,"column":4},"end":{"line":1520,"column":13}},"475":{"start":{"line":1524,"column":3},"end":{"line":1526,"column":6}},"476":{"start":{"line":1529,"column":2},"end":{"line":1529,"column":30}},"477":{"start":{"line":1534,"column":2},"end":{"line":1537,"column":3}},"478":{"start":{"line":1535,"column":3},"end":{"line":1535,"column":23}},"479":{"start":{"line":1536,"column":3},"end":{"line":1536,"column":12}},"480":{"start":{"line":1540,"column":7},"end":{"line":1540,"column":8}},"481":{"start":{"line":1541,"column":9},"end":{"line":1541,"column":21}},"482":{"start":{"line":1542,"column":9},"end":{"line":1542,"column":21}},"483":{"start":{"line":1543,"column":8},"end":{"line":1543,"column":13}},"484":{"start":{"line":1544,"column":8},"end":{"line":1544,"column":13}},"485":{"start":{"line":1547,"column":2},"end":{"line":1565,"column":3}},"486":{"start":{"line":1553,"column":3},"end":{"line":1560,"column":6}},"487":{"start":{"line":1563,"column":9},"end":{"line":1565,"column":3}},"488":{"start":{"line":1564,"column":3},"end":{"line":1564,"column":31}},"489":{"start":{"line":1568,"column":2},"end":{"line":1568,"column":10}},"490":{"start":{"line":1569,"column":2},"end":{"line":1571,"column":3}},"491":{"start":{"line":1570,"column":3},"end":{"line":1570,"column":21}},"492":{"start":{"line":1572,"column":2},"end":{"line":1572,"column":10}},"493":{"start":{"line":1573,"column":2},"end":{"line":1575,"column":3}},"494":{"start":{"line":1574,"column":3},"end":{"line":1574,"column":21}},"495":{"start":{"line":1578,"column":2},"end":{"line":1580,"column":3}},"496":{"start":{"line":1579,"column":3},"end":{"line":1579,"column":7}},"497":{"start":{"line":1582,"column":2},"end":{"line":1595,"column":5}},"498":{"start":{"line":1598,"column":1},"end":{"line":1598,"column":17}},"499":{"start":{"line":1601,"column":0},"end":{"line":1603,"column":2}},"500":{"start":{"line":1602,"column":1},"end":{"line":1602,"column":45}},"501":{"start":{"line":1605,"column":0},"end":{"line":1630,"column":2}},"502":{"start":{"line":1606,"column":1},"end":{"line":1606,"column":21}},"503":{"start":{"line":1608,"column":1},"end":{"line":1627,"column":2}},"504":{"start":{"line":1613,"column":2},"end":{"line":1626,"column":3}},"505":{"start":{"line":1614,"column":13},"end":{"line":1614,"column":39}},"506":{"start":{"line":1617,"column":3},"end":{"line":1623,"column":4}},"507":{"start":{"line":1622,"column":4},"end":{"line":1622,"column":15}},"508":{"start":{"line":1625,"column":3},"end":{"line":1625,"column":40}},"509":{"start":{"line":1629,"column":1},"end":{"line":1629,"column":60}},"510":{"start":{"line":1632,"column":0},"end":{"line":1643,"column":2}},"511":{"start":{"line":1639,"column":1},"end":{"line":1641,"column":2}},"512":{"start":{"line":1640,"column":2},"end":{"line":1640,"column":25}},"513":{"start":{"line":1642,"column":1},"end":{"line":1642,"column":34}},"514":{"start":{"line":1645,"column":0},"end":{"line":1670,"column":2}},"515":{"start":{"line":1652,"column":1},"end":{"line":1654,"column":2}},"516":{"start":{"line":1653,"column":2},"end":{"line":1653,"column":22}},"517":{"start":{"line":1656,"column":10},"end":{"line":1656,"column":47}},"518":{"start":{"line":1659,"column":8},"end":{"line":1661,"column":12}},"519":{"start":{"line":1663,"column":1},"end":{"line":1669,"column":9}},"520":{"start":{"line":1672,"column":0},"end":{"line":1674,"column":2}},"521":{"start":{"line":1673,"column":1},"end":{"line":1673,"column":55}},"522":{"start":{"line":1676,"column":0},"end":{"line":1678,"column":2}},"523":{"start":{"line":1677,"column":1},"end":{"line":1677,"column":68}},"524":{"start":{"line":1684,"column":0},"end":{"line":1711,"column":2}},"525":{"start":{"line":1686,"column":15},"end":{"line":1686,"column":17}},"526":{"start":{"line":1687,"column":6},"end":{"line":1687,"column":7}},"527":{"start":{"line":1688,"column":6},"end":{"line":1688,"column":7}},"528":{"start":{"line":1691,"column":1},"end":{"line":1691,"column":42}},"529":{"start":{"line":1692,"column":1},"end":{"line":1692,"column":55}},"530":{"start":{"line":1693,"column":1},"end":{"line":1693,"column":27}},"531":{"start":{"line":1695,"column":1},"end":{"line":1704,"column":2}},"532":{"start":{"line":1696,"column":2},"end":{"line":1700,"column":3}},"533":{"start":{"line":1697,"column":3},"end":{"line":1699,"column":4}},"534":{"start":{"line":1698,"column":4},"end":{"line":1698,"column":29}},"535":{"start":{"line":1701,"column":2},"end":{"line":1703,"column":3}},"536":{"start":{"line":1702,"column":3},"end":{"line":1702,"column":40}},"537":{"start":{"line":1708,"column":1},"end":{"line":1708,"column":18}},"538":{"start":{"line":1710,"column":1},"end":{"line":1710,"column":16}},"539":{"start":{"line":1717,"column":0},"end":{"line":1751,"column":2}},"540":{"start":{"line":1719,"column":8},"end":{"line":1719,"column":10}},"541":{"start":{"line":1720,"column":6},"end":{"line":1720,"column":7}},"542":{"start":{"line":1721,"column":13},"end":{"line":1721,"column":26}},"543":{"start":{"line":1723,"column":1},"end":{"line":1746,"column":2}},"544":{"start":{"line":1726,"column":2},"end":{"line":1730,"column":3}},"545":{"start":{"line":1729,"column":3},"end":{"line":1729,"column":26}},"546":{"start":{"line":1731,"column":8},"end":{"line":1746,"column":2}},"547":{"start":{"line":1735,"column":2},"end":{"line":1743,"column":3}},"548":{"start":{"line":1736,"column":3},"end":{"line":1736,"column":27}},"549":{"start":{"line":1740,"column":3},"end":{"line":1742,"column":4}},"550":{"start":{"line":1741,"column":4},"end":{"line":1741,"column":27}},"551":{"start":{"line":1744,"column":8},"end":{"line":1746,"column":2}},"552":{"start":{"line":1745,"column":2},"end":{"line":1745,"column":24}},"553":{"start":{"line":1750,"column":1},"end":{"line":1750,"column":12}},"554":{"start":{"line":1753,"column":0},"end":{"line":2296,"column":2}},"555":{"start":{"line":1775,"column":3},"end":{"line":1775,"column":59}},"556":{"start":{"line":1778,"column":3},"end":{"line":1779,"column":55}},"557":{"start":{"line":1781,"column":3},"end":{"line":1783,"column":4}},"558":{"start":{"line":1782,"column":4},"end":{"line":1782,"column":40}},"559":{"start":{"line":1785,"column":3},"end":{"line":1785,"column":30}},"560":{"start":{"line":1800,"column":3},"end":{"line":1800,"column":41}},"561":{"start":{"line":1802,"column":3},"end":{"line":1819,"column":4}},"562":{"start":{"line":1805,"column":4},"end":{"line":1807,"column":5}},"563":{"start":{"line":1806,"column":5},"end":{"line":1806,"column":32}},"564":{"start":{"line":1811,"column":4},"end":{"line":1813,"column":61}},"565":{"start":{"line":1814,"column":4},"end":{"line":1814,"column":74}},"566":{"start":{"line":1817,"column":10},"end":{"line":1819,"column":4}},"567":{"start":{"line":1818,"column":4},"end":{"line":1818,"column":31}},"568":{"start":{"line":1821,"column":3},"end":{"line":1821,"column":16}},"569":{"start":{"line":1826,"column":15},"end":{"line":1826,"column":40}},"570":{"start":{"line":1828,"column":3},"end":{"line":1830,"column":4}},"571":{"start":{"line":1829,"column":4},"end":{"line":1829,"column":16}},"572":{"start":{"line":1833,"column":3},"end":{"line":1848,"column":4}},"573":{"start":{"line":1834,"column":4},"end":{"line":1834,"column":48}},"574":{"start":{"line":1837,"column":10},"end":{"line":1848,"column":4}},"575":{"start":{"line":1846,"column":4},"end":{"line":1846,"column":47}},"576":{"start":{"line":1847,"column":4},"end":{"line":1847,"column":45}},"577":{"start":{"line":1851,"column":3},"end":{"line":1851,"column":30}},"578":{"start":{"line":1858,"column":18},"end":{"line":1858,"column":80}},"579":{"start":{"line":1859,"column":3},"end":{"line":1865,"column":6}},"580":{"start":{"line":1861,"column":5},"end":{"line":1861,"column":17}},"581":{"start":{"line":1864,"column":5},"end":{"line":1864,"column":70}},"582":{"start":{"line":1869,"column":17},"end":{"line":1869,"column":46}},"583":{"start":{"line":1871,"column":3},"end":{"line":1881,"column":8}},"584":{"start":{"line":1875,"column":7},"end":{"line":1880,"column":9}},"585":{"start":{"line":1885,"column":3},"end":{"line":1909,"column":5}},"586":{"start":{"line":1886,"column":17},"end":{"line":1886,"column":42}},"587":{"start":{"line":1888,"column":4},"end":{"line":1890,"column":5}},"588":{"start":{"line":1889,"column":5},"end":{"line":1889,"column":30}},"589":{"start":{"line":1891,"column":4},"end":{"line":1893,"column":5}},"590":{"start":{"line":1892,"column":5},"end":{"line":1892,"column":17}},"591":{"start":{"line":1895,"column":4},"end":{"line":1895,"column":17}},"592":{"start":{"line":1899,"column":4},"end":{"line":1906,"column":11}},"593":{"start":{"line":1913,"column":16},"end":{"line":1913,"column":44}},"594":{"start":{"line":1914,"column":14},"end":{"line":1914,"column":41}},"595":{"start":{"line":1915,"column":13},"end":{"line":1915,"column":31}},"596":{"start":{"line":1917,"column":3},"end":{"line":2043,"column":6}},"597":{"start":{"line":1921,"column":5},"end":{"line":1921,"column":30}},"598":{"start":{"line":1926,"column":12},"end":{"line":1926,"column":66}},"599":{"start":{"line":1927,"column":15},"end":{"line":1927,"column":30}},"600":{"start":{"line":1928,"column":13},"end":{"line":1928,"column":50}},"601":{"start":{"line":1929,"column":17},"end":{"line":1929,"column":32}},"602":{"start":{"line":1930,"column":13},"end":{"line":1930,"column":18}},"603":{"start":{"line":1932,"column":5},"end":{"line":2042,"column":6}},"604":{"start":{"line":1935,"column":6},"end":{"line":1951,"column":7}},"605":{"start":{"line":1936,"column":7},"end":{"line":1949,"column":8}},"606":{"start":{"line":1937,"column":8},"end":{"line":1937,"column":20}},"607":{"start":{"line":1938,"column":8},"end":{"line":1945,"column":9}},"608":{"start":{"line":1939,"column":9},"end":{"line":1944,"column":10}},"609":{"start":{"line":1943,"column":10},"end":{"line":1943,"column":23}},"610":{"start":{"line":1948,"column":8},"end":{"line":1948,"column":65}},"611":{"start":{"line":1950,"column":7},"end":{"line":1950,"column":19}},"612":{"start":{"line":1953,"column":6},"end":{"line":1953,"column":65}},"613":{"start":{"line":1956,"column":6},"end":{"line":2037,"column":7}},"614":{"start":{"line":1961,"column":7},"end":{"line":1961,"column":21}},"615":{"start":{"line":1962,"column":7},"end":{"line":1962,"column":64}},"616":{"start":{"line":1966,"column":7},"end":{"line":1967,"column":45}},"617":{"start":{"line":1969,"column":7},"end":{"line":1969,"column":41}},"618":{"start":{"line":1970,"column":7},"end":{"line":1970,"column":56}},"619":{"start":{"line":1971,"column":7},"end":{"line":1971,"column":38}},"620":{"start":{"line":1972,"column":7},"end":{"line":1972,"column":58}},"621":{"start":{"line":1974,"column":7},"end":{"line":1984,"column":8}},"622":{"start":{"line":1980,"column":8},"end":{"line":1983,"column":9}},"623":{"start":{"line":1981,"column":9},"end":{"line":1981,"column":60}},"624":{"start":{"line":1982,"column":9},"end":{"line":1982,"column":15}},"625":{"start":{"line":1989,"column":7},"end":{"line":2003,"column":8}},"626":{"start":{"line":1992,"column":8},"end":{"line":1992,"column":20}},"627":{"start":{"line":1993,"column":8},"end":{"line":1993,"column":65}},"628":{"start":{"line":1997,"column":8},"end":{"line":1998,"column":46}},"629":{"start":{"line":2000,"column":8},"end":{"line":2000,"column":42}},"630":{"start":{"line":2001,"column":8},"end":{"line":2001,"column":57}},"631":{"start":{"line":2002,"column":8},"end":{"line":2002,"column":25}},"632":{"start":{"line":2007,"column":7},"end":{"line":2036,"column":8}},"633":{"start":{"line":2010,"column":8},"end":{"line":2035,"column":9}},"634":{"start":{"line":2013,"column":9},"end":{"line":2034,"column":10}},"635":{"start":{"line":2019,"column":10},"end":{"line":2029,"column":11}},"636":{"start":{"line":2020,"column":11},"end":{"line":2021,"column":37}},"637":{"start":{"line":2025,"column":11},"end":{"line":2026,"column":49}},"638":{"start":{"line":2028,"column":11},"end":{"line":2028,"column":51}},"639":{"start":{"line":2031,"column":10},"end":{"line":2033,"column":11}},"640":{"start":{"line":2032,"column":11},"end":{"line":2032,"column":17}},"641":{"start":{"line":2040,"column":6},"end":{"line":2040,"column":19}},"642":{"start":{"line":2041,"column":6},"end":{"line":2041,"column":75}},"643":{"start":{"line":2053,"column":9},"end":{"line":2054,"column":52}},"644":{"start":{"line":2059,"column":3},"end":{"line":2061,"column":4}},"645":{"start":{"line":2060,"column":4},"end":{"line":2060,"column":26}},"646":{"start":{"line":2064,"column":3},"end":{"line":2079,"column":4}},"647":{"start":{"line":2065,"column":4},"end":{"line":2065,"column":44}},"648":{"start":{"line":2066,"column":4},"end":{"line":2078,"column":7}},"649":{"start":{"line":2069,"column":17},"end":{"line":2069,"column":37}},"650":{"start":{"line":2070,"column":11},"end":{"line":2070,"column":25}},"651":{"start":{"line":2071,"column":6},"end":{"line":2074,"column":7}},"652":{"start":{"line":2072,"column":7},"end":{"line":2072,"column":43}},"653":{"start":{"line":2073,"column":7},"end":{"line":2073,"column":56}},"654":{"start":{"line":2077,"column":6},"end":{"line":2077,"column":33}},"655":{"start":{"line":2081,"column":3},"end":{"line":2081,"column":13}},"656":{"start":{"line":2093,"column":15},"end":{"line":2093,"column":17}},"657":{"start":{"line":2094,"column":14},"end":{"line":2094,"column":16}},"658":{"start":{"line":2095,"column":14},"end":{"line":2095,"column":56}},"659":{"start":{"line":2097,"column":3},"end":{"line":2117,"column":6}},"660":{"start":{"line":2100,"column":18},"end":{"line":2100,"column":48}},"661":{"start":{"line":2101,"column":10},"end":{"line":2101,"column":21}},"662":{"start":{"line":2104,"column":5},"end":{"line":2108,"column":6}},"663":{"start":{"line":2105,"column":6},"end":{"line":2107,"column":7}},"664":{"start":{"line":2106,"column":7},"end":{"line":2106,"column":44}},"665":{"start":{"line":2111,"column":5},"end":{"line":2111,"column":23}},"666":{"start":{"line":2112,"column":5},"end":{"line":2112,"column":42}},"667":{"start":{"line":2115,"column":5},"end":{"line":2115,"column":23}},"668":{"start":{"line":2116,"column":5},"end":{"line":2116,"column":27}},"669":{"start":{"line":2121,"column":3},"end":{"line":2123,"column":5}},"670":{"start":{"line":2122,"column":4},"end":{"line":2122,"column":47}},"671":{"start":{"line":2127,"column":3},"end":{"line":2127,"column":47}},"672":{"start":{"line":2128,"column":3},"end":{"line":2130,"column":5}},"673":{"start":{"line":2129,"column":4},"end":{"line":2129,"column":72}},"674":{"start":{"line":2143,"column":3},"end":{"line":2145,"column":4}},"675":{"start":{"line":2144,"column":4},"end":{"line":2144,"column":48}},"676":{"start":{"line":2146,"column":3},"end":{"line":2146,"column":61}},"677":{"start":{"line":2147,"column":3},"end":{"line":2159,"column":5}},"678":{"start":{"line":2149,"column":4},"end":{"line":2157,"column":66}},"679":{"start":{"line":2150,"column":5},"end":{"line":2156,"column":6}},"680":{"start":{"line":2154,"column":6},"end":{"line":2154,"column":40}},"681":{"start":{"line":2155,"column":6},"end":{"line":2155,"column":71}},"682":{"start":{"line":2158,"column":4},"end":{"line":2158,"column":17}},"683":{"start":{"line":2164,"column":14},"end":{"line":2164,"column":53}},"684":{"start":{"line":2165,"column":3},"end":{"line":2165,"column":46}},"685":{"start":{"line":2169,"column":3},"end":{"line":2169,"column":27}},"686":{"start":{"line":2173,"column":3},"end":{"line":2175,"column":51}},"687":{"start":{"line":2186,"column":18},"end":{"line":2186,"column":45}},"688":{"start":{"line":2187,"column":3},"end":{"line":2188,"column":49}},"689":{"start":{"line":2195,"column":3},"end":{"line":2198,"column":4}},"690":{"start":{"line":2197,"column":4},"end":{"line":2197,"column":34}},"691":{"start":{"line":2200,"column":3},"end":{"line":2200,"column":33}},"692":{"start":{"line":2210,"column":3},"end":{"line":2214,"column":4}},"693":{"start":{"line":2211,"column":4},"end":{"line":2213,"column":5}},"694":{"start":{"line":2212,"column":5},"end":{"line":2212,"column":18}},"695":{"start":{"line":2215,"column":3},"end":{"line":2215,"column":15}},"696":{"start":{"line":2219,"column":3},"end":{"line":2219,"column":43}},"697":{"start":{"line":2224,"column":3},"end":{"line":2224,"column":40}},"698":{"start":{"line":2228,"column":3},"end":{"line":2228,"column":40}},"699":{"start":{"line":2232,"column":14},"end":{"line":2232,"column":41}},"700":{"start":{"line":2233,"column":3},"end":{"line":2233,"column":74}},"701":{"start":{"line":2238,"column":3},"end":{"line":2244,"column":37}},"702":{"start":{"line":2249,"column":3},"end":{"line":2249,"column":16}},"703":{"start":{"line":2253,"column":3},"end":{"line":2253,"column":25}},"704":{"start":{"line":2257,"column":3},"end":{"line":2257,"column":58}},"705":{"start":{"line":2261,"column":11},"end":{"line":2261,"column":12}},"706":{"start":{"line":2262,"column":3},"end":{"line":2264,"column":4}},"707":{"start":{"line":2263,"column":4},"end":{"line":2263,"column":27}},"708":{"start":{"line":2265,"column":3},"end":{"line":2265,"column":23}},"709":{"start":{"line":2269,"column":11},"end":{"line":2269,"column":12}},"710":{"start":{"line":2270,"column":3},"end":{"line":2272,"column":4}},"711":{"start":{"line":2271,"column":4},"end":{"line":2271,"column":27}},"712":{"start":{"line":2273,"column":3},"end":{"line":2273,"column":23}},"713":{"start":{"line":2277,"column":11},"end":{"line":2281,"column":13}},"714":{"start":{"line":2282,"column":3},"end":{"line":2284,"column":4}},"715":{"start":{"line":2283,"column":4},"end":{"line":2283,"column":27}},"716":{"start":{"line":2285,"column":3},"end":{"line":2285,"column":23}},"717":{"start":{"line":2289,"column":11},"end":{"line":2289,"column":54}},"718":{"start":{"line":2290,"column":3},"end":{"line":2292,"column":4}},"719":{"start":{"line":2291,"column":4},"end":{"line":2291,"column":27}},"720":{"start":{"line":2293,"column":3},"end":{"line":2293,"column":23}},"721":{"start":{"line":2298,"column":0},"end":{"line":2298,"column":45}},"722":{"start":{"line":2301,"column":0},"end":{"line":2303,"column":1}},"723":{"start":{"line":2302,"column":1},"end":{"line":2302,"column":44}},"724":{"start":{"line":2304,"column":0},"end":{"line":2306,"column":1}},"725":{"start":{"line":2305,"column":1},"end":{"line":2305,"column":45}},"726":{"start":{"line":2310,"column":0},"end":{"line":2310,"column":51}},"727":{"start":{"line":2311,"column":0},"end":{"line":2311,"column":35}},"728":{"start":{"line":2313,"column":0},"end":{"line":2381,"column":2}},"729":{"start":{"line":2316,"column":11},"end":{"line":2316,"column":39}},"730":{"start":{"line":2318,"column":1},"end":{"line":2320,"column":2}},"731":{"start":{"line":2319,"column":2},"end":{"line":2319,"column":43}},"732":{"start":{"line":2322,"column":1},"end":{"line":2322,"column":18}},"733":{"start":{"line":2323,"column":1},"end":{"line":2323,"column":13}},"734":{"start":{"line":2324,"column":1},"end":{"line":2324,"column":29}},"735":{"start":{"line":2326,"column":1},"end":{"line":2369,"column":2}},"736":{"start":{"line":2329,"column":2},"end":{"line":2336,"column":3}},"737":{"start":{"line":2330,"column":3},"end":{"line":2334,"column":4}},"738":{"start":{"line":2333,"column":4},"end":{"line":2333,"column":54}},"739":{"start":{"line":2335,"column":3},"end":{"line":2335,"column":34}},"740":{"start":{"line":2338,"column":2},"end":{"line":2338,"column":18}},"741":{"start":{"line":2341,"column":2},"end":{"line":2350,"column":3}},"742":{"start":{"line":2342,"column":3},"end":{"line":2342,"column":27}},"743":{"start":{"line":2343,"column":3},"end":{"line":2348,"column":7}},"744":{"start":{"line":2349,"column":3},"end":{"line":2349,"column":41}},"745":{"start":{"line":2353,"column":2},"end":{"line":2364,"column":3}},"746":{"start":{"line":2354,"column":3},"end":{"line":2363,"column":4}},"747":{"start":{"line":2356,"column":4},"end":{"line":2356,"column":28}},"748":{"start":{"line":2357,"column":4},"end":{"line":2361,"column":8}},"749":{"start":{"line":2362,"column":4},"end":{"line":2362,"column":42}},"750":{"start":{"line":2366,"column":2},"end":{"line":2368,"column":3}},"751":{"start":{"line":2367,"column":3},"end":{"line":2367,"column":9}},"752":{"start":{"line":2374,"column":1},"end":{"line":2380,"column":45}},"753":{"start":{"line":2384,"column":9},"end":{"line":2384,"column":10}},"754":{"start":{"line":2385,"column":8},"end":{"line":2385,"column":21}},"755":{"start":{"line":2386,"column":13},"end":{"line":2386,"column":15}},"756":{"start":{"line":2387,"column":1},"end":{"line":2389,"column":2}},"757":{"start":{"line":2388,"column":2},"end":{"line":2388,"column":32}},"758":{"start":{"line":2390,"column":1},"end":{"line":2390,"column":17}},"759":{"start":{"line":2394,"column":11},"end":{"line":2394,"column":25}},"760":{"start":{"line":2395,"column":9},"end":{"line":2395,"column":24}},"761":{"start":{"line":2396,"column":8},"end":{"line":2396,"column":19}},"762":{"start":{"line":2397,"column":21},"end":{"line":2397,"column":49}},"763":{"start":{"line":2398,"column":13},"end":{"line":2398,"column":19}},"764":{"start":{"line":2400,"column":1},"end":{"line":2457,"column":4}},"765":{"start":{"line":2404,"column":3},"end":{"line":2408,"column":4}},"766":{"start":{"line":2405,"column":4},"end":{"line":2407,"column":5}},"767":{"start":{"line":2406,"column":5},"end":{"line":2406,"column":42}},"768":{"start":{"line":2409,"column":3},"end":{"line":2409,"column":16}},"769":{"start":{"line":2415,"column":15},"end":{"line":2415,"column":36}},"770":{"start":{"line":2418,"column":3},"end":{"line":2455,"column":4}},"771":{"start":{"line":2419,"column":4},"end":{"line":2425,"column":5}},"772":{"start":{"line":2420,"column":5},"end":{"line":2424,"column":6}},"773":{"start":{"line":2421,"column":6},"end":{"line":2423,"column":7}},"774":{"start":{"line":2422,"column":7},"end":{"line":2422,"column":19}},"775":{"start":{"line":2427,"column":4},"end":{"line":2454,"column":5}},"776":{"start":{"line":2428,"column":5},"end":{"line":2453,"column":6}},"777":{"start":{"line":2429,"column":6},"end":{"line":2429,"column":63}},"778":{"start":{"line":2433,"column":6},"end":{"line":2434,"column":44}},"779":{"start":{"line":2436,"column":6},"end":{"line":2452,"column":7}},"780":{"start":{"line":2437,"column":7},"end":{"line":2437,"column":34}},"781":{"start":{"line":2438,"column":13},"end":{"line":2452,"column":7}},"782":{"start":{"line":2442,"column":7},"end":{"line":2442,"column":48}},"783":{"start":{"line":2446,"column":7},"end":{"line":2446,"column":37}},"784":{"start":{"line":2449,"column":7},"end":{"line":2451,"column":8}},"785":{"start":{"line":2450,"column":8},"end":{"line":2450,"column":20}},"786":{"start":{"line":2456,"column":3},"end":{"line":2456,"column":16}},"787":{"start":{"line":2461,"column":1},"end":{"line":2471,"column":16}},"788":{"start":{"line":2463,"column":11},"end":{"line":2463,"column":26}},"789":{"start":{"line":2464,"column":3},"end":{"line":2468,"column":4}},"790":{"start":{"line":2465,"column":4},"end":{"line":2467,"column":5}},"791":{"start":{"line":2466,"column":5},"end":{"line":2466,"column":18}},"792":{"start":{"line":2469,"column":3},"end":{"line":2469,"column":15}},"793":{"start":{"line":2475,"column":9},"end":{"line":2475,"column":10}},"794":{"start":{"line":2476,"column":8},"end":{"line":2476,"column":23}},"795":{"start":{"line":2477,"column":1},"end":{"line":2479,"column":2}},"796":{"start":{"line":2478,"column":2},"end":{"line":2478,"column":45}},"797":{"start":{"line":2480,"column":1},"end":{"line":2480,"column":16}},"798":{"start":{"line":2485,"column":17},"end":{"line":2485,"column":19}},"799":{"start":{"line":2486,"column":6},"end":{"line":2486,"column":7}},"800":{"start":{"line":2487,"column":8},"end":{"line":2487,"column":24}},"801":{"start":{"line":2488,"column":11},"end":{"line":2488,"column":22}},"802":{"start":{"line":2490,"column":1},"end":{"line":2499,"column":2}},"803":{"start":{"line":2491,"column":2},"end":{"line":2498,"column":3}},"804":{"start":{"line":2492,"column":3},"end":{"line":2497,"column":4}},"805":{"start":{"line":2493,"column":4},"end":{"line":2493,"column":30}},"806":{"start":{"line":2494,"column":4},"end":{"line":2496,"column":5}},"807":{"start":{"line":2495,"column":5},"end":{"line":2495,"column":19}},"808":{"start":{"line":2501,"column":1},"end":{"line":2501,"column":21}},"809":{"start":{"line":2505,"column":1},"end":{"line":2507,"column":2}},"810":{"start":{"line":2506,"column":2},"end":{"line":2506,"column":40}},"811":{"start":{"line":2508,"column":1},"end":{"line":2510,"column":2}},"812":{"start":{"line":2509,"column":2},"end":{"line":2509,"column":54}},"813":{"start":{"line":2511,"column":1},"end":{"line":2601,"column":5}},"814":{"start":{"line":2513,"column":12},"end":{"line":2513,"column":14}},"815":{"start":{"line":2514,"column":13},"end":{"line":2514,"column":15}},"816":{"start":{"line":2515,"column":17},"end":{"line":2515,"column":31}},"817":{"start":{"line":2518,"column":11},"end":{"line":2522,"column":4}},"818":{"start":{"line":2525,"column":15},"end":{"line":2527,"column":9}},"819":{"start":{"line":2529,"column":16},"end":{"line":2539,"column":13}},"820":{"start":{"line":2542,"column":2},"end":{"line":2544,"column":3}},"821":{"start":{"line":2543,"column":3},"end":{"line":2543,"column":50}},"822":{"start":{"line":2547,"column":2},"end":{"line":2558,"column":3}},"823":{"start":{"line":2548,"column":3},"end":{"line":2548,"column":42}},"824":{"start":{"line":2549,"column":3},"end":{"line":2549,"column":40}},"825":{"start":{"line":2552,"column":3},"end":{"line":2552,"column":19}},"826":{"start":{"line":2553,"column":3},"end":{"line":2557,"column":4}},"827":{"start":{"line":2554,"column":4},"end":{"line":2556,"column":5}},"828":{"start":{"line":2555,"column":5},"end":{"line":2555,"column":72}},"829":{"start":{"line":2560,"column":2},"end":{"line":2600,"column":3}},"830":{"start":{"line":2561,"column":3},"end":{"line":2586,"column":4}},"831":{"start":{"line":2562,"column":4},"end":{"line":2575,"column":5}},"832":{"start":{"line":2565,"column":5},"end":{"line":2565,"column":15}},"833":{"start":{"line":2566,"column":5},"end":{"line":2566,"column":27}},"834":{"start":{"line":2567,"column":5},"end":{"line":2573,"column":6}},"835":{"start":{"line":2568,"column":6},"end":{"line":2572,"column":7}},"836":{"start":{"line":2571,"column":7},"end":{"line":2571,"column":46}},"837":{"start":{"line":2574,"column":5},"end":{"line":2574,"column":56}},"838":{"start":{"line":2578,"column":4},"end":{"line":2578,"column":26}},"839":{"start":{"line":2579,"column":4},"end":{"line":2585,"column":5}},"840":{"start":{"line":2580,"column":5},"end":{"line":2584,"column":6}},"841":{"start":{"line":2583,"column":6},"end":{"line":2583,"column":49}},"842":{"start":{"line":2590,"column":3},"end":{"line":2594,"column":5}},"843":{"start":{"line":2595,"column":3},"end":{"line":2599,"column":4}},"844":{"start":{"line":2596,"column":4},"end":{"line":2596,"column":49}},"845":{"start":{"line":2598,"column":4},"end":{"line":2598,"column":38}},"846":{"start":{"line":2606,"column":8},"end":{"line":2606,"column":21}},"847":{"start":{"line":2607,"column":20},"end":{"line":2607,"column":53}},"848":{"start":{"line":2608,"column":21},"end":{"line":2608,"column":60}},"849":{"start":{"line":2609,"column":6},"end":{"line":2609,"column":29}},"850":{"start":{"line":2612,"column":17},"end":{"line":2614,"column":29}},"851":{"start":{"line":2613,"column":3},"end":{"line":2613,"column":32}},"852":{"start":{"line":2615,"column":20},"end":{"line":2617,"column":29}},"853":{"start":{"line":2616,"column":3},"end":{"line":2616,"column":45}},"854":{"start":{"line":2618,"column":13},"end":{"line":2627,"column":5}},"855":{"start":{"line":2619,"column":13},"end":{"line":2622,"column":44}},"856":{"start":{"line":2625,"column":3},"end":{"line":2625,"column":23}},"857":{"start":{"line":2626,"column":3},"end":{"line":2626,"column":14}},"858":{"start":{"line":2629,"column":1},"end":{"line":2662,"column":2}},"859":{"start":{"line":2630,"column":2},"end":{"line":2661,"column":3}},"860":{"start":{"line":2631,"column":3},"end":{"line":2631,"column":71}},"861":{"start":{"line":2633,"column":3},"end":{"line":2633,"column":80}},"862":{"start":{"line":2636,"column":3},"end":{"line":2659,"column":4}},"863":{"start":{"line":2639,"column":4},"end":{"line":2639,"column":12}},"864":{"start":{"line":2640,"column":4},"end":{"line":2644,"column":5}},"865":{"start":{"line":2641,"column":5},"end":{"line":2643,"column":6}},"866":{"start":{"line":2642,"column":6},"end":{"line":2642,"column":12}},"867":{"start":{"line":2645,"column":4},"end":{"line":2658,"column":6}},"868":{"start":{"line":2660,"column":3},"end":{"line":2660,"column":28}},"869":{"start":{"line":2664,"column":1},"end":{"line":2664,"column":35}},"870":{"start":{"line":2668,"column":13},"end":{"line":2668,"column":35}},"871":{"start":{"line":2669,"column":14},"end":{"line":2669,"column":40}},"872":{"start":{"line":2670,"column":17},"end":{"line":2785,"column":3}},"873":{"start":{"line":2672,"column":19},"end":{"line":2672,"column":20}},"874":{"start":{"line":2673,"column":8},"end":{"line":2673,"column":11}},"875":{"start":{"line":2674,"column":16},"end":{"line":2674,"column":26}},"876":{"start":{"line":2675,"column":17},"end":{"line":2675,"column":19}},"877":{"start":{"line":2676,"column":20},"end":{"line":2676,"column":36}},"878":{"start":{"line":2679,"column":12},"end":{"line":2679,"column":69}},"879":{"start":{"line":2682,"column":22},"end":{"line":2682,"column":81}},"880":{"start":{"line":2683,"column":10},"end":{"line":2683,"column":22}},"881":{"start":{"line":2685,"column":3},"end":{"line":2692,"column":4}},"882":{"start":{"line":2691,"column":4},"end":{"line":2691,"column":67}},"883":{"start":{"line":2697,"column":3},"end":{"line":2733,"column":4}},"884":{"start":{"line":2698,"column":4},"end":{"line":2718,"column":5}},"885":{"start":{"line":2699,"column":5},"end":{"line":2699,"column":11}},"886":{"start":{"line":2705,"column":5},"end":{"line":2708,"column":6}},"887":{"start":{"line":2706,"column":6},"end":{"line":2706,"column":26}},"888":{"start":{"line":2707,"column":6},"end":{"line":2707,"column":28}},"889":{"start":{"line":2709,"column":5},"end":{"line":2714,"column":6}},"890":{"start":{"line":2710,"column":6},"end":{"line":2713,"column":7}},"891":{"start":{"line":2711,"column":7},"end":{"line":2711,"column":28}},"892":{"start":{"line":2712,"column":7},"end":{"line":2712,"column":13}},"893":{"start":{"line":2715,"column":5},"end":{"line":2717,"column":6}},"894":{"start":{"line":2716,"column":6},"end":{"line":2716,"column":30}},"895":{"start":{"line":2721,"column":4},"end":{"line":2732,"column":5}},"896":{"start":{"line":2724,"column":5},"end":{"line":2726,"column":6}},"897":{"start":{"line":2725,"column":6},"end":{"line":2725,"column":21}},"898":{"start":{"line":2729,"column":5},"end":{"line":2731,"column":6}},"899":{"start":{"line":2730,"column":6},"end":{"line":2730,"column":29}},"900":{"start":{"line":2737,"column":3},"end":{"line":2737,"column":21}},"901":{"start":{"line":2746,"column":3},"end":{"line":2776,"column":4}},"902":{"start":{"line":2747,"column":4},"end":{"line":2747,"column":10}},"903":{"start":{"line":2748,"column":4},"end":{"line":2750,"column":5}},"904":{"start":{"line":2749,"column":5},"end":{"line":2749,"column":52}},"905":{"start":{"line":2752,"column":4},"end":{"line":2765,"column":5}},"906":{"start":{"line":2755,"column":5},"end":{"line":2761,"column":6}},"907":{"start":{"line":2756,"column":6},"end":{"line":2760,"column":7}},"908":{"start":{"line":2757,"column":7},"end":{"line":2759,"column":8}},"909":{"start":{"line":2758,"column":8},"end":{"line":2758,"column":46}},"910":{"start":{"line":2764,"column":5},"end":{"line":2764,"column":41}},"911":{"start":{"line":2768,"column":4},"end":{"line":2768,"column":38}},"912":{"start":{"line":2771,"column":4},"end":{"line":2775,"column":5}},"913":{"start":{"line":2774,"column":5},"end":{"line":2774,"column":34}},"914":{"start":{"line":2779,"column":3},"end":{"line":2782,"column":4}},"915":{"start":{"line":2780,"column":4},"end":{"line":2780,"column":28}},"916":{"start":{"line":2781,"column":4},"end":{"line":2781,"column":37}},"917":{"start":{"line":2784,"column":3},"end":{"line":2784,"column":20}},"918":{"start":{"line":2787,"column":1},"end":{"line":2789,"column":15}},"919":{"start":{"line":2792,"column":0},"end":{"line":2824,"column":2}},"920":{"start":{"line":2794,"column":16},"end":{"line":2794,"column":18}},"921":{"start":{"line":2795,"column":20},"end":{"line":2795,"column":22}},"922":{"start":{"line":2796,"column":11},"end":{"line":2796,"column":42}},"923":{"start":{"line":2798,"column":1},"end":{"line":2822,"column":2}},"924":{"start":{"line":2801,"column":2},"end":{"line":2803,"column":3}},"925":{"start":{"line":2802,"column":3},"end":{"line":2802,"column":32}},"926":{"start":{"line":2804,"column":2},"end":{"line":2804,"column":19}},"927":{"start":{"line":2805,"column":2},"end":{"line":2812,"column":3}},"928":{"start":{"line":2806,"column":3},"end":{"line":2806,"column":44}},"929":{"start":{"line":2807,"column":3},"end":{"line":2811,"column":4}},"930":{"start":{"line":2808,"column":4},"end":{"line":2808,"column":31}},"931":{"start":{"line":2810,"column":4},"end":{"line":2810,"column":35}},"932":{"start":{"line":2815,"column":2},"end":{"line":2818,"column":4}},"933":{"start":{"line":2821,"column":2},"end":{"line":2821,"column":29}},"934":{"start":{"line":2823,"column":1},"end":{"line":2823,"column":15}},"935":{"start":{"line":2835,"column":0},"end":{"line":2906,"column":2}},"936":{"start":{"line":2837,"column":13},"end":{"line":2837,"column":55}},"937":{"start":{"line":2838,"column":10},"end":{"line":2838,"column":75}},"938":{"start":{"line":2840,"column":1},"end":{"line":2840,"column":25}},"939":{"start":{"line":2844,"column":1},"end":{"line":2894,"column":2}},"940":{"start":{"line":2847,"column":2},"end":{"line":2847,"column":46}},"941":{"start":{"line":2848,"column":2},"end":{"line":2862,"column":3}},"942":{"start":{"line":2851,"column":3},"end":{"line":2852,"column":61}},"943":{"start":{"line":2853,"column":3},"end":{"line":2859,"column":4}},"944":{"start":{"line":2854,"column":4},"end":{"line":2854,"column":19}},"945":{"start":{"line":2857,"column":10},"end":{"line":2859,"column":4}},"946":{"start":{"line":2858,"column":4},"end":{"line":2858,"column":33}},"947":{"start":{"line":2861,"column":3},"end":{"line":2861,"column":60}},"948":{"start":{"line":2865,"column":2},"end":{"line":2865,"column":71}},"949":{"start":{"line":2866,"column":2},"end":{"line":2893,"column":3}},"950":{"start":{"line":2867,"column":3},"end":{"line":2867,"column":23}},"951":{"start":{"line":2870,"column":3},"end":{"line":2872,"column":4}},"952":{"start":{"line":2871,"column":4},"end":{"line":2871,"column":10}},"953":{"start":{"line":2873,"column":3},"end":{"line":2892,"column":4}},"954":{"start":{"line":2876,"column":4},"end":{"line":2891,"column":5}},"955":{"start":{"line":2883,"column":5},"end":{"line":2883,"column":27}},"956":{"start":{"line":2884,"column":5},"end":{"line":2884,"column":52}},"957":{"start":{"line":2885,"column":5},"end":{"line":2888,"column":6}},"958":{"start":{"line":2886,"column":6},"end":{"line":2886,"column":34}},"959":{"start":{"line":2887,"column":6},"end":{"line":2887,"column":21}},"960":{"start":{"line":2890,"column":5},"end":{"line":2890,"column":11}},"961":{"start":{"line":2898,"column":1},"end":{"line":2904,"column":3}},"962":{"start":{"line":2905,"column":1},"end":{"line":2905,"column":16}},"963":{"start":{"line":2911,"column":0},"end":{"line":2911,"column":82}},"964":{"start":{"line":2915,"column":0},"end":{"line":2915,"column":42}},"965":{"start":{"line":2918,"column":0},"end":{"line":2918,"column":14}},"966":{"start":{"line":2922,"column":0},"end":{"line":2926,"column":4}},"967":{"start":{"line":2925,"column":1},"end":{"line":2925,"column":79}},"968":{"start":{"line":2931,"column":0},"end":{"line":2940,"column":1}},"969":{"start":{"line":2932,"column":1},"end":{"line":2932,"column":35}},"970":{"start":{"line":2933,"column":1},"end":{"line":2933,"column":53}},"971":{"start":{"line":2935,"column":1},"end":{"line":2939,"column":5}},"972":{"start":{"line":2936,"column":2},"end":{"line":2938,"column":3}},"973":{"start":{"line":2937,"column":3},"end":{"line":2937,"column":75}},"974":{"start":{"line":2944,"column":0},"end":{"line":2954,"column":1}},"975":{"start":{"line":2945,"column":1},"end":{"line":2945,"column":27}},"976":{"start":{"line":2946,"column":1},"end":{"line":2946,"column":43}},"977":{"start":{"line":2947,"column":1},"end":{"line":2947,"column":53}},"978":{"start":{"line":2949,"column":1},"end":{"line":2953,"column":5}},"979":{"start":{"line":2950,"column":2},"end":{"line":2952,"column":3}},"980":{"start":{"line":2951,"column":3},"end":{"line":2951,"column":28}},"981":{"start":{"line":2958,"column":0},"end":{"line":2970,"column":1}},"982":{"start":{"line":2959,"column":1},"end":{"line":2959,"column":46}},"983":{"start":{"line":2961,"column":1},"end":{"line":2969,"column":5}},"984":{"start":{"line":2963,"column":2},"end":{"line":2968,"column":3}},"985":{"start":{"line":2964,"column":3},"end":{"line":2967,"column":10}},"986":{"start":{"line":2972,"column":0},"end":{"line":2972,"column":14}},"987":{"start":{"line":2978,"column":0},"end":{"line":2978,"column":21}},"988":{"start":{"line":2979,"column":0},"end":{"line":2979,"column":31}},"989":{"start":{"line":2982,"column":0},"end":{"line":2982,"column":41}},"990":{"start":{"line":2983,"column":0},"end":{"line":2983,"column":54}},"991":{"start":{"line":2984,"column":0},"end":{"line":2984,"column":29}},"992":{"start":{"line":2985,"column":0},"end":{"line":2985,"column":31}},"993":{"start":{"line":2986,"column":0},"end":{"line":2986,"column":34}},"994":{"start":{"line":2987,"column":0},"end":{"line":2987,"column":38}},"995":{"start":{"line":2992,"column":10},"end":{"line":3005,"column":1}},"996":{"start":{"line":2993,"column":15},"end":{"line":2993,"column":17}},"997":{"start":{"line":2994,"column":13},"end":{"line":2994,"column":32}},"998":{"start":{"line":2996,"column":1},"end":{"line":3003,"column":2}},"999":{"start":{"line":2997,"column":2},"end":{"line":3002,"column":3}},"1000":{"start":{"line":2998,"column":3},"end":{"line":3000,"column":4}},"1001":{"start":{"line":2999,"column":4},"end":{"line":2999,"column":10}},"1002":{"start":{"line":3001,"column":3},"end":{"line":3001,"column":24}},"1003":{"start":{"line":3004,"column":1},"end":{"line":3004,"column":16}},"1004":{"start":{"line":3008,"column":15},"end":{"line":3018,"column":1}},"1005":{"start":{"line":3009,"column":15},"end":{"line":3009,"column":17}},"1006":{"start":{"line":3011,"column":1},"end":{"line":3015,"column":2}},"1007":{"start":{"line":3012,"column":2},"end":{"line":3014,"column":3}},"1008":{"start":{"line":3013,"column":3},"end":{"line":3013,"column":21}},"1009":{"start":{"line":3017,"column":1},"end":{"line":3017,"column":16}},"1010":{"start":{"line":3021,"column":20},"end":{"line":3021,"column":50}},"1011":{"start":{"line":3027,"column":2},"end":{"line":3027,"column":77}},"1012":{"start":{"line":3030,"column":19},"end":{"line":3030,"column":84}},"1013":{"start":{"line":3036,"column":1},"end":{"line":3040,"column":2}},"1014":{"start":{"line":3037,"column":2},"end":{"line":3039,"column":6}},"1015":{"start":{"line":3038,"column":3},"end":{"line":3038,"column":52}},"1016":{"start":{"line":3043,"column":1},"end":{"line":3047,"column":2}},"1017":{"start":{"line":3044,"column":2},"end":{"line":3046,"column":6}},"1018":{"start":{"line":3045,"column":3},"end":{"line":3045,"column":41}},"1019":{"start":{"line":3050,"column":1},"end":{"line":3054,"column":2}},"1020":{"start":{"line":3051,"column":2},"end":{"line":3053,"column":6}},"1021":{"start":{"line":3052,"column":3},"end":{"line":3052,"column":59}},"1022":{"start":{"line":3057,"column":1},"end":{"line":3057,"column":50}},"1023":{"start":{"line":3060,"column":0},"end":{"line":3074,"column":2}},"1024":{"start":{"line":3061,"column":12},"end":{"line":3061,"column":22}},"1025":{"start":{"line":3063,"column":1},"end":{"line":3065,"column":2}},"1026":{"start":{"line":3064,"column":2},"end":{"line":3064,"column":30}},"1027":{"start":{"line":3067,"column":1},"end":{"line":3069,"column":2}},"1028":{"start":{"line":3068,"column":2},"end":{"line":3068,"column":67}},"1029":{"start":{"line":3071,"column":1},"end":{"line":3073,"column":7}},"1030":{"start":{"line":3072,"column":2},"end":{"line":3072,"column":29}},"1031":{"start":{"line":3076,"column":0},"end":{"line":3118,"column":4}},"1032":{"start":{"line":3079,"column":9},"end":{"line":3079,"column":20}},"1033":{"start":{"line":3080,"column":10},"end":{"line":3080,"column":14}},"1034":{"start":{"line":3082,"column":2},"end":{"line":3090,"column":3}},"1035":{"start":{"line":3083,"column":3},"end":{"line":3089,"column":9}},"1036":{"start":{"line":3084,"column":4},"end":{"line":3088,"column":5}},"1037":{"start":{"line":3085,"column":5},"end":{"line":3087,"column":6}},"1038":{"start":{"line":3086,"column":6},"end":{"line":3086,"column":18}},"1039":{"start":{"line":3092,"column":2},"end":{"line":3092,"column":29}},"1040":{"start":{"line":3094,"column":2},"end":{"line":3096,"column":3}},"1041":{"start":{"line":3095,"column":3},"end":{"line":3095,"column":43}},"1042":{"start":{"line":3098,"column":2},"end":{"line":3098,"column":50}},"1043":{"start":{"line":3101,"column":2},"end":{"line":3101,"column":65}},"1044":{"start":{"line":3104,"column":2},"end":{"line":3104,"column":64}},"1045":{"start":{"line":3107,"column":2},"end":{"line":3116,"column":11}},"1046":{"start":{"line":3131,"column":14},"end":{"line":3131,"column":51}},"1047":{"start":{"line":3133,"column":8},"end":{"line":3230,"column":2}},"1048":{"start":{"line":3137,"column":2},"end":{"line":3139,"column":3}},"1049":{"start":{"line":3138,"column":3},"end":{"line":3138,"column":15}},"1050":{"start":{"line":3143,"column":2},"end":{"line":3143,"column":28}},"1051":{"start":{"line":3146,"column":2},"end":{"line":3227,"column":3}},"1052":{"start":{"line":3147,"column":3},"end":{"line":3156,"column":4}},"1053":{"start":{"line":3152,"column":4},"end":{"line":3152,"column":37}},"1054":{"start":{"line":3155,"column":4},"end":{"line":3155,"column":40}},"1055":{"start":{"line":3159,"column":3},"end":{"line":3211,"column":4}},"1056":{"start":{"line":3162,"column":4},"end":{"line":3201,"column":5}},"1057":{"start":{"line":3163,"column":5},"end":{"line":3163,"column":66}},"1058":{"start":{"line":3167,"column":5},"end":{"line":3171,"column":9}},"1059":{"start":{"line":3174,"column":5},"end":{"line":3186,"column":6}},"1060":{"start":{"line":3175,"column":6},"end":{"line":3185,"column":7}},"1061":{"start":{"line":3178,"column":7},"end":{"line":3184,"column":8}},"1062":{"start":{"line":3179,"column":8},"end":{"line":3179,"column":42}},"1063":{"start":{"line":3183,"column":8},"end":{"line":3183,"column":45}},"1064":{"start":{"line":3188,"column":5},"end":{"line":3188,"column":17}},"1065":{"start":{"line":3192,"column":5},"end":{"line":3192,"column":50}},"1066":{"start":{"line":3194,"column":5},"end":{"line":3199,"column":6}},"1067":{"start":{"line":3197,"column":6},"end":{"line":3197,"column":23}},"1068":{"start":{"line":3198,"column":6},"end":{"line":3198,"column":22}},"1069":{"start":{"line":3200,"column":5},"end":{"line":3200,"column":17}},"1070":{"start":{"line":3204,"column":10},"end":{"line":3211,"column":4}},"1071":{"start":{"line":3205,"column":4},"end":{"line":3205,"column":48}},"1072":{"start":{"line":3210,"column":4},"end":{"line":3210,"column":56}},"1073":{"start":{"line":3214,"column":9},"end":{"line":3227,"column":3}},"1074":{"start":{"line":3215,"column":3},"end":{"line":3215,"column":24}},"1075":{"start":{"line":3216,"column":3},"end":{"line":3216,"column":19}},"1076":{"start":{"line":3217,"column":3},"end":{"line":3217,"column":15}},"1077":{"start":{"line":3221,"column":9},"end":{"line":3227,"column":3}},"1078":{"start":{"line":3222,"column":3},"end":{"line":3226,"column":23}},"1079":{"start":{"line":3229,"column":2},"end":{"line":3229,"column":44}},"1080":{"start":{"line":3233,"column":0},"end":{"line":3233,"column":27}},"1081":{"start":{"line":3236,"column":0},"end":{"line":3236,"column":32}},"1082":{"start":{"line":3239,"column":19},"end":{"line":3239,"column":51}},"1083":{"start":{"line":3242,"column":20},"end":{"line":3247,"column":2}},"1084":{"start":{"line":3249,"column":0},"end":{"line":3328,"column":4}},"1085":{"start":{"line":3251,"column":16},"end":{"line":3251,"column":38}},"1086":{"start":{"line":3252,"column":7},"end":{"line":3252,"column":21}},"1087":{"start":{"line":3254,"column":2},"end":{"line":3261,"column":6}},
[...]
,"357":[0,0],"358":[0,0],"359":[0,0],"360":[0,0],"361":[0,0],"362":[0,0],"363":[0,0],"364":[0,0],"365":[0,0,0],"366":[0,0],"367":[0,0],"368":[0,0],"369":[0,0],"370":[0,0],"371":[0,0],"372":[0,0],"373":[0,0],"374":[0,0],"375":[0,0],"376":[0,0],"377":[0,0],"378":[0,0],"379":[0,0],"380":[0,0],"381":[0,0],"382":[0,0],"383":[0,0],"384":[0,0],"385":[0,0],"386":[0,0,0,0],"387":[0,0],"388":[0,0],"389":[0,0],"390":[0,0],"391":[0,0],"392":[0,0],"393":[0,0],"394":[0,0],"395":[0,0],"396":[0,0],"397":[0,0],"398":[0,0,0],"399":[0,0],"400":[0,0],"401":[0,0],"402":[0,0,0],"403":[0,0],"404":[0,0],"405":[0,0],"406":[0,0],"407":[0,0],"408":[0,0],"409":[0,0],"410":[0,0],"411":[0,0],"412":[0,0],"413":[0,0],"414":[0,0],"415":[0,0],"416":[0,0],"417":[0,0],"418":[0,0],"419":[0,0],"420":[0,0],"421":[0,0],"422":[0,0,0,0],"423":[0,0],"424":[0,0],"425":[0,0],"426":[0,0],"427":[0,0],"428":[0,0],"429":[0,0],"430":[0,0],"431":[0,0],"432":[0,0],"433":[0,0],"434":[0,0,0,0,0],"435":[0,0],"436":[0,0],"437":[0,0],"438":[0,0],"439":[0,0],"440":[0,0],"441":[0,0],"442":[0,0,0],"443":[0,0],"444":[0,0],"445":[0,0],"446":[0,0,0,0],"447":[0,0],"448":[0,0],"449":[0,0],"450":[0,0],"451":[0,0],"452":[0,0],"453":[0,0],"454":[0,0],"455":[0,0],"456":[0,0],"457":[0,0],"458":[0,0],"459":[0,0],"460":[0,0],"461":[0,0],"462":[0,0],"463":[0,0],"464":[0,0],"465":[0,0],"466":[0,0],"467":[0,0],"468":[0,0],"469":[0,0],"470":[0,0],"471":[0,0],"472":[0,0],"473":[0,0],"474":[0,0],"475":[0,0],"476":[0,0],"477":[0,0],"478":[0,0],"479":[0,0],"480":[0,0],"481":[0,0],"482":[0,0],"483":[0,0],"484":[0,0],"485":[0,0,0],"486":[0,0],"487":[0,0,0],"488":[0,0],"489":[0,0],"490":[0,0],"491":[0,0],"492":[0,0],"493":[0,0],"494":[0,0],"495":[0,0],"496":[0,0],"497":[0,0],"498":[0,0],"499":[0,0],"500":[0,0],"501":[0,0],"502":[0,0],"503":[0,0],"504":[0,0],"505":[0,0],"506":[0,0],"507":[0,0],"508":[0,0],"509":[0,0],"510":[0,0],"511":[0,0],"512":[0,0],"513":[0,0],"514":[0,0],"515":[0,0],"516":[0,0],"517":[0,0],"518":[0,0],"519":[0,0],"520":[0,0],"521":[0,0],"522":[0,0],"523":[0,0],"524":[0,0],"525":[0,0],"526":[0,0],"527":[0,0],"528":[0,0],"529":[0,0],"530":[0,0],"531":[0,0],"532":[0,0],"533":[0,0],"534":[0,0],"535":[0,0],"536":[0,0],"537":[0,0],"538":[0,0],"539":[0,0],"540":[0,0],"541":[0,0],"542":[0,0],"543":[0,0],"544":[0,0],"545":[0,0],"546":[0,0],"547":[0,0,0],"548":[0,0],"549":[0,0],"550":[0,0],"551":[0,0],"552":[0,0],"553":[0,0],"554":[0,0],"555":[0,0],"556":[0,0],"557":[0,0],"558":[0,0],"559":[0,0],"560":[0,0],"561":[0,0],"562":[0,0],"563":[0,0],"564":[0,0],"565":[0,0],"566":[0,0],"567":[0,0],"568":[0,0],"569":[0,0],"570":[0,0,0,0],"571":[0,0],"572":[0,0],"573":[0,0],"574":[0,0],"575":[0,0],"576":[0,0],"577":[0,0],"578":[0,0],"579":[0,0],"580":[0,0],"581":[0,0],"582":[0,0],"583":[0,0],"584":[0,0],"585":[0,0],"586":[0,0],"587":[0,0],"588":[0,0],"589":[0,0],"590":[0,0],"591":[0,0],"592":[0,0],"593":[0,0],"594":[0,0],"595":[0,0,0,0],"596":[0,0],"597":[0,0],"598":[0,0],"599":[0,0],"600":[0,0],"601":[0,0,0],"602":[0,0],"603":[0,0],"604":[0,0],"605":[0,0],"606":[0,0],"607":[0,0],"608":[0,0],"609":[0,0],"610":[0,0],"611":[0,0],"612":[0,0,0],"613":[0,0],"614":[0,0],"615":[0,0],"616":[0,0],"617":[0,0],"618":[0,0],"619":[0,0],"620":[0,0,0,0],"621":[0,0],"622":[0,0],"623":[0,0],"624":[0,0],"625":[0,0],"626":[0,0],"627":[0,0],"628":[0,0],"629":[0,0],"630":[0,0],"631":[0,0],"632":[0,0],"633":[0,0],"634":[0,0],"635":[0,0],"636":[0,0],"637":[0,0],"638":[0,0],"639":[0,0],"640":[0,0],"641":[0,0],"642":[0,0],"643":[0,0],"644":[0,0],"645":[0,0],"646":[0,0],"647":[0,0],"648":[0,0],"649":[0,0],"650":[0,0],"651":[0,0],"652":[0,0],"653":[0,0],"654":[0,0],"655":[0,0],"656":[0,0],"657":[0,0],"658":[0,0],"659":[0,0],"660":[0,0],"661":[0,0],"662":[0,0],"663":[0,0],"664":[0,0],"665":[0,0],"666":[0,0],"667":[0,0],"668":[0,0],"669":[0,0],"670":[0,0],"671":[0,0],"672":[0,0],"673":[0,0],"674":[0,0],"675":[0,0],"676":[0,0],"677":[0,0],"678":[0,0],"679":[0,0,0,0],"680":[0,0],"681":[0,0,0],"682":[0,0],"683":[0,0,0,0,0],"684":[0,0],"685":[0,0],"686":[0,0],"687":[0,0],"688":[0,0],"689":[0,0],"690":[0,0],"691":[0,0],"692":[0,0,0],"693":[0,0],"694":[0,0],"695":[0,0],"696":[0,0],"697":[0,0],"698":[0,0],"699":[0,0],"700":[0,0],"701":[0,0],"702":[0,0],"703":[0,0],"704":[0,0],"705":[0,0],"706":[0,0],"707":[0,0],"708":[0,0],"709":[0,0],"710":[0,0],"711":[0,0],"712":[0,0],"713":[0,0],"714":[0,0],"715":[0,0,0],"716":[0,0],"717":[0,0],"718":[0,0],"719":[0,0],"720":[0,0],"721":[0,0],"722":[0,0],"723":[0,0],"724":[0,0],"725":[0,0],"726":[0,0],"727":[0,0],"728":[0,0],"729":[0,0],"730":[0,0],"731":[0,0],"732":[0,0],"733":[0,0],"734":[0,0],"735":[0,0],"736":[0,0],"737":[0,0],"738":[0,0],"739":[0,0],"740":[0,0],"741":[0,0],"742":[0,0],"743":[0,0],"744":[0,0],"745":[0,0],"746":[0,0],"747":[0,0],"748":[0,0],"749":[0,0],"750":[0,0],"751":[0,0],"752":[0,0],"753":[0,0],"754":[0,0],"755":[0,0],"756":[0,0],"757":[0,0],"758":[0,0],"759":[0,0],"760":[0,0],"761":[0,0],"762":[0,0],"763":[0,0],"764":[0,0],"765":[0,0],"766":[0,0],"767":[0,0],"768":[0,0],"769":[0,0],"770":[0,0],"771":[0,0],"772":[0,0],"773":[0,0],"774":[0,0],"775":[0,0],"776":[0,0],"777":[0,0],"778":[0,0],"779":[0,0],"780":[0,0],"781":[0,0],"782":[0,0,0,0,0,0,0,0,0,0],"783":[0,0],"784":[0,0],"785":[0,0],"786":[0,0],"787":[0,0],"788":[0,0],"789":[0,0],"790":[0,0],"791":[0,0],"792":[0,0],"793":[0,0],"794":[0,0],"795":[0,0],"796":[0,0],"797":[0,0],"798":[0,0,0],"799":[0,0],"800":[0,0],"801":[0,0],"802":[0,0],"803":[0,0],"804":[0,0],"805":[0,0,0],"806":[0,0],"807":[0,0],"808":[0,0],"809":[0,0],"810":[0,0],"811":[0,0],"812":[0,0],"813":[0,0],"814":[0,0],"815":[0,0],"816":[0,0],"817":[0,0],"818":[0,0],"819":[0,0],"820":[0,0],"821":[0,0],"822":[0,0,0],"823":[0,0],"824":[0,0],"825":[0,0,0],"826":[0,0,0,0,0],"827":[0,0],"828":[0,0],"829":[0,0],"830":[0,0],"831":[0,0],"832":[0,0],"833":[0,0],"834":[0,0],"835":[0,0],"836":[0,0],"837":[0,0],"838":[0,0],"839":[0,0],"840":[0,0],"841":[0,0],"842":[0,0],"843":[0,0],"844":[0,0],"845":[0,0,0],"846":[0,0],"847":[0,0],"848":[0,0],"849":[0,0,0],"850":[0,0],"851":[0,0],"852":[0,0],"853":[0,0],"854":[0,0],"855":[0,0],"856":[0,0],"857":[0,0],"858":[0,0],"859":[0,0],"860":[0,0,0],"861":[0,0],"862":[0,0],"863":[0,0],"864":[0,0],"865":[0,0,0],"866":[0,0],"867":[0,0,0],"868":[0,0],"869":[0,0],"870":[0,0],"871":[0,0],"872":[0,0],"873":[0,0],"874":[0,0],"875":[0,0],"876":[0,0],"877":[0,0],"878":[0,0],"879":[0,0],"880":[0,0],"881":[0,0],"882":[0,0],"883":[0,0],"884":[0,0],"885":[0,0],"886":[0,0],"887":[0,0],"888":[0,0,0,0,0],"889":[0,0],"890":[0,0],"891":[0,0],"892":[0,0],"893":[0,0],"894":[0,0],"895":[0,0],"896":[0,0],"897":[0,0],"898":[0,0,0],"899":[0,0],"900":[0,0],"901":[0,0],"902":[0,0],"903":[0,0],"904":[0,0],"905":[0,0],"906":[0,0],"907":[0,0],"908":[0,0],"909":[0,0],"910":[0,0],"911":[0,0],"912":[0,0],"913":[0,0,0,0],"914":[0,0],"915":[0,0],"916":[0,0],"917":[0,0],"918":[0,0],"919":[0,0],"920":[0,0],"921":[0,0],"922":[0,0],"923":[0,0],"924":[0,0],"925":[0,0],"926":[0,0],"927":[0,0,0],"928":[0,0],"929":[0,0,0],"930":[0,0],"931":[0,0,0],"932":[0,0],"933":[0,0],"934":[0,0],"935":[0,0],"936":[0,0],"937":[0,0],"938":[0,0],"939":[0,0],"940":[0,0],"941":[0,0,0],"942":[0,0],"943":[0,0],"944":[0,0],"945":[0,0],"946":[0,0],"947":[0,0],"948":[0,0],"949":[0,0],"950":[0,0],"951":[0,0],"952":[0,0],"953":[0,0],"954":[0,0],"955":[0,0],"956":[0,0],"957":[0,0],"958":[0,0],"959":[0,0],"960":[0,0,0],"961":[0,0],"962":[0,0],"963":[0,0],"964":[0,0],"965":[0,0],"966":[0,0],"967":[0,0],"968":[0,0],"969":[0,0],"970":[0,0],"971":[0,0],"972":[0,0],"973":[0,0],"974":[0,0],"975":[0,0],"976":[0,0],"977":[0,0],"978":[0,0],"979":[0,0],"980":[0,0],"981":[0,0],"982":[0,0],"983":[0,0],"984":[0,0],"985":[0,0],"986":[0,0],"987":[0,0,0,0,0,0,0,0],"988":[0,0],"989":[0,0],"990":[0,0],"991":[0,0],"992":[0,0],"993":[0,0],"994":[0,0],"995":[0,0,0,0],"996":[0,0],"997":[0,0],"998":[0,0],"999":[0,0],"1000":[0,0,0],"1001":[0,0],"1002":[0,0],"1003":[0,0],"1004":[0,0],"1005":[0,0,0],"1006":[0,0],"1007":[0,0],"1008":[0,0,0],"1009":[0,0],"1010":[0,0,0],"1011":[0,0],"1012":[0,0],"1013":[0,0,0],"1014":[0,0],"1015":[0,0],"1016":[0,0],"1017":[0,0],"1018":[0,0],"1019":[0,0],"1020":[0,0],"1021":[0,0],"1022":[0,0],"1023":[0,0],"1024":[0,0],"1025":[0,0],"1026":[0,0],"1027":[0,0],"1028":[0,0,0],"1029":[0,0],"1030":[0,0],"1031":[0,0],"1032":[0,0],"1033":[0,0],"1034":[0,0],"1035":[0,0],"1036":[0,0,0],"1037":[0,0],"1038":[0,0],"1039":[0,0],"1040":[0,0],"1041":[0,0,0],"1042":[0,0],"1043":[0,0],"1044":[0,0],"1045":[0,0],"1046":[0,0],"1047":[0,0],"1048":[0,0],"1049":[0,0],"1050":[0,0],"1051":[0,0],"1052":[0,0],"1053":[0,0],"1054":[0,0],"1055":[0,0,0],"1056":[0,0],"1057":[0,0],"1058":[0,0],"1059":[0,0],"1060":[0,0,0],"1061":[0,0],"1062":[0,0],"1063":[0,0],"1064":[0,0],"1065":[0,0],"1066":[0,0],"1067":[0,0],"1068":[0,0],"1069":[0,0],"1070":[0,0],"1071":[0,0],"1072":[0,0],"1073":[0,0],"1074":[0,0],"1075":[0,0],"1076":[0,0],"1077":[0,0],"1078":[0,0],"1079":[0,0],"1080":[0,0],"1081":[0,0,0],"1082":[0,0,0],"1083":[0,0],"1084":[0,0],"1085":[0,0],"1086":[0,0],"1087":[0,0],"1088":[0,0],"1089":[0,0],"1090":[0,0],"1091":[0,0],"1092":[0,0],"1093":[0,0,0],"1094":[0,0],"1095":[0,0],"1096":[0,0],"1097":[0,0],"1098":[0,0],"1099":[0,0],"1100":[0,0],"1101":[0,0],"1102":[0,0],"1103":[0,0],"1104":[0,0],"1105":[0,0],"1106":[0,0],"1107":[0,0],"1108":[0,0],"1109":[0,0],"1110":[0,0],"1111":[0,0],"1112":[0,0],"1113":[0,0],"1114":[0,0],"1115":[0,0],"1116":[0,0],"1117":[0,0],"1118":[0,0],"1119":[0,0],"1120":[0,0],"1121":[0,0],"1122":[0,0],"1123":[0,0],"1124":[0,0],"1125":[0,0],"1126":[0,0],"1127":[0,0],"1128":[0,0],"1129":[0,0],"1130":[0,0],"1131":[0,0],"1132":[0,0,0,0,0],"1133":[0,0,0,0,0],"1134":[0,0],"1135":[0,0],"1136":[0,0],"1137":[0,0],"1138":[0,0],"1139":[0,0],"1140":[0,0],"1141":[0,0],"1142":[0,0],"1143":[0,0],"1144":[0,0],"1145":[0,0],"1146":[0,0],"1147":[0,0],"1148":[0,0],"1149":[0,0],"1150":[0,0],"1151":[0,0],"1152":[0,0],"1153":[0,0,0],"1154":[0,0],"1155":[0,0,0],"1156":[0,0],"1157":[0,0],"1158":[0,0],"1159":[0,0],"1160":[0,0],"1161":[0,0],"1162":[0,0],"1163":[0,0],"1164":[0,0],"1165":[0,0],"1166":[0,0],"1167":[0,0],"1168":[0,0],"1169":[0,0],"1170":[0,0],"1171":[0,0],"1172":[0,0],"1173":[0,0],"1174":[0,0],"1175":[0,0],"1176":[0,0],"1177":[0,0,0],"1178":[0,0],"1179":[0,0],"1180":[0,0],"1181":[0,0],"1182":[0,0],"1183":[0,0],"1184":[0,0],"1185":[0,0],"1186":[0,0,0],"1187":[0,0],"1188":[0,0,0],"1189":[0,0],"1190":[0,0],"1191":[0,0,0],"1192":[0,0],"1193":[0,0],"1194":[0,0],"1195":[0,0],"1196":[0,0],"1197":[0,0],"1198":[0,0],"1199":[0,0],"1200":[0,0],"1201":[0,0],"1202":[0,0,0],"1203":[0,0],"1204":[0,0],"1205":[0,0],"1206":[0,0],"1207":[0,0],"1208":[0,0,0],"1209":[0,0],"1210":[0,0,0],"1211":[0,0],"1212":[0,0],"1213":[0,0,0],"1214":[0,0],"1215":[0,0],"1216":[0,0],"1217":[0,0],"1218":[0,0],"1219":[0,0],"1220":[0,0,0],"1221":[0,0],"1222":[0,0],"1223":[0,0],"1224":[0,0],"1225":[0,0],"1226":[0,0],"1227":[0,0],"1228":[0,0],"1229":[0,0],"1230":[0,0],"1231":[0,0],"1232":[0,0],"1233":[0,0],"1234":[0,0],"1235":[0,0],"1236":[0,0],"1237":[0,0],"1238":[0,0],"1239":[0,0],"1240":[0,0],"1241":[0,0],"1242":[0,0],"1243":[0,0],"1244":[0,0],"1245":[0,0],"1246":[0,0],"1247":[0,0],"1248":[0,0],"1249":[0,0],"1250":[0,0],"1251":[0,0],"1252":[0,0],"1253":[0,0],"1254":[0,0],"1255":[0,0],"1256":[0,0,0],"1257":[0,0],"1258":[0,0],"1259":[0,0],"1260":[0,0],"1261":[0,0],"1262":[0,0],"1263":[0,0],"1264":[0,0],"1265":[0,0],"1266":[0,0],"1267":[0,0,0],"1268":[0,0],"1269":[0,0],"1270":[0,0],"1271":[0,0],"1272":[0,0],"1273":[0,0],"1274":[0,0,0,0,0],"1275":[0,0],"1276":[0,0],"1277":[0,0],"1278":[0,0],"1279":[0,0],"1280":[0,0],"1281":[0,0],"1282":[0,0],"1283":[0,0],"1284":[0,0],"1285":[0,0],"1286":[0,0],"1287":[0,0],"1288":[0,0],"1289":[0,0],"1290":[0,0],"1291":[0,0],"1292":[0,0],"1293":[0,0],"1294":[0,0],"1295":[0,0],"1296":[0,0],"1297":[0,0],"1298":[0,0,0],"1299":[0,0],"1300":[0,0,0],"1301":[0,0],"1302":[0,0],"1303":[0,0],"1304":[0,0],"1305":[0,0,0],"1306":[0,0],"1307":[0,0],"1308":[0,0],"1309":[0,0],"1310":[0,0],"1311":[0,0],"1312":[0,0],"1313":[0,0],"1314":[0,0,0],"1315":[0,0],"1316":[0,0],"1317":[0,0],"1318":[0,0],"1319":[0,0,0],"1320":[0,0],"1321":[0,0,0],"1322":[0,0],"1323":[0,0],"1324":[0,0],"1325":[0,0],"1326":[0,0],"1327":[0,0],"1328":[0,0,0],"1329":[0,0],"1330":[0,0],"1331":[0,0,0],"1332":[0,0],"1333":[0,0],"1334":[0,0],"1335":[0,0],"1336":[0,0],"1337":[0,0],"1338":[0,0],"1339":[0,0],"1340":[0,0],"1341":[0,0],"1342":[0,0],"1343":[0,0],"1344":[0,0],"1345":[0,0],"1346":[0,0],"1347":[0,0],"1348":[0,0,0],"1349":[0,0],"1350":[0,0,0,0,0,0],"1351":[0,0],"1352":[0,0],"1353":[0,0],"1354":[0,0],"1355":[0,0],"1356":[0,0],"1357":[0,0],"1358":[0,0],"1359":[0,0],"1360":[0,0],"1361":[0,0],"1362":[0,0,0],"1363":[0,0],"1364":[0,0,0],"1365":[0,0],"1366":[0,0],"1367":[0,0],"1368":[0,0],"1369":[0,0],"1370":[0,0],"1371":[0,0],"1372":[0,0],"1373":[0,0],"1374":[0,0],"1375":[0,0],"1376":[0,0],"1377":[0,0],"1378":[0,0],"1379":[0,0],"1380":[0,0],"1381":[0,0],"1382":[0,0],"1383":[0,0],"1384":[0,0],"1385":[0,0,0],"1386":[0,0],"1387":[0,0],"1388":[0,0],"1389":[0,0],"1390":[0,0],"1391":[0,0],"1392":[0,0],"1393":[0,0],"1394":[0,0],"1395":[0,0],"1396":[0,0],"1397":[0,0],"1398":[0,0],"1399":[0,0],"1400":[0,0],"1401":[0,0],"1402":[0,0],"1403":[0,0],"1404":[0,0],"1405":[0,0],"1406":[0,0,0],"1407":[0,0],"1408":[0,0],"1409":[0,0],"1410":[0,0],"1411":[0,0],"1412":[0,0],"1413":[0,0],"1414":[0,0],"1415":[0,0],"1416":[0,0],"1417":[0,0],"1418":[0,0],"1419":[0,0],"1420":[0,0,0],"1421":[0,0,0,0],"1422":[0,0],"1423":[0,0],"1424":[0,0],"1425":[0,0],"1426":[0,0,0],"1427":[0,0],"1428":[0,0],"1429":[0,0],"1430":[0,0],"1431":[0,0],"1432":[0,0],"1433":[0,0,0],"1434":[0,0],"1435":[0,0],"1436":[0,0],"1437":[0,0],"1438":[0,0,0],"1439":[0,0],"1440":[0,0],"1441":[0,0],"1442":[0,0],"1443":[0,0],"1444":[0,0,0,0],"1445":[0,0],"1446":[0,0],"1447":[0,0],"1448":[0,0],"1449":[0,0,0],"1450":[0,0],"1451":[0,0],"1452":[0,0],"1453":[0,0],"1454":[0,0],"1455":[0,0],"1456":[0,0],"1457":[0,0],"1458":[0,0],"1459":[0,0],"1460":[0,0,0],"1461":[0,0],"1462":[0,0],"1463":[0,0],"1464":[0,0],"1465":[0,0],"1466":[0,0],"1467":[0,0],"1468":[0,0],"1469":[0,0],"1470":[0,0],"1471":[0,0],"1472":[0,0],"1473":[0,0],"1474":[0,0],"1475":[0,0],"1476":[0,0],"1477":[0,0],"1478":[0,0],"1479":[0,0],"1480":[0,0],"1481":[0,0],"1482":[0,0],"1483":[0,0],"1484":[0,0],"1485":[0,0],"1486":[0,0],"1487":[0,0],"1488":[0,0],"1489":[0,0],"1490":[0,0],"1491":[0,0],"1492":[0,0,0],"1493":[0,0],"1494":[0,0],"1495":[0,0,0],"1496":[0,0],"1497":[0,0],"1498":[0,0],"1499":[0,0],"1500":[0,0],"1501":[0,0],"1502":[0,0],"1503":[0,0],"1504":[0,0],"1505":[0,0],"1506":[0,0],"1507":[0,0],"1508":[0,0],"1509":[0,0],"1510":[0,0],"1511":[0,0],"1512":[0,0,0],"1513":[0,0],"1514":[0,0],"1515":[0,0],"1516":[0,0],"1517":[0,0],"1518":[0,0],"1519":[0,0],"1520":[0,0],"1521":[0,0],"1522":[0,0],"1523":[0,0],"1524":[0,0],"1525":[0,0],"1526":[0,0],"1527":[0,0,0,0],"1528":[0,0],"1529":[0,0],"1530":[0,0],"1531":[0,0],"1532":[0,0],"1533":[0,0],"1534":[0,0],"1535":[0,0],"1536":[0,0],"1537":[0,0],"1538":[0,0],"1539":[0,0],"1540":[0,0],"1541":[0,0],"1542":[0,0],"1543":[0,0],"1544":[0,0],"1545":[0,0],"1546":[0,0],"1547":[0,0],"1548":[0,0],"1549":[0,0],"1550":[0,0],"1551":[0,0],"1552":[0,0],"1553":[0,0],"1554":[0,0],"1555":[0,0],"1556":[0,0],"1557":[0,0],"1558":[0,0,0],"1559":[0,0],"1560":[0,0],"1561":[0,0],"1562":[0,0],"1563":[0,0],"1564":[0,0],"1565":[0,0],"1566":[0,0],"1567":[0,0],"1568":[0,0],"1569":[0,0],"1570":[0,0],"1571":[0,0],"1572":[0,0],"1573":[0,0],"1574":[0,0],"1575":[0,0,0,0],"1576":[0,0],"1577":[0,0,0],"1578":[0,0],"1579":[0,0],"1580":[0,0],"1581":[0,0],"1582":[0,0],"1583":[0,0],"1584":[0,0],"1585":[0,0],"1586":[0,0],"1587":[0,0],"1588":[0,0],"1589":[0,0,0],"1590":[0,0],"1591":[0,0],"1592":[0,0],"1593":[0,0],"1594":[0,0],"1595":[0,0],"1596":[0,0],"1597":[0,0],"1598":[0,0],"1599":[0,0],"1600":[0,0],"1601":[0,0],"1602":[0,0],"1603":[0,0],"1604":[0,0],"1605":[0,0],"1606":[0,0],"1607":[0,0,0],"1608":[0,0],"1609":[0,0],"1610":[0,0],"1611":[0,0],"1612":[0,0],"1613":[0,0],"1614":[0,0]},"all":true},"/mnt/d/codingblocks/Testing/unitTesting/public_static/script.js":{"path":"/mnt/d/codingblocks/Testing/unitTesting/public_static/script.js","statementMap":{"0":{"start":{"line":1,"column":0},"end":{"line":30,"column":2}},"1":{"start":{"line":2,"column":21},"end":{"line":2,"column":30}},"2":{"start":{"line":3,"column":20},"end":{"line":3,"column":28}},"3":{"start":{"line":4,"column":27},"end":{"line":4,"column":41}},"4":{"start":{"line":5,"column":22},"end":{"line":5,"column":32}},"5":{"start":{"line":6,"column":26},"end":{"line":6,"column":43}},"6":{"start":{"line":8,"column":8},"end":{"line":21,"column":10}},"7":{"start":{"line":9,"column":12},"end":{"line":20,"column":14}},"8":{"start":{"line":10,"column":33},"end":{"line":17,"column":17}},"9":{"start":{"line":19,"column":16},"end":{"line":19,"column":45}},"10":{"start":{"line":22,"column":8},"end":{"line":29,"column":10}},"11":{"start":{"line":23,"column":16},"end":{"line":28,"column":18}},"12":{"start":{"line":27,"column":20},"end":{"line":27,"column":54}}},"fnMap":{"0":{"name":"(anonymous_0)","decl":{"start":{"line":1,"column":2},"end":{"line":1,"column":3}},"loc":{"start":{"line":1,"column":13},"end":{"line":30,"column":1}},"line":1},"1":{"name":"(anonymous_1)","decl":{"start":{"line":8,"column":27},"end":{"line":8,"column":28}},"loc":{"start":{"line":8,"column":31},"end":{"line":21,"column":9}},"line":8},"2":{"name":"(anonymous_2)","decl":{"start":{"line":9,"column":29},"end":{"line":9,"column":30}},"loc":{"start":{"line":9,"column":37},"end":{"line":20,"column":13}},"line":9},"3":{"name":"(anonymous_3)","decl":{"start":{"line":22,"column":26},"end":{"line":22,"column":27}},"loc":{"start":{"line":22,"column":31},"end":{"line":29,"column":9}},"line":22},"4":{"name":"(anonymous_4)","decl":{"start":{"line":26,"column":19},"end":{"line":26,"column":20}},"loc":{"start":{"line":26,"column":27},"end":{"line":28,"column":17}},"line":26}},"branchMap":{},"s":{"0":0,"1":0,"2":0,"3":0,"4":0,"5":0,"6":0,"7":0,"8":0,"9":0,"10":0,"11":0,"12":0},"f":{"0":0,"1":0,"2":0,"3":0,"4":0},"b":{},"all":true},"/mnt/d/codingblocks/Testing/unitTesting/server.js":{"path":"/mnt/d/codingblocks/Testing/unitTesting/server.js","statementMap":{"0":{"start":{"line":1,"column":16},"end":{"line":1,"column":34}},"1":{"start":{"line":2,"column":13},"end":{"line":2,"column":28}},"2":{"start":{"line":3,"column":18},"end":{"line":3,"column":40}},"3":{"start":{"line":4,"column":12},"end":{"line":4,"column":21}},"4":{"start":{"line":6,"column":0},"end":{"line":6,"column":46}},"5":{"start":{"line":7,"column":0},"end":{"line":7,"column":23}},"6":{"start":{"line":8,"column":0},"end":{"line":8,"column":70}},"7":{"start":{"line":10,"column":0},"end":{"line":17,"column":2}},"8":{"start":{"line":12,"column":13},"end":{"line":12,"column":36}},"9":{"start":{"line":13,"column":14},"end":{"line":13,"column":36}},"10":{"start":{"line":15,"column":15},"end":{"line":15,"column":42}},"11":{"start":{"line":16,"column":4},"end":{"line":16,"column":27}},"12":{"start":{"line":20,"column":0},"end":{"line":22,"column":2}},"13":{"start":{"line":21,"column":4},"end":{"line":21,"column":28}},"14":{"start":{"line":24,"column":0},"end":{"line":26,"column":2}},"15":{"start":{"line":25,"column":4},"end":{"line":25,"column":53}}},"fnMap":{"0":{"name":"(anonymous_0)","decl":{"start":{"line":10,"column":22},"end":{"line":10,"column":23}},"loc":{"start":{"line":10,"column":35},"end":{"line":17,"column":1}},"line":10},"1":{"name":"(anonymous_1)","decl":{"start":{"line":20,"column":19},"end":{"line":20,"column":20}},"loc":{"start":{"line":20,"column":33},"end":{"line":22,"column":1}},"line":20},"2":{"name":"(anonymous_2)","decl":{"start":{"line":24,"column":20},"end":{"line":24,"column":21}},"loc":{"start":{"line":24,"column":24},"end":{"line":26,"column":1}},"line":24}},"branchMap":{},"s":{"0":0,"1":0,"2":0,"3":0,"4":0,"5":0,"6":0,"7":0,"8":0,"9":0,"10":0,"11":0,"12":0,"13":0,"14":0,"15":0},"f":{"0":0,"1":0,"2":0},"b":{},"all":true}}