TN:
SF:fareutils.js
FN:9,calcfare
FNF:1
FNH:1
FNDA:2,calcfare
DA:1,1
DA:10,2
DA:11,2
DA:12,2
DA:13,2
DA:17,1
LF:6
LH:6
BRDA:11,0,0,1
BRDA:11,0,1,1
BRDA:12,1,0,1
BRDA:12,1,1,1
BRF:4
BRH:4
end_of_record
TN:
SF:server.js
FN:10,(anonymous_0)
FN:20,(anonymous_1)
FN:24,(anonymous_2)
FNF:3
FNH:0
FNDA:0,(anonymous_0)
FNDA:0,(anonymous_1)
FNDA:0,(anonymous_2)
DA:1,0
DA:2,0
DA:3,0
DA:4,0
DA:6,0
DA:7,0
DA:8,0
DA:10,0
DA:12,0
DA:13,0
DA:15,0
DA:16,0
DA:20,0
DA:21,0
DA:24,0
DA:25,0
LF:16
LH:0
BRF:0
BRH:0
end_of_record
TN:
SF:public_static/jquery-3.5.1.js
FN:14,(anonymous_0)
FN:29,(anonymous_1)
FN:40,(anonymous_2)
FN:54,(anonymous_3)
FN:56,(anonymous_4)
FN:77,isFunction
FN:87,isWindow
FN:103,DOMEval
FN:133,toType
FN:153,(anonymous_9)
FN:170,(anonymous_10)
FN:176,(anonymous_11)
FN:189,(anonymous_12)
FN:202,(anonymous_13)
FN:206,(anonymous_14)
FN:207,(anonymous_15)
FN:212,(anonymous_16)
FN:216,(anonymous_17)
FN:220,(anonymous_18)
FN:224,(anonymous_19)
FN:225,(anonymous_20)
FN:230,(anonymous_21)
FN:231,(anonymous_22)
FN:236,(anonymous_23)
FN:242,(anonymous_24)
FN:253,(anonymous_25)
FN:333,(anonymous_26)
FN:337,(anonymous_27)
FN:339,(anonymous_28)
FN:360,(anonymous_29)
FN:371,(anonymous_30)
FN:375,(anonymous_31)
FN:397,(anonymous_32)
FN:414,(anonymous_33)
FN:420,(anonymous_34)
FN:434,(anonymous_35)
FN:454,(anonymous_36)
FN:499,(anonymous_37)
FN:503,isArrayLike
FN:530,(anonymous_39)
FN:562,(anonymous_40)
FN:579,(anonymous_41)
FN:671,(anonymous_42)
FN:691,(anonymous_43)
FN:712,(anonymous_44)
FN:717,(anonymous_45)
FN:738,(anonymous_46)
FN:744,(anonymous_47)
FN:755,Sizzle
FN:903,createCache
FN:906,cache
FN:923,markFunction
FN:932,assert
FN:956,addHandle
FN:971,siblingCheck
FN:997,createInputPseudo
FN:998,(anonymous_56)
FN:1008,createButtonPseudo
FN:1009,(anonymous_58)
FN:1019,createDisabledPseudo
FN:1022,(anonymous_60)
FN:1075,createPositionalPseudo
FN:1076,(anonymous_62)
FN:1078,(anonymous_63)
FN:1098,testContext
FN:1110,(anonymous_65)
FN:1125,(anonymous_66)
FN:1167,(anonymous_67)
FN:1179,(anonymous_68)
FN:1188,(anonymous_69)
FN:1200,(anonymous_70)
FN:1207,(anonymous_71)
FN:1209,(anonymous_72)
FN:1213,(anonymous_73)
FN:1220,(anonymous_74)
FN:1222,(anonymous_75)
FN:1231,(anonymous_76)
FN:1262,(anonymous_77)
FN:1272,(anonymous_78)
FN:1294,(anonymous_79)
FN:1319,(anonymous_80)
FN:1384,(anonymous_81)
FN:1426,(anonymous_82)
FN:1450,(anonymous_83)
FN:1459,(anonymous_84)
FN:1475,(anonymous_85)
FN:1531,(anonymous_86)
FN:1601,(anonymous_87)
FN:1605,(anonymous_88)
FN:1632,(anonymous_89)
FN:1645,(anonymous_90)
FN:1672,(anonymous_91)
FN:1676,(anonymous_92)
FN:1684,(anonymous_93)
FN:1717,(anonymous_94)
FN:1774,(anonymous_95)
FN:1788,(anonymous_96)
FN:1824,(anonymous_97)
FN:1857,(anonymous_98)
FN:1860,(anonymous_99)
FN:1863,(anonymous_100)
FN:1868,(anonymous_101)
FN:1874,(anonymous_102)
FN:1884,(anonymous_103)
FN:1885,(anonymous_104)
FN:1912,(anonymous_105)
FN:1920,(anonymous_106)
FN:1924,(anonymous_107)
FN:2046,(anonymous_108)
FN:2067,(anonymous_109)
FN:2076,(anonymous_110)
FN:2088,(anonymous_111)
FN:2098,(anonymous_112)
FN:2110,(anonymous_113)
FN:2120,(anonymous_114)
FN:2121,(anonymous_115)
FN:2126,(anonymous_116)
FN:2128,(anonymous_117)
FN:2140,(anonymous_118)
FN:2147,(anonymous_119)
FN:2163,(anonymous_120)
FN:2168,(anonymous_121)
FN:2172,(anonymous_122)
FN:2182,(anonymous_123)
FN:2191,(anonymous_124)
FN:2204,(anonymous_125)
FN:2218,(anonymous_126)
FN:2223,(anonymous_127)
FN:2227,(anonymous_128)
FN:2231,(anonymous_129)
FN:2236,(anonymous_130)
FN:2248,(anonymous_131)
FN:2252,(anonymous_132)
FN:2256,(anonymous_133)
FN:2260,(anonymous_134)
FN:2268,(anonymous_135)
FN:2276,(anonymous_136)
FN:2288,(anonymous_137)
FN:2309,setFilters
FN:2313,(anonymous_139)
FN:2383,toSelector
FN:2393,addCombinator
FN:2403,(anonymous_142)
FN:2413,(anonymous_143)
FN:2460,elementMatcher
FN:2462,(anonymous_145)
FN:2474,multipleContexts
FN:2483,condense
FN:2504,setMatcher
FN:2511,(anonymous_149)
FN:2604,matcherFromTokens
FN:2612,(anonymous_151)
FN:2615,(anonymous_152)
FN:2618,(anonymous_153)
FN:2667,matcherFromGroupMatchers
FN:2670,(anonymous_155)
FN:2792,(anonymous_156)
FN:2835,(anonymous_157)
FN:2922,(anonymous_158)
FN:2931,(anonymous_159)
FN:2935,(anonymous_160)
FN:2944,(anonymous_161)
FN:2949,(anonymous_162)
FN:2958,(anonymous_163)
FN:2961,(anonymous_164)
FN:2992,(anonymous_165)
FN:3008,(anonymous_166)
FN:3025,nodeName
FN:3035,winnow
FN:3037,(anonymous_169)
FN:3044,(anonymous_170)
FN:3051,(anonymous_171)
FN:3060,(anonymous_172)
FN:3071,(anonymous_173)
FN:3077,(anonymous_174)
FN:3083,(anonymous_175)
FN:3100,(anonymous_176)
FN:3103,(anonymous_177)
FN:3106,(anonymous_178)
FN:3133,(anonymous_179)
FN:3250,(anonymous_180)
FN:3254,(anonymous_181)
FN:3264,(anonymous_182)
FN:3295,(anonymous_183)
FN:3315,(anonymous_184)
FN:3323,(anonymous_185)
FN:3330,sibling
FN:3336,(anonymous_187)
FN:3340,(anonymous_188)
FN:3343,(anonymous_189)
FN:3346,(anonymous_190)
FN:3349,(anonymous_191)
FN:3352,(anonymous_192)
FN:3355,(anonymous_193)
FN:3358,(anonymous_194)
FN:3361,(anonymous_195)
FN:3364,(anonymous_196)
FN:3367,(anonymous_197)
FN:3370,(anonymous_198)
FN:3390,(anonymous_199)
FN:3391,(anonymous_200)
FN:3423,createOptions
FN:3425,(anonymous_202)
FN:3453,(anonymous_203)
FN:3483,(anonymous_204)
FN:3531,(anonymous_205)
FN:3540,add
FN:3541,(anonymous_207)
FN:3562,(anonymous_208)
FN:3563,(anonymous_209)
FN:3579,(anonymous_210)
FN:3586,(anonymous_211)
FN:3596,(anonymous_212)
FN:3601,(anonymous_213)
FN:3608,(anonymous_214)
FN:3615,(anonymous_215)
FN:3620,(anonymous_216)
FN:3633,(anonymous_217)
FN:3639,(anonymous_218)
FN:3648,Identity
FN:3651,Thrower
FN:3655,adoptValue
FN:3690,(anonymous_222)
FN:3704,(anonymous_223)
FN:3707,(anonymous_224)
FN:3711,(anonymous_225)
FN:3716,(anonymous_226)
FN:3719,(anonymous_227)
FN:3720,(anonymous_228)
FN:3728,(anonymous_229)
FN:3746,(anonymous_230)
FN:3748,resolve
FN:3749,(anonymous_232)
FN:3752,(anonymous_233)
FN:3828,(anonymous_234)
FN:3873,(anonymous_235)
FN:3913,(anonymous_236)
FN:3920,(anonymous_237)
FN:3932,(anonymous_238)
FN:3963,(anonymous_239)
FN:3987,(anonymous_240)
FN:4004,(anonymous_241)
FN:4005,(anonymous_242)
FN:4041,(anonymous_243)
FN:4053,(anonymous_244)
FN:4054,(anonymous_245)
FN:4065,(anonymous_246)
FN:4073,(anonymous_247)
FN:4090,(anonymous_248)
FN:4113,completed
FN:4143,(anonymous_250)
FN:4173,(anonymous_251)
FN:4208,fcamelCase
FN:4215,camelCase
FN:4218,(anonymous_254)
FN:4232,Data
FN:4240,(anonymous_256)
FN:4273,(anonymous_257)
FN:4292,(anonymous_258)
FN:4299,(anonymous_259)
FN:4330,(anonymous_260)
FN:4377,(anonymous_261)
FN:4401,getData
FN:4426,dataAttr
FN:4450,(anonymous_264)
FN:4454,(anonymous_265)
FN:4458,(anonymous_266)
FN:4464,(anonymous_267)
FN:4468,(anonymous_268)
FN:4474,(anonymous_269)
FN:4507,(anonymous_270)
FN:4512,(anonymous_271)
FN:4541,(anonymous_272)
FN:4549,(anonymous_273)
FN:4550,(anonymous_274)
FN:4558,(anonymous_275)
FN:4577,(anonymous_276)
FN:4584,(anonymous_277)
FN:4613,(anonymous_278)
FN:4616,(anonymous_279)
FN:4624,(anonymous_280)
FN:4639,(anonymous_281)
FN:4650,(anonymous_282)
FN:4651,(anonymous_283)
FN:4655,(anonymous_284)
FN:4661,(anonymous_285)
FN:4667,(anonymous_286)
FN:4701,(anonymous_287)
FN:4712,(anonymous_288)
FN:4717,(anonymous_289)
FN:4738,adjustCSS
FN:4742,(anonymous_291)
FN:4745,(anonymous_292)
FN:4806,getDefaultDisplay
FN:4829,showHide
FN:4878,(anonymous_295)
FN:4881,(anonymous_296)
FN:4884,(anonymous_297)
FN:4889,(anonymous_298)
FN:4906,(anonymous_299)
FN:4961,getAll
FN:4986,setGlobalEval
FN:5002,buildFragment
FN:5097,returnTrue
FN:5101,returnFalse
FN:5111,expectSync
FN:5118,safeActiveElement
FN:5124,on
FN:5170,(anonymous_308)
FN:5180,(anonymous_309)
FN:5193,(anonymous_310)
FN:5228,(anonymous_311)
FN:5308,(anonymous_312)
FN:5381,(anonymous_313)
FN:5449,(anonymous_314)
FN:5507,(anonymous_315)
FN:5513,(anonymous_316)
FN:5518,(anonymous_317)
FN:5524,(anonymous_318)
FN:5535,(anonymous_319)
FN:5550,(anonymous_320)
FN:5567,(anonymous_321)
FN:5586,(anonymous_322)
FN:5596,(anonymous_323)
FN:5612,leverageNative
FN:5626,(anonymous_325)
FN:5695,(anonymous_326)
FN:5703,(anonymous_327)
FN:5761,(anonymous_328)
FN:5770,(anonymous_329)
FN:5779,(anonymous_330)
FN:5825,(anonymous_331)
FN:5854,(anonymous_332)
FN:5858,(anonymous_333)
FN:5868,(anonymous_334)
FN:5894,(anonymous_335)
FN:5899,(anonymous_336)
FN:5919,(anonymous_337)
FN:5922,(anonymous_338)
FN:5925,(anonymous_339)
FN:5957,(anonymous_340)
FN:5976,manipulationTarget
FN:5987,disableScript
FN:5991,restoreScript
FN:6001,cloneCopyEvent
FN:6034,fixInput
FN:6047,domManip
FN:6063,(anonymous_347)
FN:6139,remove
FN:6161,(anonymous_349)
FN:6165,(anonymous_350)
FN:6207,(anonymous_351)
FN:6243,(anonymous_352)
FN:6247,(anonymous_353)
FN:6251,(anonymous_354)
FN:6252,(anonymous_355)
FN:6255,(anonymous_356)
FN:6263,(anonymous_357)
FN:6264,(anonymous_358)
FN:6272,(anonymous_359)
FN:6273,(anonymous_360)
FN:6281,(anonymous_361)
FN:6282,(anonymous_362)
FN:6289,(anonymous_363)
FN:6290,(anonymous_364)
FN:6297,(anonymous_365)
FN:6315,(anonymous_366)
FN:6319,(anonymous_367)
FN:6324,(anonymous_368)
FN:6325,(anonymous_369)
FN:6363,(anonymous_370)
FN:6367,(anonymous_371)
FN:6388,(anonymous_372)
FN:6389,(anonymous_373)
FN:6410,(anonymous_374)
FN:6424,(anonymous_375)
FN:6449,(anonymous_376)
FN:6453,computeStyleTests
FN:6497,roundPixelMeasures
FN:6518,(anonymous_379)
FN:6522,(anonymous_380)
FN:6526,(anonymous_381)
FN:6530,(anonymous_382)
FN:6534,(anonymous_383)
FN:6544,(anonymous_384)
FN:6571,curCSS
FN:6624,addGetHookIf
FN:6628,(anonymous_387)
FN:6649,vendorPropName
FN:6664,finalPropName
FN:6690,setPositiveNumber
FN:6702,boxModelAdjustment
FN:6770,getWidthOrHeight
FN:6852,(anonymous_393)
FN:6892,(anonymous_394)
FN:6969,(anonymous_395)
FN:7009,(anonymous_396)
FN:7011,(anonymous_397)
FN:7025,(anonymous_398)
FN:7032,(anonymous_399)
FN:7080,(anonymous_400)
FN:7084,(anonymous_401)
FN:7097,(anonymous_402)
FN:7099,(anonymous_403)
FN:7121,(anonymous_404)
FN:7122,(anonymous_405)
FN:7146,Tween
FN:7153,(anonymous_407)
FN:7162,(anonymous_408)
FN:7169,(anonymous_409)
FN:7199,(anonymous_410)
FN:7218,(anonymous_411)
FN:7239,(anonymous_412)
FN:7247,(anonymous_413)
FN:7250,(anonymous_414)
FN:7269,schedule
FN:7282,createFxNow
FN:7283,(anonymous_417)
FN:7290,genFx
FN:7310,createTween
FN:7324,defaultPrefilter
FN:7339,(anonymous_421)
FN:7347,(anonymous_422)
FN:7350,(anonymous_423)
FN:7421,(anonymous_424)
FN:7436,(anonymous_425)
FN:7469,(anonymous_426)
FN:7496,propFilter
FN:7533,Animation
FN:7538,(anonymous_429)
FN:7543,(anonymous_430)
FN:7589,(anonymous_431)
FN:7595,(anonymous_432)
FN:7661,(anonymous_433)
FN:7668,(anonymous_434)
FN:7689,(anonymous_435)
FN:7698,(anonymous_436)
FN:7729,(anonymous_437)
FN:7743,(anonymous_438)
FN:7751,(anonymous_439)
FN:7754,(anonymous_440)
FN:7770,(anonymous_441)
FN:7771,(anonymous_442)
FN:7786,(anonymous_443)
FN:7822,(anonymous_444)
FN:7826,(anonymous_445)
FN:7865,(anonymous_446)
FN:7867,(anonymous_447)
FN:7882,(anonymous_448)
FN:7883,(anonymous_449)
FN:7889,(anonymous_450)
FN:7911,(anonymous_451)
FN:7917,(anonymous_452)
FN:7926,(anonymous_453)
FN:7941,(anonymous_454)
FN:7945,(anonymous_455)
FN:7947,(anonymous_456)
FN:7954,(anonymous_457)
FN:7982,(anonymous_458)
FN:7986,(anonymous_459)
FN:7987,(anonymous_460)
FN:7994,(anonymous_461)
FN:8042,(anonymous_462)
FN:8056,(anonymous_463)
FN:8074,(anonymous_464)
FN:8086,(anonymous_465)
FN:8089,(anonymous_466)
FN:8114,(anonymous_467)
FN:8118,(anonymous_468)
FN:8119,(anonymous_469)
FN:8126,(anonymous_470)
FN:8160,(anonymous_471)
FN:8202,(anonymous_472)
FN:8212,(anonymous_473)
FN:8239,(anonymous_474)
FN:8248,stripAndCollapse
FN:8254,getClass
FN:8258,classesToArray
FN:8269,(anonymous_478)
FN:8274,(anonymous_479)
FN:8306,(anonymous_480)
FN:8311,(anonymous_481)
FN:8351,(anonymous_482)
FN:8360,(anonymous_483)
FN:8368,(anonymous_484)
FN:8412,(anonymous_485)
FN:8434,(anonymous_486)
FN:8466,(anonymous_487)
FN:8487,(anonymous_488)
FN:8505,(anonymous_489)
FN:8519,(anonymous_490)
FN:8563,(anonymous_491)
FN:8594,(anonymous_492)
FN:8596,(anonymous_493)
FN:8603,(anonymous_494)
FN:8619,(anonymous_495)
FN:8625,(anonymous_496)
FN:8774,(anonymous_497)
FN:8791,(anonymous_498)
FN:8792,(anonymous_499)
FN:8796,(anonymous_500)
FN:8814,(anonymous_501)
FN:8817,(anonymous_502)
FN:8822,(anonymous_503)
FN:8834,(anonymous_504)
FN:8858,(anonymous_505)
FN:8885,buildParams
FN:8891,(anonymous_507)
FN:8925,(anonymous_508)
FN:8928,(anonymous_509)
FN:8947,(anonymous_510)
FN:8965,(anonymous_511)
FN:8968,(anonymous_512)
FN:8969,(anonymous_513)
FN:8975,(anonymous_514)
FN:8983,(anonymous_515)
FN:8991,(anonymous_516)
FN:9039,addToPrefiltersOrTransports
FN:9042,(anonymous_518)
FN:9073,inspectPrefiltersOrTransports
FN:9078,inspect
FN:9081,(anonymous_521)
FN:9102,ajaxExtend
FN:9122,ajaxHandleResponses
FN:9180,ajaxConvert
FN:9356,(anonymous_525)
FN:9370,(anonymous_526)
FN:9439,(anonymous_527)
FN:9456,(anonymous_528)
FN:9461,(anonymous_529)
FN:9471,(anonymous_530)
FN:9479,(anonymous_531)
FN:9498,(anonymous_532)
FN:9675,(anonymous_533)
FN:9696,done
FN:9732,(anonymous_535)
FN:9816,(anonymous_536)
FN:9820,(anonymous_537)
FN:9825,(anonymous_538)
FN:9826,(anonymous_539)
FN:9846,(anonymous_540)
FN:9856,(anonymous_541)
FN:9871,(anonymous_542)
FN:9873,(anonymous_543)
FN:9881,(anonymous_544)
FN:9896,(anonymous_545)
FN:9910,(anonymous_546)
FN:9912,(anonymous_547)
FN:9917,(anonymous_548)
FN:9930,(anonymous_549)
FN:9933,(anonymous_550)
FN:9938,(anonymous_551)
FN:9939,(anonymous_552)
FN:9947,(anonymous_553)
FN:9950,(anonymous_554)
FN:9957,(anonymous_555)
FN:9977,(anonymous_556)
FN:9983,(anonymous_557)
FN:10022,(anonymous_558)
FN:10023,(anonymous_559)
FN:10075,(anonymous_560)
FN:10084,(anonymous_561)
FN:10109,(anonymous_562)
FN:10122,(anonymous_563)
FN:10138,(anonymous_564)
FN:10146,(anonymous_565)
FN:10156,(anonymous_566)
FN:10162,(anonymous_567)
FN:10166,(anonymous_568)
FN:10177,(anonymous_569)
FN:10195,(anonymous_570)
FN:10203,(anonymous_571)
FN:10230,(anonymous_572)
FN:10242,(anonymous_573)
FN:10247,(anonymous_574)
FN:10289,(anonymous_575)
FN:10300,(anonymous_576)
FN:10350,(anonymous_577)
FN:10383,(anonymous_578)
FN:10400,(anonymous_579)
FN:10401,(anonymous_580)
FN:10413,(anonymous_581)
FN:10414,(anonymous_582)
FN:10423,(anonymous_583)
FN:10483,(anonymous_584)
FN:10489,(anonymous_585)
FN:10520,(anonymous_586)
FN:10574,(anonymous_587)
FN:10575,(anonymous_588)
FN:10588,(anonymous_589)
FN:10591,(anonymous_590)
FN:10592,(anonymous_591)
FN:10625,(anonymous_592)
FN:10627,(anonymous_593)
FN:10642,(anonymous_594)
FN:10644,(anonymous_595)
FN:10647,(anonymous_596)
FN:10651,(anonymous_597)
FN:10695,(anonymous_598)
FN:10696,(anonymous_599)
FN:10706,(anonymous_600)
FN:10709,(anonymous_601)
FN:10713,(anonymous_602)
FN:10716,(anonymous_603)
FN:10724,(anonymous_604)
FN:10732,(anonymous_605)
FN:10735,(anonymous_606)
FN:10753,(anonymous_607)
FN:10770,(anonymous_608)
FN:10780,(anonymous_609)
FN:10797,(anonymous_610)
FN:10811,(anonymous_611)
FN:10833,(anonymous_612)
FN:10849,(anonymous_613)
FNF:614
FNH:0
FNDA:0,(anonymous_0)
FNDA:0,(anonymous_1)
FNDA:0,(anonymous_2)
FNDA:0,(anonymous_3)
FNDA:0,(anonymous_4)
FNDA:0,isFunction
FNDA:0,isWindow
FNDA:0,DOMEval
FNDA:0,toType
FNDA:0,(anonymous_9)
FNDA:0,(anonymous_10)
FNDA:0,(anonymous_11)
FNDA:0,(anonymous_12)
FNDA:0,(anonymous_13)
FNDA:0,(anonymous_14)
FNDA:0,(anonymous_15)
FNDA:0,(anonymous_16)
FNDA:0,(anonymous_17)
FNDA:0,(anonymous_18)
FNDA:0,(anonymous_19)
FNDA:0,(anonymous_20)
FNDA:0,(anonymous_21)
FNDA:0,(anonymous_22)
FNDA:0,(anonymous_23)
FNDA:0,(anonymous_24)
FNDA:0,(anonymous_25)
FNDA:0,(anonymous_26)
FNDA:0,(anonymous_27)
FNDA:0,(anonymous_28)
FNDA:0,(anonymous_29)
FNDA:0,(anonymous_30)
FNDA:0,(anonymous_31)
FNDA:0,(anonymous_32)
FNDA:0,(anonymous_33)
FNDA:0,(anonymous_34)
FNDA:0,(anonymous_35)
FNDA:0,(anonymous_36)
FNDA:0,(anonymous_37)
FNDA:0,isArrayLike
FNDA:0,(anonymous_39)
FNDA:0,(anonymous_40)
FNDA:0,(anonymous_41)
FNDA:0,(anonymous_42)
FNDA:0,(anonymous_43)
FNDA:0,(anonymous_44)
FNDA:0,(anonymous_45)
FNDA:0,(anonymous_46)
FNDA:0,(anonymous_47)
FNDA:0,Sizzle
FNDA:0,createCache
FNDA:0,cache
FNDA:0,markFunction
FNDA:0,assert
FNDA:0,addHandle
FNDA:0,siblingCheck
FNDA:0,createInputPseudo
FNDA:0,(anonymous_56)
FNDA:0,createButtonPseudo
FNDA:0,(anonymous_58)
FNDA:0,createDisabledPseudo
FNDA:0,(anonymous_60)
FNDA:0,createPositionalPseudo
FNDA:0,(anonymous_62)
FNDA:0,(anonymous_63)
FNDA:0,testContext
FNDA:0,(anonymous_65)
FNDA:0,(anonymous_66)
FNDA:0,(anonymous_67)
FNDA:0,(anonymous_68)
FNDA:0,(anonymous_69)
FNDA:0,(anonymous_70)
FNDA:0,(anonymous_71)
FNDA:0,(anonymous_72)
FNDA:0,(anonymous_73)
FNDA:0,(anonymous_74)
FNDA:0,(anonymous_75)
FNDA:0,(anonymous_76)
FNDA:0,(anonymous_77)
FNDA:0,(anonymous_78)
FNDA:0,(anonymous_79)
FNDA:0,(anonymous_80)
FNDA:0,(anonymous_81)
FNDA:0,(anonymous_82)
FNDA:0,(anonymous_83)
FNDA:0,(anonymous_84)
FNDA:0,(anonymous_85)
FNDA:0,(anonymous_86)
FNDA:0,(anonymous_87)
FNDA:0,(anonymous_88)
FNDA:0,(anonymous_89)
FNDA:0,(anonymous_90)
FNDA:0,(anonymous_91)
FNDA:0,(anonymous_92)
FNDA:0,(anonymous_93)
FNDA:0,(anonymous_94)
FNDA:0,(anonymous_95)
FNDA:0,(anonymous_96)
FNDA:0,(anonymous_97)
FNDA:0,(anonymous_98)
FNDA:0,(anonymous_99)
FNDA:0,(anonymous_100)
FNDA:0,(anonymous_101)
FNDA:0,(anonymous_102)
FNDA:0,(anonymous_103)
FNDA:0,(anonymous_104)
FNDA:0,(anonymous_105)
FNDA:0,(anonymous_106)
FNDA:0,(anonymous_107)
FNDA:0,(anonymous_108)
FNDA:0,(anonymous_109)
FNDA:0,(anonymous_110)
FNDA:0,(anonymous_111)
FNDA:0,(anonymous_112)
FNDA:0,(anonymous_113)
FNDA:0,(anonymous_114)
FNDA:0,(anonymous_115)
FNDA:0,(anonymous_116)
FNDA:0,(anonymous_117)
FNDA:0,(anonymous_118)
FNDA:0,(anonymous_119)
FNDA:0,(anonymous_120)
FNDA:0,(anonymous_121)
FNDA:0,(anonymous_122)
FNDA:0,(anonymous_123)
FNDA:0,(anonymous_124)
FNDA:0,(anonymous_125)
FNDA:0,(anonymous_126)
FNDA:0,(anonymous_127)
FNDA:0,(anonymous_128)
FNDA:0,(anonymous_129)
FNDA:0,(anonymous_130)
FNDA:0,(anonymous_131)
FNDA:0,(anonymous_132)
FNDA:0,(anonymous_133)
FNDA:0,(anonymous_134)
FNDA:0,(anonymous_135)
FNDA:0,(anonymous_136)
FNDA:0,(anonymous_137)
FNDA:0,setFilters
FNDA:0,(anonymous_139)
FNDA:0,toSelector
FNDA:0,addCombinator
FNDA:0,(anonymous_142)
FNDA:0,(anonymous_143)
FNDA:0,elementMatcher
FNDA:0,(anonymous_145)
FNDA:0,multipleContexts
FNDA:0,condense
FNDA:0,setMatcher
FNDA:0,(anonymous_149)
FNDA:0,matcherFromTokens
FNDA:0,(anonymous_151)
FNDA:0,(anonymous_152)
FNDA:0,(anonymous_153)
FNDA:0,matcherFromGroupMatchers
FNDA:0,(anonymous_155)
FNDA:0,(anonymous_156)
FNDA:0,(anonymous_157)
FNDA:0,(anonymous_158)
FNDA:0,(anonymous_159)
FNDA:0,(anonymous_160)
FNDA:0,(anonymous_161)
FNDA:0,(anonymous_162)
FNDA:0,(anonymous_163)
FNDA:0,(anonymous_164)
FNDA:0,(anonymous_165)
FNDA:0,(anonymous_166)
FNDA:0,nodeName
FNDA:0,winnow
FNDA:0,(anonymous_169)
FNDA:0,(anonymous_170)
FNDA:0,(anonymous_171)
FNDA:0,(anonymous_172)
FNDA:0,(anonymous_173)
FNDA:0,(anonymous_174)
FNDA:0,(anonymous_175)
FNDA:0,(anonymous_176)
FNDA:0,(anonymous_177)
FNDA:0,(anonymous_178)
FNDA:0,(anonymous_179)
FNDA:0,(anonymous_180)
FNDA:0,(anonymous_181)
FNDA:0,(anonymous_182)
FNDA:0,(anonymous_183)
FNDA:0,(anonymous_184)
FNDA:0,(anonymous_185)
FNDA:0,sibling
FNDA:0,(anonymous_187)
FNDA:0,(anonymous_188)
FNDA:0,(anonymous_189)
FNDA:0,(anonymous_190)
FNDA:0,(anonymous_191)
FNDA:0,(anonymous_192)
FNDA:0,(anonymous_193)
FNDA:0,(anonymous_194)
FNDA:0,(anonymous_195)
FNDA:0,(anonymous_196)
FNDA:0,(anonymous_197)
FNDA:0,(anonymous_198)
FNDA:0,(anonymous_199)
FNDA:0,(anonymous_200)
FNDA:0,createOptions
FNDA:0,(anonymous_202)
FNDA:0,(anonymous_203)
FNDA:0,(anonymous_204)
FNDA:0,(anonymous_205)
FNDA:0,add
FNDA:0,(anonymous_207)
FNDA:0,(anonymous_208)
FNDA:0,(anonymous_209)
FNDA:0,(anonymous_210)
FNDA:0,(anonymous_211)
FNDA:0,(anonymous_212)
FNDA:0,(anonymous_213)
FNDA:0,(anonymous_214)
FNDA:0,(anonymous_215)
FNDA:0,(anonymous_216)
FNDA:0,(anonymous_217)
FNDA:0,(anonymous_218)
FNDA:0,Identity
FNDA:0,Thrower
FNDA:0,adoptValue
FNDA:0,(anonymous_222)
FNDA:0,(anonymous_223)
FNDA:0,(anonymous_224)
FNDA:0,(anonymous_225)
FNDA:0,(anonymous_226)
FNDA:0,(anonymous_227)
FNDA:0,(anonymous_228)
FNDA:0,(anonymous_229)
FNDA:0,(anonymous_230)
FNDA:0,resolve
FNDA:0,(anonymous_232)
FNDA:0,(anonymous_233)
FNDA:0,(anonymous_234)
FNDA:0,(anonymous_235)
FNDA:0,(anonymous_236)
FNDA:0,(anonymous_237)
FNDA:0,(anonymous_238)
FNDA:0,(anonymous_239)
FNDA:0,(anonymous_240)
FNDA:0,(anonymous_241)
FNDA:0,(anonymous_242)
FNDA:0,(anonymous_243)
FNDA:0,(anonymous_244)
FNDA:0,(anonymous_245)
FNDA:0,(anonymous_246)
FNDA:0,(anonymous_247)
FNDA:0,(anonymous_248)
FNDA:0,completed
FNDA:0,(anonymous_250)
FNDA:0,(anonymous_251)
FNDA:0,fcamelCase
FNDA:0,camelCase
FNDA:0,(anonymous_254)
FNDA:0,Data
FNDA:0,(anonymous_256)
FNDA:0,(anonymous_257)
FNDA:0,(anonymous_258)
FNDA:0,(anonymous_259)
FNDA:0,(anonymous_260)
FNDA:0,(anonymous_261)
FNDA:0,getData
FNDA:0,dataAttr
FNDA:0,(anonymous_264)
FNDA:0,(anonymous_265)
FNDA:0,(anonymous_266)
FNDA:0,(anonymous_267)
FNDA:0,(anonymous_268)
FNDA:0,(anonymous_269)
FNDA:0,(anonymous_270)
FNDA:0,(anonymous_271)
FNDA:0,(anonymous_272)
FNDA:0,(anonymous_273)
FNDA:0,(anonymous_274)
FNDA:0,(anonymous_275)
FNDA:0,(anonymous_276)
FNDA:0,(anonymous_277)
FNDA:0,(anonymous_278)
FNDA:0,(anonymous_279)
FNDA:0,(anonymous_280)
FNDA:0,(anonymous_281)
FNDA:0,(anonymous_282)
FNDA:0,(anonymous_283)
FNDA:0,(anonymous_284)
FNDA:0,(anonymous_285)
FNDA:0,(anonymous_286)
FNDA:0,(anonymous_287)
FNDA:0,(anonymous_288)
FNDA:0,(anonymous_289)
FNDA:0,adjustCSS
FNDA:0,(anonymous_291)
FNDA:0,(anonymous_292)
FNDA:0,getDefaultDisplay
FNDA:0,showHide
FNDA:0,(anonymous_295)
FNDA:0,(anonymous_296)
FNDA:0,(anonymous_297)
FNDA:0,(anonymous_298)
FNDA:0,(anonymous_299)
FNDA:0,getAll
FNDA:0,setGlobalEval
FNDA:0,buildFragment
FNDA:0,returnTrue
FNDA:0,returnFalse
FNDA:0,expectSync
FNDA:0,safeActiveElement
FNDA:0,on
FNDA:0,(anonymous_308)
FNDA:0,(anonymous_309)
FNDA:0,(anonymous_310)
FNDA:0,(anonymous_311)
FNDA:0,(anonymous_312)
FNDA:0,(anonymous_313)
FNDA:0,(anonymous_314)
FNDA:0,(anonymous_315)
FNDA:0,(anonymous_316)
FNDA:0,(anonymous_317)
FNDA:0,(anonymous_318)
FNDA:0,(anonymous_319)
FNDA:0,(anonymous_320)
FNDA:0,(anonymous_321)
FNDA:0,(anonymous_322)
FNDA:0,(anonymous_323)
FNDA:0,leverageNative
FNDA:0,(anonymous_325)
FNDA:0,(anonymous_326)
FNDA:0,(anonymous_327)
FNDA:0,(anonymous_328)
FNDA:0,(anonymous_329)
FNDA:0,(anonymous_330)
FNDA:0,(anonymous_331)
FNDA:0,(anonymous_332)
FNDA:0,(anonymous_333)
FNDA:0,(anonymous_334)
FNDA:0,(anonymous_335)
FNDA:0,(anonymous_336)
FNDA:0,(anonymous_337)
FNDA:0,(anonymous_338)
FNDA:0,(anonymous_339)
FNDA:0,(anonymous_340)
FNDA:0,manipulationTarget
FNDA:0,disableScript
FNDA:0,restoreScript
FNDA:0,cloneCopyEvent
FNDA:0,fixInput
FNDA:0,domManip
FNDA:0,(anonymous_347)
FNDA:0,remove
FNDA:0,(anonymous_349)
FNDA:0,(anonymous_350)
FNDA:0,(anonymous_351)
FNDA:0,(anonymous_352)
FNDA:0,(anonymous_353)
FNDA:0,(anonymous_354)
FNDA:0,(anonymous_355)
FNDA:0,(anonymous_356)
FNDA:0,(anonymous_357)
FNDA:0,(anonymous_358)
FNDA:0,(anonymous_359)
FNDA:0,(anonymous_360)
FNDA:0,(anonymous_361)
FNDA:0,(anonymous_362)
FNDA:0,(anonymous_363)
FNDA:0,(anonymous_364)
FNDA:0,(anonymous_365)
FNDA:0,(anonymous_366)
FNDA:0,(anonymous_367)
FNDA:0,(anonymous_368)
FNDA:0,(anonymous_369)
FNDA:0,(anonymous_370)
FNDA:0,(anonymous_371)
FNDA:0,(anonymous_372)
FNDA:0,(anonymous_373)
FNDA:0,(anonymous_374)
FNDA:0,(anonymous_375)
FNDA:0,(anonymous_376)
FNDA:0,computeStyleTests
FNDA:0,roundPixelMeasures
FNDA:0,(anonymous_379)
FNDA:0,(anonymous_380)
FNDA:0,(anonymous_381)
FNDA:0,(anonymous_382)
FNDA:0,(anonymous_383)
FNDA:0,(anonymous_384)
FNDA:0,curCSS
FNDA:0,addGetHookIf
FNDA:0,(anonymous_387)
FNDA:0,vendorPropName
FNDA:0,finalPropName
FNDA:0,setPositiveNumber
FNDA:0,boxModelAdjustment
FNDA:0,getWidthOrHeight
FNDA:0,(anonymous_393)
FNDA:0,(anonymous_394)
FNDA:0,(anonymous_395)
FNDA:0,(anonymous_396)
FNDA:0,(anonymous_397)
FNDA:0,(anonymous_398)
FNDA:0,(anonymous_399)
FNDA:0,(anonymous_400)
FNDA:0,(anonymous_401)
FNDA:0,(anonymous_402)
FNDA:0,(anonymous_403)
FNDA:0,(anonymous_404)
FNDA:0,(anonymous_405)
FNDA:0,Tween
FNDA:0,(anonymous_407)
FNDA:0,(anonymous_408)
FNDA:0,(anonymous_409)
FNDA:0,(anonymous_410)
FNDA:0,(anonymous_411)
FNDA:0,(anonymous_412)
FNDA:0,(anonymous_413)
FNDA:0,(anonymous_414)
FNDA:0,schedule
FNDA:0,createFxNow
FNDA:0,(anonymous_417)
FNDA:0,genFx
FNDA:0,createTween
FNDA:0,defaultPrefilter
FNDA:0,(anonymous_421)
FNDA:0,(anonymous_422)
FNDA:0,(anonymous_423)
FNDA:0,(anonymous_424)
FNDA:0,(anonymous_425)
FNDA:0,(anonymous_426)
FNDA:0,propFilter
FNDA:0,Animation
FNDA:0,(anonymous_429)
FNDA:0,(anonymous_430)
FNDA:0,(anonymous_431)
FNDA:0,(anonymous_432)
FNDA:0,(anonymous_433)
FNDA:0,(anonymous_434)
FNDA:0,(anonymous_435)
FNDA:0,(anonymous_436)
FNDA:0,(anonymous_437)
FNDA:0,(anonymous_438)
FNDA:0,(anonymous_439)
FNDA:0,(anonymous_440)
FNDA:0,(anonymous_441)
FNDA:0,(anonymous_442)
FNDA:0,(anonymous_443)
FNDA:0,(anonymous_444)
FNDA:0,(anonymous_445)
FNDA:0,(anonymous_446)
FNDA:0,(anonymous_447)
FNDA:0,(anonymous_448)
FNDA:0,(anonymous_449)
FNDA:0,(anonymous_450)
FNDA:0,(anonymous_451)
FNDA:0,(anonymous_452)
FNDA:0,(anonymous_453)
FNDA:0,(anonymous_454)
FNDA:0,(anonymous_455)
FNDA:0,(anonymous_456)
FNDA:0,(anonymous_457)
FNDA:0,(anonymous_458)
FNDA:0,(anonymous_459)
FNDA:0,(anonymous_460)
FNDA:0,(anonymous_461)
FNDA:0,(anonymous_462)
FNDA:0,(anonymous_463)
FNDA:0,(anonymous_464)
FNDA:0,(anonymous_465)
FNDA:0,(anonymous_466)
FNDA:0,(anonymous_467)
FNDA:0,(anonymous_468)
FNDA:0,(anonymous_469)
FNDA:0,(anonymous_470)
FNDA:0,(anonymous_471)
FNDA:0,(anonymous_472)
FNDA:0,(anonymous_473)
FNDA:0,(anonymous_474)
FNDA:0,stripAndCollapse
FNDA:0,getClass
FNDA:0,classesToArray
FNDA:0,(anonymous_478)
FNDA:0,(anonymous_479)
FNDA:0,(anonymous_480)
FNDA:0,(anonymous_481)
FNDA:0,(anonymous_482)
FNDA:0,(anonymous_483)
FNDA:0,(anonymous_484)
FNDA:0,(anonymous_485)
FNDA:0,(anonymous_486)
FNDA:0,(anonymous_487)
FNDA:0,(anonymous_488)
FNDA:0,(anonymous_489)
FNDA:0,(anonymous_490)
FNDA:0,(anonymous_491)
FNDA:0,(anonymous_492)
FNDA:0,(anonymous_493)
FNDA:0,(anonymous_494)
FNDA:0,(anonymous_495)
FNDA:0,(anonymous_496)
FNDA:0,(anonymous_497)
FNDA:0,(anonymous_498)
FNDA:0,(anonymous_499)
FNDA:0,(anonymous_500)
FNDA:0,(anonymous_501)
FNDA:0,(anonymous_502)
FNDA:0,(anonymous_503)
FNDA:0,(anonymous_504)
FNDA:0,(anonymous_505)
FNDA:0,buildParams
FNDA:0,(anonymous_507)
FNDA:0,(anonymous_508)
FNDA:0,(anonymous_509)
FNDA:0,(anonymous_510)
FNDA:0,(anonymous_511)
FNDA:0,(anonymous_512)
FNDA:0,(anonymous_513)
FNDA:0,(anonymous_514)
FNDA:0,(anonymous_515)
FNDA:0,(anonymous_516)
FNDA:0,addToPrefiltersOrTransports
FNDA:0,(anonymous_518)
FNDA:0,inspectPrefiltersOrTransports
FNDA:0,inspect
FNDA:0,(anonymous_521)
FNDA:0,ajaxExtend
FNDA:0,ajaxHandleResponses
FNDA:0,ajaxConvert
FNDA:0,(anonymous_525)
FNDA:0,(anonymous_526)
FNDA:0,(anonymous_527)
FNDA:0,(anonymous_528)
FNDA:0,(anonymous_529)
FNDA:0,(anonymous_530)
FNDA:0,(anonymous_531)
FNDA:0,(anonymous_532)
FNDA:0,(anonymous_533)
FNDA:0,done
FNDA:0,(anonymous_535)
FNDA:0,(anonymous_536)
FNDA:0,(anonymous_537)
FNDA:0,(anonymous_538)
FNDA:0,(anonymous_539)
FNDA:0,(anonymous_540)
FNDA:0,(anonymous_541)
FNDA:0,(anonymous_542)
FNDA:0,(anonymous_543)
FNDA:0,(anonymous_544)
FNDA:0,(anonymous_545)
FNDA:0,(anonymous_546)
FNDA:0,(anonymous_547)
FNDA:0,(anonymous_548)
FNDA:0,(anonymous_549)
FNDA:0,(anonymous_550)
FNDA:0,(anonymous_551)
FNDA:0,(anonymous_552)
FNDA:0,(anonymous_553)
FNDA:0,(anonymous_554)
FNDA:0,(anonymous_555)
FNDA:0,(anonymous_556)
FNDA:0,(anonymous_557)
FNDA:0,(anonymous_558)
FNDA:0,(anonymous_559)
FNDA:0,(anonymous_560)
FNDA:0,(anonymous_561)
FNDA:0,(anonymous_562)
FNDA:0,(anonymous_563)
FNDA:0,(anonymous_564)
FNDA:0,(anonymous_565)
FNDA:0,(anonymous_566)
FNDA:0,(anonymous_567)
FNDA:0,(anonymous_568)
FNDA:0,(anonymous_569)
FNDA:0,(anonymous_570)
FNDA:0,(anonymous_571)
FNDA:0,(anonymous_572)
FNDA:0,(anonymous_573)
FNDA:0,(anonymous_574)
FNDA:0,(anonymous_575)
FNDA:0,(anonymous_576)
FNDA:0,(anonymous_577)
FNDA:0,(anonymous_578)
FNDA:0,(anonymous_579)
FNDA:0,(anonymous_580)
FNDA:0,(anonymous_581)
FNDA:0,(anonymous_582)
FNDA:0,(anonymous_583)
FNDA:0,(anonymous_584)
FNDA:0,(anonymous_585)
FNDA:0,(anonymous_586)
FNDA:0,(anonymous_587)
FNDA:0,(anonymous_588)
FNDA:0,(anonymous_589)
FNDA:0,(anonymous_590)
FNDA:0,(anonymous_591)
FNDA:0,(anonymous_592)
FNDA:0,(anonymous_593)
FNDA:0,(anonymous_594)
FNDA:0,(anonymous_595)
FNDA:0,(anonymous_596)
FNDA:0,(anonymous_597)
FNDA:0,(anonymous_598)
FNDA:0,(anonymous_599)
FNDA:0,(anonymous_600)
FNDA:0,(anonymous_601)
FNDA:0,(anonymous_602)
FNDA:0,(anonymous_603)
FNDA:0,(anonymous_604)
FNDA:0,(anonymous_605)
FNDA:0,(anonymous_606)
FNDA:0,(anonymous_607)
FNDA:0,(anonymous_608)
FNDA:0,(anonymous_609)
FNDA:0,(anonymous_610)
FNDA:0,(anonymous_611)
FNDA:0,(anonymous_612)
FNDA:0,(anonymous_613)
DA:14,0
DA:18,0
DA:27,0
DA:30,0
DA:31,0
DA:33,0
DA:36,0
DA:48,0
DA:50,0
DA:52,0
DA:54,0
DA:55,0
DA:57,0
DA:61,0
DA:63,0
DA:65,0
DA:67,0
DA:69,0
DA:71,0
DA:73,0
DA:75,0
DA:77,0
DA:83,0
DA:87,0
DA:88,0
DA:92,0
DA:96,0
DA:104,0
DA:107,0
DA:109,0
DA:110,0
DA:111,0
DA:123,0
DA:124,0
DA:125,0
DA:129,0
DA:134,0
DA:135,0
DA:139,0
DA:150,0
DA:153,0
DA:157,0
DA:160,0
DA:171,0
DA:179,0
DA:180,0
DA:184,0
DA:192,0
DA:195,0
DA:198,0
DA:203,0
DA:207,0
DA:208,0
DA:213,0
DA:217,0
DA:221,0
DA:225,0
DA:226,0
DA:231,0
DA:232,0
DA:237,0
DA:238,0
DA:239,0
DA:243,0
DA:253,0
DA:255,0
DA:256,0
DA:257,0
DA:258,0
DA:261,0
DA:262,0
DA:265,0
DA:266,0
DA:270,0
DA:271,0
DA:275,0
DA:276,0
DA:277,0
DA:280,0
DA:283,0
DA:286,0
DA:287,0
DA:291,0
DA:292,0
DA:296,0
DA:298,0
DA:301,0
DA:302,0
DA:303,0
DA:304,0
DA:306,0
DA:308,0
DA:311,0
DA:314,0
DA:315,0
DA:322,0
DA:325,0
DA:334,0
DA:344,0
DA:345,0
DA:348,0
DA:351,0
DA:352,0
DA:356,0
DA:357,0
DA:363,0
DA:364,0
DA:366,0
DA:372,0
DA:376,0
DA:378,0
DA:379,0
DA:380,0
DA:381,0
DA:382,0
DA:386,0
DA:387,0
DA:388,0
DA:393,0
DA:398,0
DA:400,0
DA:401,0
DA:402,0
DA:407,0
DA:411,0
DA:415,0
DA:421,0
DA:422,0
DA:423,0
DA:425,0
DA:426,0
DA:429,0
DA:431,0
DA:436,0
DA:437,0
DA:438,0
DA:439,0
DA:443,0
DA:444,0
DA:445,0
DA:446,0
DA:450,0
DA:456,0
DA:457,0
DA:460,0
DA:461,0
DA:462,0
DA:463,0
DA:465,0
DA:466,0
DA:472,0
DA:473,0
DA:475,0
DA:476,0
DA:482,0
DA:493,0
DA:494,0
DA:498,0
DA:500,0
DA:509,0
DA:510,0
DA:512,0
DA:513,0
DA:516,0
DA:530,0
DA:554,0
DA:555,0
DA:556,0
DA:557,0
DA:558,0
DA:559,0
DA:560,0
DA:561,0
DA:562,0
DA:563,0
DA:564,0
DA:566,0
DA:570,0
DA:571,0
DA:572,0
DA:573,0
DA:574,0
DA:575,0
DA:579,0
DA:580,0
DA:581,0
DA:582,0
DA:583,0
DA:584,0
DA:587,0
DA:590,0
DA:596,0
DA:599,0
DA:603,0
DA:613,0
DA:627,0
DA:628,0
DA:631,0
DA:632,0
DA:634,0
DA:636,0
DA:637,0
DA:639,0
DA:657,0
DA:658,0
DA:659,0
DA:661,0
DA:664,0
DA:666,0
DA:670,0
DA:671,0
DA:672,0
DA:674,0
DA:690,0
DA:691,0
DA:692,0
DA:695,0
DA:696,0
DA:700,0
DA:705,0
DA:712,0
DA:713,0
DA:716,0
DA:718,0
DA:724,0
DA:725,0
DA:733,0
DA:735,0
DA:739,0
DA:745,0
DA:746,0
DA:749,0
DA:750,0
DA:757,0
DA:760,0
DA:762,0
DA:765,0
DA:768,0
DA:772,0
DA:773,0
DA:774,0
DA:776,0
DA:780,0
DA:783,0
DA:786,0
DA:787,0
DA:792,0
DA:793,0
DA:794,0
DA:797,0
DA:806,0
DA:810,0
DA:811,0
DA:816,0
DA:817,0
DA:818,0
DA:821,0
DA:824,0
DA:825,0
DA:830,0
DA:838,0
DA:839,0
DA:848,0
DA:852,0
DA:857,0
DA:860,0
DA:861,0
DA:863,0
DA:868,0
DA:869,0
DA:870,0
DA:871,0
DA:874,0
DA:877,0
DA:878,0
DA:881,0
DA:883,0
DA:885,0
DA:886,0
DA:894,0
DA:904,0
DA:909,0
DA:912,0
DA:914,0
DA:916,0
DA:924,0
DA:925,0
DA:933,0
DA:935,0
DA:936,0
DA:938,0
DA:942,0
DA:943,0
DA:947,0
DA:957,0
DA:958,0
DA:960,0
DA:961,0
DA:972,0
DA:973,0
DA:977,0
DA:978,0
DA:982,0
DA:983,0
DA:984,0
DA:985,0
DA:990,0
DA:998,0
DA:999,0
DA:1000,0
DA:1009,0
DA:1010,0
DA:1011,0
DA:1022,0
DA:1027,0
DA:1036,0
DA:1039,0
DA:1040,0
DA:1041,0
DA:1043,0
DA:1049,0
DA:1057,0
DA:1062,0
DA:1063,0
DA:1067,0
DA:1076,0
DA:1077,0
DA:1078,0
DA:1080,0
DA:1081,0
DA:1084,0
DA:1085,0
DA:1086,0
DA:1099,0
DA:1103,0
DA:1110,0
DA:1111,0
DA:1112,0
DA:1117,0
DA:1125,0
DA:1127,0
DA:1134,0
DA:1135,0
DA:1139,0
DA:1140,0
DA:1141,0
DA:1149,0
DA:1153,0
DA:1154,0
DA:1157,0
DA:1158,0
DA:1167,0
DA:1168,0
DA:1169,0
DA:1179,0
DA:1180,0
DA:1181,0
DA:1188,0
DA:1189,0
DA:1190,0
DA:1194,0
DA:1200,0
DA:1201,0
DA:1202,0
DA:1206,0
DA:1207,0
DA:1208,0
DA:1209,0
DA:1210,0
DA:1213,0
DA:1214,0
DA:1215,0
DA:1216,0
DA:1220,0
DA:1221,0
DA:1222,0
DA:1223,0
DA:1225,0
DA:1231,0
DA:1232,0
DA:1234,0
DA:1236,0
DA:1239,0
DA:1240,0
DA:1241,0
DA:1245,0
DA:1246,0
DA:1247,0
DA:1248,0
DA:1249,0
DA:1250,0
DA:1255,0
DA:1261,0
DA:1263,0
DA:1264,0
DA:1267,0
DA:1268,0
DA:1274,0
DA:1275,0
DA:1278,0
DA:1281,0
DA:1282,0
DA:1283,0
DA:1284,0
DA:1288,0
DA:1290,0
DA:1294,0
DA:1295,0
DA:1296,0
DA:1306,0
DA:1313,0
DA:1315,0
DA:1319,0
DA:1328,0
DA:1336,0
DA:1337,0
DA:1342,0
DA:1343,0
DA:1347,0
DA:1348,0
DA:1356,0
DA:1357,0
DA:1358,0
DA:1359,0
DA:1360,0
DA:1367,0
DA:1368,0
DA:1374,0
DA:1375,0
DA:1380,0
DA:1381,0
DA:1384,0
DA:1385,0
DA:1390,0
DA:1391,0
DA:1392,0
DA:1396,0
DA:1397,0
DA:1402,0
DA:1403,0
DA:1408,0
DA:1409,0
DA:1410,0
DA:1415,0
DA:1416,0
DA:1420,0
DA:1426,0
DA:1430,0
DA:1434,0
DA:1435,0
DA:1439,0
DA:1440,0
DA:1444,0
DA:1449,0
DA:1451,0
DA:1452,0
DA:1453,0
DA:1460,0
DA:1461,0
DA:1462,0
DA:1463,0
DA:1467,0
DA:1474,0
DA:1478,0
DA:1479,0
DA:1480,0
DA:1484,0
DA:1485,0
DA:1486,0
DA:1494,0
DA:1501,0
DA:1509,0
DA:1511,0
DA:1518,0
DA:1520,0
DA:1524,0
DA:1529,0
DA:1534,0
DA:1535,0
DA:1536,0
DA:1540,0
DA:1541,0
DA:1542,0
DA:1543,0
DA:1544,0
DA:1547,0
DA:1553,0
DA:1563,0
DA:1564,0
DA:1568,0
DA:1569,0
DA:1570,0
DA:1572,0
DA:1573,0
DA:1574,0
DA:1578,0
DA:1579,0
DA:1582,0
DA:1598,0
DA:1601,0
DA:1602,0
DA:1605,0
DA:1606,0
DA:1608,0
DA:1613,0
DA:1614,0
DA:1617,0
DA:1622,0
DA:1625,0
DA:1629,0
DA:1632,0
DA:1639,0
DA:1640,0
DA:1642,0
DA:1645,0
DA:1652,0
DA:1653,0
DA:1656,0
DA:1659,0
DA:1663,0
DA:1672,0
DA:1673,0
DA:1676,0
DA:1677,0
DA:1684,0
DA:1686,0
DA:1687,0
DA:1688,0
DA:1691,0
DA:1692,0
DA:1693,0
DA:1695,0
DA:1696,0
DA:1697,0
DA:1698,0
DA:1701,0
DA:1702,0
DA:1708,0
DA:1710,0
DA:1717,0
DA:1719,0
DA:1720,0
DA:1721,0
DA:1723,0
DA:1726,0
DA:1729,0
DA:1731,0
DA:1735,0
DA:1736,0
DA:1740,0
DA:1741,0
DA:1744,0
DA:1745,0
DA:1750,0
DA:1753,0
DA:1775,0
DA:1778,0
DA:1781,0
DA:1782,0
DA:1785,0
DA:1800,0
DA:1802,0
DA:1805,0
DA:1806,0
DA:1811,0
DA:1814,0
DA:1817,0
DA:1818,0
DA:1821,0
DA:1826,0
DA:1828,0
DA:1829,0
DA:1833,0
DA:1834,0
DA:1837,0
DA:1846,0
DA:1847,0
DA:1851,0
DA:1858,0
DA:1859,0
DA:1861,0
DA:1864,0
DA:1869,0
DA:1871,0
DA:1875,0
DA:1885,0
DA:1886,0
DA:1888,0
DA:1889,0
DA:1891,0
DA:1892,0
DA:1895,0
DA:1899,0
DA:1913,0
DA:1914,0
DA:1915,0
DA:1917,0
DA:1921,0
DA:1926,0
DA:1927,0
DA:1928,0
DA:1929,0
DA:1930,0
DA:1932,0
DA:1935,0
DA:1936,0
DA:1937,0
DA:1938,0
DA:1939,0
DA:1943,0
DA:1948,0
DA:1950,0
DA:1953,0
DA:1956,0
DA:1961,0
DA:1962,0
DA:1966,0
DA:1969,0
DA:1970,0
DA:1971,0
DA:1972,0
DA:1974,0
DA:1980,0
DA:1981,0
DA:1982,0
DA:1989,0
DA:1992,0
DA:1993,0
DA:1997,0
DA:2000,0
DA:2001,0
DA:2002,0
DA:2007,0
DA:2010,0
DA:2013,0
DA:2019,0
DA:2020,0
DA:2025,0
DA:2028,0
DA:2031,0
DA:2032,0
DA:2040,0
DA:2041,0
DA:2053,0
DA:2059,0
DA:2060,0
DA:2064,0
DA:2065,0
DA:2066,0
DA:2069,0
DA:2070,0
DA:2071,0
DA:2072,0
DA:2073,0
DA:2077,0
DA:2081,0
DA:2093,0
DA:2094,0
DA:2095,0
DA:2097,0
DA:2100,0
DA:2101,0
DA:2104,0
DA:2105,0
DA:2106,0
DA:2111,0
DA:2112,0
DA:2115,0
DA:2116,0
DA:2121,0
DA:2122,0
DA:2127,0
DA:2128,0
DA:2129,0
DA:2143,0
DA:2144,0
DA:2146,0
DA:2147,0
DA:2149,0
DA:2150,0
DA:2154,0
DA:2155,0
DA:2158,0
DA:2164,0
DA:2165,0
DA:2169,0
DA:2173,0
DA:2186,0
DA:2187,0
DA:2195,0
DA:2197,0
DA:2200,0
DA:2210,0
DA:2211,0
DA:2212,0
DA:2215,0
DA:2219,0
DA:2224,0
DA:2228,0
DA:2232,0
DA:2233,0
DA:2238,0
DA:2249,0
DA:2253,0
DA:2257,0
DA:2261,0
DA:2262,0
DA:2263,0
DA:2265,0
DA:2269,0
DA:2270,0
DA:2271,0
DA:2273,0
DA:2277,0
DA:2282,0
DA:2283,0
DA:2285,0
DA:2289,0
DA:2290,0
DA:2291,0
DA:2293,0
DA:2298,0
DA:2301,0
DA:2302,0
DA:2304,0
DA:2305,0
DA:2310,0
DA:2311,0
DA:2313,0
DA:2316,0
DA:2318,0
DA:2319,0
DA:2322,0
DA:2323,0
DA:2324,0
DA:2326,0
DA:2329,0
DA:2330,0
DA:2333,0
DA:2335,0
DA:2338,0
DA:2341,0
DA:2342,0
DA:2343,0
DA:2349,0
DA:2353,0
DA:2354,0
DA:2356,0
DA:2357,0
DA:2362,0
DA:2366,0
DA:2367,0
DA:2374,0
DA:2384,0
DA:2385,0
DA:2386,0
DA:2387,0
DA:2388,0
DA:2390,0
DA:2394,0
DA:2395,0
DA:2396,0
DA:2397,0
DA:2398,0
DA:2400,0
DA:2404,0
DA:2405,0
DA:2406,0
DA:2409,0
DA:2415,0
DA:2418,0
DA:2419,0
DA:2420,0
DA:2421,0
DA:2422,0
DA:2427,0
DA:2428,0
DA:2429,0
DA:2433,0
DA:2436,0
DA:2437,0
DA:2438,0
DA:2442,0
DA:2446,0
DA:2449,0
DA:2450,0
DA:2456,0
DA:2461,0
DA:2463,0
DA:2464,0
DA:2465,0
DA:2466,0
DA:2469,0
DA:2475,0
DA:2476,0
DA:2477,0
DA:2478,0
DA:2480,0
DA:2485,0
DA:2486,0
DA:2487,0
DA:2488,0
DA:2490,0
DA:2491,0
DA:2492,0
DA:2493,0
DA:2494,0
DA:2495,0
DA:2501,0
DA:2505,0
DA:2506,0
DA:2508,0
DA:2509,0
DA:2511,0
DA:2513,0
DA:2514,0
DA:2515,0
DA:2518,0
DA:2525,0
DA:2529,0
DA:2542,0
DA:2543,0
DA:2547,0
DA:2548,0
DA:2549,0
DA:2552,0
DA:2553,0
DA:2554,0
DA:2555,0
DA:2560,0
DA:2561,0
DA:2562,0
DA:2565,0
DA:2566,0
DA:2567,0
DA:2568,0
DA:2571,0
DA:2574,0
DA:2578,0
DA:2579,0
DA:2580,0
DA:2583,0
DA:2590,0
DA:2595,0
DA:2596,0
DA:2598,0
DA:2606,0
DA:2607,0
DA:2608,0
DA:2609,0
DA:2612,0
DA:2613,0
DA:2615,0
DA:2616,0
DA:2618,0
DA:2619,0
DA:2625,0
DA:2626,0
DA:2629,0
DA:2630,0
DA:2631,0
DA:2633,0
DA:2636,0
DA:2639,0
DA:2640,0
DA:2641,0
DA:2642,0
DA:2645,0
DA:2660,0
DA:2664,0
DA:2668,0
DA:2669,0
DA:2670,0
DA:2672,0
DA:2673,0
DA:2674,0
DA:2675,0
DA:2676,0
DA:2679,0
DA:2682,0
DA:2683,0
DA:2685,0
DA:2691,0
DA:2697,0
DA:2698,0
DA:2699,0
DA:2705,0
DA:2706,0
DA:2707,0
DA:2709,0
DA:2710,0
DA:2711,0
DA:2712,0
DA:2715,0
DA:2716,0
DA:2721,0
DA:2724,0
DA:2725,0
DA:2729,0
DA:2730,0
DA:2737,0
DA:2746,0
DA:2747,0
DA:2748,0
DA:2749,0
DA:2752,0
DA:2755,0
DA:2756,0
DA:2757,0
DA:2758,0
DA:2764,0
DA:2768,0
DA:2771,0
DA:2774,0
DA:2779,0
DA:2780,0
DA:2781,0
DA:2784,0
DA:2787,0
DA:2792,0
DA:2794,0
DA:2795,0
DA:2796,0
DA:2798,0
DA:2801,0
DA:2802,0
DA:2804,0
DA:2805,0
DA:2806,0
DA:2807,0
DA:2808,0
DA:2810,0
DA:2815,0
DA:2821,0
DA:2823,0
DA:2835,0
DA:2837,0
DA:2838,0
DA:2840,0
DA:2844,0
DA:2847,0
DA:2848,0
DA:2851,0
DA:2853,0
DA:2854,0
DA:2857,0
DA:2858,0
DA:2861,0
DA:2865,0
DA:2866,0
DA:2867,0
DA:2870,0
DA:2871,0
DA:2873,0
DA:2876,0
DA:2883,0
DA:2884,0
DA:2885,0
DA:2886,0
DA:2887,0
DA:2890,0
DA:2898,0
DA:2905,0
DA:2911,0
DA:2915,0
DA:2918,0
DA:2922,0
DA:2925,0
DA:2931,0
DA:2932,0
DA:2933,0
DA:2935,0
DA:2936,0
DA:2937,0
DA:2944,0
DA:2945,0
DA:2946,0
DA:2947,0
DA:2949,0
DA:2950,0
DA:2951,0
DA:2958,0
DA:2959,0
DA:2961,0
DA:2963,0
DA:2964,0
DA:2972,0
DA:2978,0
DA:2979,0
DA:2982,0
DA:2983,0
DA:2984,0
DA:2985,0
DA:2986,0
DA:2987,0
DA:2992,0
DA:2993,0
DA:2994,0
DA:2996,0
DA:2997,0
DA:2998,0
DA:2999,0
DA:3001,0
DA:3004,0
DA:3008,0
DA:3009,0
DA:3011,0
DA:3012,0
DA:3013,0
DA:3017,0
DA:3021,0
DA:3027,0
DA:3030,0
DA:3036,0
DA:3037,0
DA:3038,0
DA:3043,0
DA:3044,0
DA:3045,0
DA:3050,0
DA:3051,0
DA:3052,0
DA:3057,0
DA:3060,0
DA:3061,0
DA:3063,0
DA:3064,0
DA:3067,0
DA:3068,0
DA:3071,0
DA:3072,0
DA:3076,0
DA:3079,0
DA:3080,0
DA:3082,0
DA:3083,0
DA:3084,0
DA:3085,0
DA:3086,0
DA:3092,0
DA:3094,0
DA:3095,0
DA:3098,0
DA:3101,0
DA:3104,0
DA:3107,0
DA:3131,0
DA:3133,0
DA:3137,0
DA:3138,0
DA:3143,0
DA:3146,0
DA:3147,0
DA:3152,0
DA:3155,0
DA:3159,0
DA:3162,0
DA:3163,0
DA:3167,0
DA:3174,0
DA:3175,0
DA:3178,0
DA:3179,0
DA:3183,0
DA:3188,0
DA:3192,0
DA:3194,0
DA:3197,0
DA:3198,0
DA:3200,0
DA:3204,0
DA:3205,0
DA:3210,0
DA:3214,0
DA:3215,0
DA:3216,0
DA:3217,0
DA:3221,0
DA:3222,0
DA:3229,0
DA:3233,0
DA:3236,0
DA:3239,0
DA:3242,0
DA:3249,0
DA:3251,0
DA:3252,0
DA:3254,0
DA:3255,0
DA:3256,0
DA:3257,0
DA:3258,0
DA:3266,0
DA:3267,0
DA:3268,0
DA:3269,0
DA:3272,0
DA:3273,0
DA:3274,0
DA:3277,0
DA:3284,0
DA:3285,0
DA:3291,0
DA:3298,0
DA:3299,0
DA:3303,0
DA:3304,0
DA:3308,0
DA:3316,0
DA:3324,0
DA:3331,0
DA:3332,0
DA:3335,0
DA:3337,0
DA:3338,0
DA:3341,0
DA:3344,0
DA:3347,0
DA:3350,0
DA:3353,0
DA:3356,0
DA:3359,0
DA:3362,0
DA:3365,0
DA:3368,0
DA:3371,0
DA:3378,0
DA:3384,0
DA:3385,0
DA:3388,0
DA:3391,0
DA:3392,0
DA:3394,0
DA:3395,0
DA:3398,0
DA:3399,0
DA:3402,0
DA:3405,0
DA:3406,0
DA:3410,0
DA:3411,0
DA:3415,0
DA:3418,0
DA:3424,0
DA:3425,0
DA:3426,0
DA:3428,0
DA:3453,0
DA:3457,0
DA:3474,0
DA:3477,0
DA:3480,0
DA:3483,0
DA:3486,0
DA:3490,0
DA:3491,0
DA:3492,0
DA:3493,0
DA:3496,0
DA:3500,0
DA:3501,0
DA:3507,0
DA:3508,0
DA:3511,0
DA:3514,0
DA:3517,0
DA:3518,0
DA:3522,0
DA:3528,0
DA:3532,0
DA:3535,0
DA:3536,0
DA:3537,0
DA:3540,0
DA:3541,0
DA:3542,0
DA:3543,0
DA:3544,0
DA:3546,0
DA:3549,0
DA:3554,0
DA:3555,0
DA:3558,0
DA:3563,0
DA:3565,0
DA:3566,0
DA:3569,0
DA:3570,0
DA:3574,0
DA:3580,0
DA:3587,0
DA:3588,0
DA:3590,0
DA:3597,0
DA:3598,0
DA:3599,0
DA:3602,0
DA:3609,0
DA:3610,0
DA:3611,0
DA:3613,0
DA:3616,0
DA:3621,0
DA:3622,0
DA:3623,0
DA:3624,0
DA:3625,0
DA:3626,0
DA:3629,0
DA:3634,0
DA:3635,0
DA:3640,0
DA:3644,0
DA:3649,0
DA:3652,0
DA:3658,0
DA:3661,0
DA:3662,0
DA:3665,0
DA:3666,0
DA:3674,0
DA:3684,0
DA:3688,0
DA:3691,0
DA:3702,0
DA:3703,0
DA:3705,0
DA:3708,0
DA:3709,0
DA:3712,0
DA:3717,0
DA:3719,0
DA:3720,0
DA:3723,0
DA:3728,0
DA:3729,0
DA:3730,0
DA:3731,0
DA:3736,0
DA:3743,0
DA:3747,0
DA:3749,0
DA:3750,0
DA:3751,0
DA:3752,0
DA:3758,0
DA:3759,0
DA:3762,0
DA:3766,0
DA:3767,0
DA:3774,0
DA:3784,0
DA:3787,0
DA:3788,0
DA:3798,0
DA:3800,0
DA:3814,0
DA:3815,0
DA:3816,0
DA:3821,0
DA:3826,0
DA:3829,0
DA:3830,0
DA:3833,0
DA:3834,0
DA:3841,0
DA:3845,0
DA:3846,0
DA:3847,0
DA:3850,0
DA:3859,0
DA:3860,0
DA:3865,0
DA:3866,0
DA:3868,0
DA:3873,0
DA:3876,0
DA:3888,0
DA:3899,0
DA:3914,0
DA:3917,0
DA:3920,0
DA:3921,0
DA:3922,0
DA:3927,0
DA:3930,0
DA:3931,0
DA:3936,0
DA:3958,0
DA:3963,0
DA:3964,0
DA:3965,0
DA:3971,0
DA:3975,0
DA:3978,0
DA:3979,0
DA:3983,0
DA:3991,0
DA:3994,0
DA:3997,0
DA:3998,0
DA:4001,0
DA:4004,0
DA:4005,0
DA:4006,0
DA:4007,0
DA:4008,0
DA:4009,0
DA:4015,0
DA:4016,0
DA:4020,0
DA:4023,0
DA:4028,0
DA:4029,0
DA:4032,0
DA:4039,0
DA:4041,0
DA:4045,0
DA:4046,0
DA:4053,0
DA:4054,0
DA:4055,0
DA:4063,0
DA:4065,0
DA:4067,0
DA:4074,0
DA:4077,0
DA:4080,0
DA:4093,0
DA:4094,0
DA:4098,0
DA:4101,0
DA:4102,0
DA:4106,0
DA:4110,0
DA:4114,0
DA:4115,0
DA:4116,0
DA:4123,0
DA:4127,0
DA:4132,0
DA:4135,0
DA:4143,0
DA:4144,0
DA:4145,0
DA:4146,0
DA:4149,0
DA:4150,0
DA:4151,0
DA:4152,0
DA:4156,0
DA:4157,0
DA:4159,0
DA:4160,0
DA:4163,0
DA:4166,0
DA:4167,0
DA:4168,0
DA:4172,0
DA:4173,0
DA:4174,0
DA:4179,0
DA:4180,0
DA:4181,0
DA:4190,0
DA:4191,0
DA:4195,0
DA:4196,0
DA:4199,0
DA:4204,0
DA:4205,0
DA:4209,0
DA:4216,0
DA:4218,0
DA:4226,0
DA:4233,0
DA:4236,0
DA:4238,0
DA:4243,0
DA:4246,0
DA:4247,0
DA:4252,0
DA:4256,0
DA:4257,0
DA:4263,0
DA:4271,0
DA:4275,0
DA:4279,0
DA:4280,0
DA:4286,0
DA:4287,0
DA:4290,0
DA:4293,0
DA:4312,0
DA:4315,0
DA:4324,0
DA:4328,0
DA:4332,0
DA:4334,0
DA:4335,0
DA:4338,0
DA:4341,0
DA:4345,0
DA:4347,0
DA:4351,0
DA:4356,0
DA:4358,0
DA:4359,0
DA:4364,0
DA:4370,0
DA:4371,0
DA:4373,0
DA:4378,0
DA:4379,0
DA:4382,0
DA:4384,0
DA:4398,0
DA:4399,0
DA:4402,0
DA:4403,0
DA:4406,0
DA:4407,0
DA:4410,0
DA:4411,0
DA:4415,0
DA:4416,0
DA:4419,0
DA:4420,0
DA:4423,0
DA:4431,0
DA:4432,0
DA:4433,0
DA:4435,0
DA:4436,0
DA:4437,0
DA:4441,0
DA:4443,0
DA:4446,0
DA:4449,0
DA:4451,0
DA:4455,0
DA:4459,0
DA:4465,0
DA:4469,0
DA:4473,0
DA:4476,0
DA:4477,0
DA:4480,0
DA:4481,0
DA:4482,0
DA:4484,0
DA:4485,0
DA:4486,0
DA:4490,0
DA:4491,0
DA:4492,0
DA:4493,0
DA:4494,0
DA:4498,0
DA:4502,0
DA:4506,0
DA:4507,0
DA:4508,0
DA:4512,0
DA:4520,0
DA:4524,0
DA:4525,0
DA:4526,0
DA:4531,0
DA:4532,0
DA:4533,0
DA:4537,0
DA:4541,0
DA:4544,0
DA:4550,0
DA:4551,0
DA:4557,0
DA:4561,0
DA:4562,0
DA:4563,0
DA:4566,0
DA:4567,0
DA:4568,0
DA:4570,0
DA:4573,0
DA:4578,0
DA:4580,0
DA:4581,0
DA:4582,0
DA:4583,0
DA:4584,0
DA:4585,0
DA:4589,0
DA:4590,0
DA:4591,0
DA:4594,0
DA:4598,0
DA:4599,0
DA:4603,0
DA:4604,0
DA:4607,0
DA:4608,0
DA:4614,0
DA:4615,0
DA:4617,0
DA:4623,0
DA:4625,0
DA:4627,0
DA:4628,0
DA:4629,0
DA:4630,0
DA:4633,0
DA:4634,0
DA:4637,0
DA:4640,0
DA:4643,0
DA:4645,0
DA:4646,0
DA:4651,0
DA:4652,0
DA:4656,0
DA:4663,0
DA:4664,0
DA:4665,0
DA:4666,0
DA:4667,0
DA:4668,0
DA:4669,0
DA:4673,0
DA:4674,0
DA:4675,0
DA:4677,0
DA:4679,0
DA:4680,0
DA:4681,0
DA:4682,0
DA:4683,0
DA:4686,0
DA:4687,0
DA:4690,0
DA:4692,0
DA:4695,0
DA:4697,0
DA:4701,0
DA:4702,0
DA:4704,0
DA:4711,0
DA:4712,0
DA:4713,0
DA:4717,0
DA:4721,0
DA:4724,0
DA:4740,0
DA:4741,0
DA:4743,0
DA:4746,0
DA:4748,0
DA:4749,0
DA:4752,0
DA:4756,0
DA:4760,0
DA:4763,0
DA:4766,0
DA:4768,0
DA:4772,0
DA:4773,0
DA:4774,0
DA:4776,0
DA:4780,0
DA:4781,0
DA:4784,0
DA:4787,0
DA:4788,0
DA:4791,0
DA:4794,0
DA:4795,0
DA:4796,0
DA:4797,0
DA:4800,0
DA:4804,0
DA:4808,0
DA:4809,0
DA:4810,0
DA:4812,0
DA:4813,0
DA:4816,0
DA:4817,0
DA:4819,0
DA:4821,0
DA:4822,0
DA:4824,0
DA:4826,0
DA:4831,0
DA:4832,0
DA:4833,0
DA:4836,0
DA:4837,0
DA:4838,0
DA:4839,0
DA:4842,0
DA:4843,0
DA:4848,0
DA:4849,0
DA:4850,0
DA:4851,0
DA:4854,0
DA:4855,0
DA:4858,0
DA:4859,0
DA:4862,0
DA:4868,0
DA:4869,0
DA:4870,0
DA:4874,0
DA:4877,0
DA:4879,0
DA:4882,0
DA:4885,0
DA:4886,0
DA:4889,0
DA:4890,0
DA:4891,0
DA:4893,0
DA:4898,0
DA:4900,0
DA:4902,0
DA:4906,0
DA:4907,0
DA:4908,0
DA:4909,0
DA:4915,0
DA:4916,0
DA:4917,0
DA:4919,0
DA:4923,0
DA:4927,0
DA:4928,0
DA:4933,0
DA:4934,0
DA:4939,0
DA:4952,0
DA:4953,0
DA:4956,0
DA:4957,0
DA:4967,0
DA:4968,0
DA:4970,0
DA:4971,0
DA:4974,0
DA:4977,0
DA:4978,0
DA:4981,0
DA:4987,0
DA:4988,0
DA:4990,0
DA:4991,0
DA:5000,0
DA:5004,0
DA:5005,0
DA:5006,0
DA:5007,0
DA:5009,0
DA:5010,0
DA:5012,0
DA:5015,0
DA:5019,0
DA:5022,0
DA:5023,0
DA:5027,0
DA:5030,0
DA:5031,0
DA:5032,0
DA:5035,0
DA:5036,0
DA:5037,0
DA:5042,0
DA:5045,0
DA:5048,0
DA:5054,0
DA:5056,0
DA:5057,0
DA:5060,0
DA:5061,0
DA:5062,0
DA:5064,0
DA:5067,0
DA:5070,0
DA:5073,0
DA:5074,0
DA:5078,0
DA:5079,0
DA:5080,0
DA:5081,0
DA:5082,0
DA:5088,0
DA:5093,0
DA:5094,0
DA:5095,0
DA:5098,0
DA:5102,0
DA:5112,0
DA:5119,0
DA:5120,0
DA:5128,0
DA:5131,0
DA:5134,0
DA:5135,0
DA:5137,0
DA:5138,0
DA:5140,0
DA:5143,0
DA:5146,0
DA:5147,0
DA:5148,0
DA:5149,0
DA:5152,0
DA:5153,0
DA:5157,0
DA:5158,0
DA:5159,0
DA:5162,0
DA:5163,0
DA:5164,0
DA:5165,0
DA:5168,0
DA:5169,0
DA:5170,0
DA:5173,0
DA:5174,0
DA:5178,0
DA:5180,0
DA:5181,0
DA:5189,0
DA:5198,0
DA:5201,0
DA:5202,0
DA:5206,0
DA:5207,0
DA:5208,0
DA:5209,0
DA:5214,0
DA:5215,0
DA:5219,0
DA:5220,0
DA:5224,0
DA:5225,0
DA:5227,0
DA:5228,0
DA:5232,0
DA:5238,0
DA:5239,0
DA:5240,0
DA:5241,0
DA:5242,0
DA:5243,0
DA:5246,0
DA:5247,0
DA:5251,0
DA:5254,0
DA:5257,0
DA:5260,0
DA:5272,0
DA:5273,0
DA:5274,0
DA:5277,0
DA:5280,0
DA:5281,0
DA:5286,0
DA:5287,0
DA:5289,0
DA:5290,0
DA:5295,0
DA:5296,0
DA:5298,0
DA:5302,0
DA:5313,0
DA:5315,0
DA:5316,0
DA:5320,0
DA:5321,0
DA:5322,0
DA:5323,0
DA:5324,0
DA:5325,0
DA:5328,0
DA:5329,0
DA:5330,0
DA:5332,0
DA:5335,0
DA:5336,0
DA:5337,0
DA:5338,0
DA:5342,0
DA:5343,0
DA:5344,0
DA:5346,0
DA:5351,0
DA:5353,0
DA:5354,0
DA:5356,0
DA:5357,0
DA:5364,0
DA:5365,0
DA:5368,0
DA:5371,0
DA:5376,0
DA:5377,0
DA:5384,0
DA:5387,0
DA:5389,0
DA:5392,0
DA:5395,0
DA:5397,0
DA:5398,0
DA:5401,0
DA:5404,0
DA:5405,0
DA:5409,0
DA:5412,0
DA:5413,0
DA:5414,0
DA:5416,0
DA:5417,0
DA:5422,0
DA:5425,0
DA:5426,0
DA:5428,0
DA:5431,0
DA:5432,0
DA:5433,0
DA:5434,0
DA:5442,0
DA:5443,0
DA:5446,0
DA:5451,0
DA:5452,0
DA:5453,0
DA:5456,0
DA:5469,0
DA:5473,0
DA:5474,0
DA:5475,0
DA:5476,0
DA:5477,0
DA:5480,0
DA:5482,0
DA:5483,0
DA:5487,0
DA:5488,0
DA:5491,0
DA:5492,0
DA:5499,0
DA:5500,0
DA:5501,0
DA:5504,0
DA:5508,0
DA:5514,0
DA:5515,0
DA:5519,0
DA:5520,0
DA:5525,0
DA:5536,0
DA:5554,0
DA:5557,0
DA:5561,0
DA:5565,0
DA:5571,0
DA:5574,0
DA:5577,0
DA:5581,0
DA:5587,0
DA:5588,0
DA:5600,0
DA:5601,0
DA:5615,0
DA:5616,0
DA:5617,0
DA:5619,0
DA:5623,0
DA:5624,0
DA:5628,0
DA:5630,0
DA:5635,0
DA:5640,0
DA:5641,0
DA:5646,0
DA:5647,0
DA:5648,0
DA:5649,0
DA:5650,0
DA:5652,0
DA:5654,0
DA:5657,0
DA:5658,0
DA:5659,0
DA:5668,0
DA:5669,0
DA:5674,0
DA:5677,0
DA:5689,0
DA:5695,0
DA:5698,0
DA:5699,0
DA:5703,0
DA:5706,0
DA:5707,0
DA:5711,0
DA:5712,0
DA:5713,0
DA:5717,0
DA:5728,0
DA:5732,0
DA:5733,0
DA:5737,0
DA:5741,0
DA:5742,0
DA:5746,0
DA:5749,0
DA:5754,0
DA:5762,0
DA:5764,0
DA:5766,0
DA:5767,0
DA:5771,0
DA:5773,0
DA:5775,0
DA:5776,0
DA:5780,0
DA:5782,0
DA:5784,0
DA:5785,0
DA:5788,0
DA:5793,0
DA:5826,0
DA:5829,0
DA:5830,0
DA:5834,0
DA:5835,0
DA:5836,0
DA:5839,0
DA:5840,0
DA:5843,0
DA:5844,0
DA:5847,0
DA:5850,0
DA:5854,0
DA:5855,0
DA:5863,0
DA:5866,0
DA:5871,0
DA:5874,0
DA:5889,0
DA:5895,0
DA:5901,0
DA:5902,0
DA:5903,0
DA:5907,0
DA:5908,0
DA:5909,0
DA:5910,0
DA:5912,0
DA:5917,0
DA:5920,0
DA:5923,0
DA:5927,0
DA:5930,0
DA:5931,0
DA:5938,0
DA:5940,0
DA:5943,0
DA:5944,0
DA:5946,0
DA:5948,0
DA:5951,0
DA:5952,0
DA:5954,0
DA:5955,0
DA:5957,0
DA:5958,0
DA:5969,0
DA:5972,0
DA:5973,0
DA:5977,0
DA:5980,0
DA:5983,0
DA:5988,0
DA:5989,0
DA:5992,0
DA:5993,0
DA:5995,0
DA:5998,0
DA:6004,0
DA:6005,0
DA:6009,0
DA:6010,0
DA:6011,0
DA:6013,0
DA:6014,0
DA:6016,0
DA:6017,0
DA:6018,0
DA:6025,0
DA:6026,0
DA:6027,0
DA:6029,0
DA:6035,0
DA:6038,0
DA:6039,0
DA:6042,0
DA:6043,0
DA:6050,0
DA:6053,0
DA:6054,0
DA:6055,0
DA:6056,0
DA:6057,0
DA:6060,0
DA:6063,0
DA:6064,0
DA:6065,0
DA:6066,0
DA:6068,0
DA:6072,0
DA:6073,0
DA:6074,0
DA:6076,0
DA:6077,0
DA:6081,0
DA:6082,0
DA:6083,0
DA:6088,0
DA:6089,0
DA:6091,0
DA:6092,0
DA:6095,0
DA:6099,0
DA:6103,0
DA:6106,0
DA:6107,0
DA:6110,0
DA:6113,0
DA:6114,0
DA:6115,0
DA:6119,0
DA:6122,0
DA:6123,0
DA:6128,0
DA:6136,0
DA:6141,0
DA:6142,0
DA:6144,0
DA:6145,0
DA:6146,0
DA:6149,0
DA:6150,0
DA:6151,0
DA:6153,0
DA:6157,0
DA:6160,0
DA:6162,0
DA:6167,0
DA:6168,0
DA:6171,0
DA:6175,0
DA:6176,0
DA:6178,0
DA:6179,0
DA:6184,0
DA:6185,0
DA:6186,0
DA:6187,0
DA:6189,0
DA:6190,0
DA:6193,0
DA:6198,0
DA:6199,0
DA:6200,0
DA:6204,0
DA:6209,0
DA:6210,0
DA:6212,0
DA:6213,0
DA:6214,0
DA:6215,0
DA:6216,0
DA:6217,0
DA:6218,0
DA:6222,0
DA:6229,0
DA:6231,0
DA:6235,0
DA:6242,0
DA:6244,0
DA:6248,0
DA:6252,0
DA:6253,0
DA:6256,0
DA:6257,0
DA:6264,0
DA:6265,0
DA:6266,0
DA:6267,0
DA:6273,0
DA:6274,0
DA:6275,0
DA:6276,0
DA:6282,0
DA:6283,0
DA:6284,0
DA:6290,0
DA:6291,0
DA:6292,0
DA:6299,0
DA:6301,0
DA:6302,0
DA:6305,0
DA:6308,0
DA:6312,0
DA:6316,0
DA:6317,0
DA:6319,0
DA:6320,0
DA:6325,0
DA:6326,0
DA:6327,0
DA:6328,0
DA:6330,0
DA:6331,0
DA:6335,0
DA:6338,0
DA:6340,0
DA:6341,0
DA:6342,0
DA:6345,0
DA:6346,0
DA:6347,0
DA:6351,0
DA:6357,0
DA:6358,0
DA:6364,0
DA:6367,0
DA:6368,0
DA:6370,0
DA:6371,0
DA:6372,0
DA:6373,0
DA:6382,0
DA:6389,0
DA:6391,0
DA:6392,0
DA:6393,0
DA:6394,0
DA:6396,0
DA:6397,0
DA:6398,0
DA:6402,0
DA:6405,0
DA:6408,0
DA:6410,0
DA:6415,0
DA:6417,0
DA:6418,0
DA:6421,0
DA:6424,0
DA:6426,0
DA:6429,0
DA:6430,0
DA:6431,0
DA:6434,0
DA:6437,0
DA:6438,0
DA:6441,0
DA:6445,0
DA:6449,0
DA:6456,0
DA:6457,0
DA:6460,0
DA:6462,0
DA:6466,0
DA:6468,0
DA:6469,0
DA:6472,0
DA:6476,0
DA:6477,0
DA:6481,0
DA:6487,0
DA:6488,0
DA:6490,0
DA:6494,0
DA:6498,0
DA:6503,0
DA:6504,0
DA:6507,0
DA:6508,0
DA:6513,0
DA:6514,0
DA:6515,0
DA:6517,0
DA:6519,0
DA:6520,0
DA:6523,0
DA:6524,0
DA:6527,0
DA:6528,0
DA:6531,0
DA:6532,0
DA:6535,0
DA:6536,0
DA:6546,0
DA:6547,0
DA:6548,0
DA:6549,0
DA:6551,0
DA:6552,0
DA:6553,0
DA:6555,0
DA:6560,0
DA:6561,0
DA:6563,0
DA:6565,0
DA:6578,0
DA:6580,0
DA:6585,0
DA:6586,0
DA:6588,0
DA:6589,0
DA:6597,0
DA:6600,0
DA:6601,0
DA:6602,0
DA:6605,0
DA:6606,0
DA:6609,0
DA:6610,0
DA:6611,0
DA:6615,0
DA:6627,0
DA:6629,0
DA:6633,0
DA:6634,0
DA:6638,0
DA:6644,0
DA:6645,0
DA:6646,0
DA:6652,0
DA:6653,0
DA:6655,0
DA:6656,0
DA:6657,0
DA:6658,0
DA:6665,0
DA:6667,0
DA:6668,0
DA:6670,0
DA:6671,0
DA:6673,0
DA:6682,0
DA:6683,0
DA:6684,0
DA:6685,0
DA:6694,0
DA:6695,0
DA:6703,0
DA:6704,0
DA:6705,0
DA:6708,0
DA:6709,0
DA:6712,0
DA:6715,0
DA:6716,0
DA:6720,0
DA:6723,0
DA:6726,0
DA:6727,0
DA:6731,0
DA:6739,0
DA:6740,0
DA:6744,0
DA:6745,0
DA:6751,0
DA:6755,0
DA:6767,0
DA:6773,0
DA:6777,0
DA:6778,0
DA:6780,0
DA:6782,0
DA:6783,0
DA:6787,0
DA:6788,0
DA:6789,0
DA:6791,0
DA:6798,0
DA:6817,0
DA:6822,0
DA:6823,0
DA:6824,0
DA:6829,0
DA:6832,0
DA:6846,0
DA:6853,0
DA:6856,0
DA:6857,0
DA:6895,0
DA:6896,0
DA:6901,0
DA:6902,0
DA:6903,0
DA:6908,0
DA:6909,0
DA:6913,0
DA:6916,0
DA:6917,0
DA:6920,0
DA:6921,0
DA:6924,0
DA:6928,0
DA:6929,0
DA:6935,0
DA:6936,0
DA:6940,0
DA:6941,0
DA:6945,0
DA:6948,0
DA:6949,0
DA:6951,0
DA:6958,0
DA:6961,0
DA:6965,0
DA:6971,0
DA:6972,0
DA:6977,0
DA:6978,0
DA:6982,0
DA:6985,0
DA:6986,0
DA:6990,0
DA:6991,0
DA:6995,0
DA:6996,0
DA:7000,0
DA:7001,0
DA:7002,0
DA:7005,0
DA:7009,0
DA:7010,0
DA:7012,0
DA:7016,0
DA:7026,0
DA:7034,0
DA:7038,0
DA:7042,0
DA:7043,0
DA:7045,0
DA:7057,0
DA:7058,0
DA:7067,0
DA:7070,0
DA:7071,0
DA:7074,0
DA:7079,0
DA:7081,0
DA:7082,0
DA:7085,0
DA:7093,0
DA:7098,0
DA:7100,0
DA:7101,0
DA:7104,0
DA:7106,0
DA:7107,0
DA:7111,0
DA:7115,0
DA:7116,0
DA:7120,0
DA:7122,0
DA:7124,0
DA:7125,0
DA:7127,0
DA:7128,0
DA:7129,0
DA:7131,0
DA:7132,0
DA:7135,0
DA:7138,0
DA:7147,0
DA:7149,0
DA:7151,0
DA:7154,0
DA:7155,0
DA:7156,0
DA:7157,0
DA:7158,0
DA:7159,0
DA:7160,0
DA:7163,0
DA:7165,0
DA:7171,0
DA:7173,0
DA:7174,0
DA:7178,0
DA:7180,0
DA:7182,0
DA:7183,0
DA:7186,0
DA:7187,0
DA:7189,0
DA:7191,0
DA:7195,0
DA:7197,0
DA:7204,0
DA:7206,0
DA:7213,0
DA:7216,0
DA:7223,0
DA:7224,0
DA:7225,0
DA:7228,0
DA:7230,0
DA:7238,0
DA:7240,0
DA:7241,0
DA:7246,0
DA:7248,0
DA:7251,0
DA:7256,0
DA:7259,0
DA:7266,0
DA:7267,0
DA:7270,0
DA:7271,0
DA:7272,0
DA:7274,0
DA:7277,0
DA:7283,0
DA:7284,0
DA:7286,0
DA:7292,0
DA:7293,0
DA:7297,0
DA:7298,0
DA:7299,0
DA:7300,0
DA:7303,0
DA:7304,0
DA:7307,0
DA:7312,0
DA:7313,0
DA:7314,0
DA:7315,0
DA:7316,0
DA:7319,0
DA:7326,0
DA:7327,0
DA:7328,0
DA:7329,0
DA:7330,0
DA:7331,0
DA:7334,0
DA:7335,0
DA:7336,0
DA:7337,0
DA:7338,0
DA:7339,0
DA:7340,0
DA:7341,0
DA:7345,0
DA:7347,0
DA:7350,0
DA:7351,0
DA:7352,0
DA:7353,0
DA:7360,0
DA:7361,0
DA:7362,0
DA:7363,0
DA:7364,0
DA:7365,0
DA:7369,0
DA:7370,0
DA:7374,0
DA:7377,0
DA:7382,0
DA:7383,0
DA:7384,0
DA:7388,0
DA:7394,0
DA:7397,0
DA:7398,0
DA:7399,0
DA:7401,0
DA:7402,0
DA:7403,0
DA:7404,0
DA:7408,0
DA:7409,0
DA:7410,0
DA:7411,0
DA:7416,0
DA:7417,0
DA:7420,0
DA:7421,0
DA:7422,0
DA:7424,0
DA:7425,0
DA:7426,0
DA:7429,0
DA:7434,0
DA:7435,0
DA:7436,0
DA:7437,0
DA:7438,0
DA:7439,0
DA:7444,0
DA:7445,0
DA:7448,0
DA:7449,0
DA:7450,0
DA:7451,0
DA:7454,0
DA:7458,0
DA:7459,0
DA:7463,0
DA:7464,0
DA:7469,0
DA:7474,0
DA:7475,0
DA:7477,0
DA:7478,0
DA:7479,0
DA:7485,0
DA:7486,0
DA:7487,0
DA:7488,0
DA:7489,0
DA:7490,0
DA:7500,0
DA:7501,0
DA:7502,0
DA:7503,0
DA:7504,0
DA:7505,0
DA:7506,0
DA:7509,0
DA:7510,0
DA:7511,0
DA:7514,0
DA:7515,0
DA:7516,0
DA:7517,0
DA:7521,0
DA:7522,0
DA:7523,0
DA:7524,0
DA:7528,0
DA:7536,0
DA:7537,0
DA:7538,0
DA:7541,0
DA:7543,0
DA:7544,0
DA:7545,0
DA:7547,0
DA:7548,0
DA:7552,0
DA:7553,0
DA:7554,0
DA:7555,0
DA:7557,0
DA:7558,0
DA:7561,0
DA:7564,0
DA:7565,0
DA:7569,0
DA:7570,0
DA:7574,0
DA:7575,0
DA:7577,0
DA:7590,0
DA:7592,0
DA:7593,0
DA:7596,0
DA:7600,0
DA:7601,0
DA:7602,0
DA:7604,0
DA:7605,0
DA:7606,0
DA:7610,0
DA:7611,0
DA:7612,0
DA:7614,0
DA:7616,0
DA:7619,0
DA:7621,0
DA:7623,0
DA:7624,0
DA:7625,0
DA:7626,0
DA:7627,0
DA:7630,0
DA:7634,0
DA:7636,0
DA:7637,0
DA:7641,0
DA:7647,0
DA:7655,0
DA:7658,0
DA:7662,0
DA:7663,0
DA:7664,0
DA:7669,0
DA:7670,0
DA:7671,0
DA:7673,0
DA:7677,0
DA:7678,0
DA:7680,0
DA:7681,0
DA:7682,0
DA:7683,0
DA:7690,0
DA:7691,0
DA:7693,0
DA:7698,0
DA:7699,0
DA:7707,0
DA:7708,0
DA:7711,0
DA:7712,0
DA:7713,0
DA:7716,0
DA:7722,0
DA:7723,0
DA:7727,0
DA:7729,0
DA:7730,0
DA:7731,0
DA:7734,0
DA:7735,0
DA:7739,0
DA:7742,0
DA:7746,0
DA:7752,0
DA:7753,0
DA:7754,0
DA:7757,0
DA:7760,0
DA:7761,0
DA:7764,0
DA:7766,0
DA:7771,0
DA:7772,0
DA:7773,0
DA:7774,0
DA:7777,0
DA:7778,0
DA:7779,0
DA:7780,0
DA:7782,0
DA:7783,0
DA:7786,0
DA:7787,0
DA:7788,0
DA:7789,0
DA:7790,0
DA:7792,0
DA:7793,0
DA:7794,0
DA:7797,0
DA:7798,0
DA:7799,0
DA:7804,0
DA:7805,0
DA:7808,0
DA:7809,0
DA:7810,0
DA:7817,0
DA:7818,0
DA:7823,0
DA:7824,0
DA:7826,0
DA:7828,0
DA:7829,0
DA:7830,0
DA:7831,0
DA:7832,0
DA:7835,0
DA:7838,0
DA:7840,0
DA:7841,0
DA:7845,0
DA:7846,0
DA:7847,0
DA:7848,0
DA:7853,0
DA:7854,0
DA:7855,0
DA:7860,0
DA:7865,0
DA:7866,0
DA:7867,0
DA:7868,0
DA:7875,0
DA:7883,0
DA:7884,0
DA:7888,0
DA:7889,0
DA:7891,0
DA:7892,0
DA:7894,0
DA:7896,0
DA:7897,0
DA:7900,0
DA:7901,0
DA:7905,0
DA:7906,0
DA:7908,0
DA:7911,0
DA:7912,0
DA:7913,0
DA:7916,0
DA:7917,0
DA:7918,0
DA:7919,0
DA:7922,0
DA:7923,0
DA:7926,0
DA:7927,0
DA:7930,0
DA:7941,0
DA:7942,0
DA:7943,0
DA:7945,0
DA:7946,0
DA:7947,0
DA:7948,0
DA:7954,0
DA:7955,0
DA:7956,0
DA:7957,0
DA:7959,0
DA:7963,0
DA:7967,0
DA:7971,0
DA:7972,0
DA:7973,0
DA:7974,0
DA:7979,0
DA:7981,0
DA:7983,0
DA:7987,0
DA:7988,0
DA:7993,0
DA:7996,0
DA:7999,0
DA:8000,0
DA:8004,0
DA:8005,0
DA:8010,0
DA:8011,0
DA:8015,0
DA:8016,0
DA:8017,0
DA:8018,0
DA:8021,0
DA:8023,0
DA:8026,0
DA:8027,0
DA:8030,0
DA:8031,0
DA:8034,0
DA:8037,0
DA:8043,0
DA:8045,0
DA:8046,0
DA:8047,0
DA:8048,0
DA:8050,0
DA:8058,0
DA:8062,0
DA:8064,0
DA:8065,0
DA:8066,0
DA:8073,0
DA:8075,0
DA:8078,0
DA:8080,0
DA:8082,0
DA:8086,0
DA:8087,0
DA:8089,0
DA:8091,0
DA:8093,0
DA:8096,0
DA:8097,0
DA:8098,0
DA:8101,0
DA:8103,0
DA:8110,0
DA:8111,0
DA:8113,0
DA:8115,0
DA:8119,0
DA:8120,0
DA:8125,0
DA:8128,0
DA:8131,0
DA:8132,0
DA:8135,0
DA:8138,0
DA:8139,0
DA:8142,0
DA:8143,0
DA:8145,0
DA:8148,0
DA:8151,0
DA:8152,0
DA:8155,0
DA:8167,0
DA:8169,0
DA:8170,0
DA:8173,0
DA:8178,0
DA:8181,0
DA:8200,0
DA:8201,0
DA:8206,0
DA:8207,0
DA:8208,0
DA:8210,0
DA:8216,0
DA:8217,0
DA:8218,0
DA:8220,0
DA:8221,0
DA:8228,0
DA:8240,0
DA:8249,0
DA:8250,0
DA:8255,0
DA:8259,0
DA:8260,0
DA:8262,0
DA:8263,0
DA:8265,0
DA:8268,0
DA:8271,0
DA:8273,0
DA:8274,0
DA:8275,0
DA:8279,0
DA:8281,0
DA:8282,0
DA:8283,0
DA:8284,0
DA:8286,0
DA:8287,0
DA:8288,0
DA:8289,0
DA:8290,0
DA:8295,0
DA:8296,0
DA:8297,0
DA:8303,0
DA:8308,0
DA:8310,0
DA:8311,0
DA:8312,0
DA:8316,0
DA:8317,0
DA:8320,0
DA:8322,0
DA:8323,0
DA:8324,0
DA:8327,0
DA:8329,0
DA:8330,0
DA:8331,0
DA:8334,0
DA:8335,0
DA:8340,0
DA:8341,0
DA:8342,0
DA:8348,0
DA:8352,0
DA:8353,0
DA:8355,0
DA:8356,0
DA:8359,0
DA:8360,0
DA:8361,0
DA:8368,0
DA:8371,0
DA:8374,0
DA:8375,0
DA:8376,0
DA:8378,0
DA:8381,0
DA:8382,0
DA:8384,0
DA:8389,0
DA:8390,0
DA:8391,0
DA:8394,0
DA:8401,0
DA:8402,0
DA:8414,0
DA:8416,0
DA:8417,0
DA:8418,0
DA:8420,0
DA:8424,0
DA:8431,0
DA:8433,0
DA:8436,0
DA:8438,0
DA:8439,0
DA:8440,0
DA:8443,0
DA:8447,0
DA:8450,0
DA:8453,0
DA:8454,0
DA:8458,0
DA:8461,0
DA:8464,0
DA:8466,0
DA:8469,0
DA:8470,0
DA:8473,0
DA:8474,0
DA:8476,0
DA:8480,0
DA:8481,0
DA:8483,0
DA:8484,0
DA:8486,0
DA:8487,0
DA:8488,0
DA:8492,0
DA:8495,0
DA:8496,0
DA:8502,0
DA:8507,0
DA:8508,0
DA:8521,0
DA:8522,0
DA:8523,0
DA:8524,0
DA:8525,0
DA:8527,0
DA:8528,0
DA:8531,0
DA:8535,0
DA:8536,0
DA:8540,0
DA:8548,0
DA:8551,0
DA:8552,0
DA:8556,0
DA:8560,0
DA:8565,0
DA:8566,0
DA:8567,0
DA:8569,0
DA:8570,0
DA:8574,0
DA:8577,0
DA:8584,0
DA:8585,0
DA:8587,0
DA:8594,0
DA:8595,0
DA:8597,0
DA:8598,0
DA:8602,0
DA:8603,0
DA:8604,0
DA:8615,0
DA:8618,0
DA:8619,0
DA:8620,0
DA:8623,0
DA:8628,0
DA:8629,0
DA:8630,0
DA:8632,0
DA:8635,0
DA:8636,0
DA:8640,0
DA:8641,0
DA:8644,0
DA:8647,0
DA:8648,0
DA:8649,0
DA:8651,0
DA:8654,0
DA:8659,0
DA:8660,0
DA:8661,0
DA:8666,0
DA:8667,0
DA:8668,0
DA:8672,0
DA:8677,0
DA:8678,0
DA:8679,0
DA:8684,0
DA:8686,0
DA:8687,0
DA:8688,0
DA:8690,0
DA:8691,0
DA:8692,0
DA:8696,0
DA:8697,0
DA:8702,0
DA:8703,0
DA:8704,0
DA:8705,0
DA:8710,0
DA:8714,0
DA:8715,0
DA:8719,0
DA:8720,0
DA:8721,0
DA:8722,0
DA:8723,0
DA:8727,0
DA:8730,0
DA:8732,0
DA:8738,0
DA:8741,0
DA:8743,0
DA:8744,0
DA:8748,0
DA:8750,0
DA:8751,0
DA:8754,0
DA:8756,0
DA:8757,0
DA:8760,0
DA:8762,0
DA:8763,0
DA:8769,0
DA:8775,0
DA:8784,0
DA:8789,0
DA:8792,0
DA:8793,0
DA:8797,0
DA:8798,0
DA:8799,0
DA:8813,0
DA:8814,0
DA:8817,0
DA:8818,0
DA:8821,0
DA:8826,0
DA:8827,0
DA:8829,0
DA:8830,0
DA:8832,0
DA:8835,0
DA:8836,0
DA:8838,0
DA:8839,0
DA:8840,0
DA:8843,0
DA:8849,0
DA:8851,0
DA:8853,0
DA:8858,0
DA:8860,0
DA:8861,0
DA:8866,0
DA:8867,0
DA:8869,0
DA:8872,0
DA:8873,0
DA:8875,0
DA:8880,0
DA:8881,0
DA:8882,0
DA:8883,0
DA:8888,0
DA:8891,0
DA:8892,0
DA:8895,0
DA:8900,0
DA:8909,0
DA:8912,0
DA:8913,0
DA:8919,0
DA:8925,0
DA:8927,0
DA:8928,0
DA:8931,0
DA:8935,0
DA:8939,0
DA:8940,0
DA:8944,0
DA:8947,0
DA:8948,0
DA:8955,0
DA:8956,0
DA:8961,0
DA:8964,0
DA:8966,0
DA:8969,0
DA:8972,0
DA:8973,0
DA:8976,0
DA:8979,0
DA:8984,0
DA:8986,0
DA:8987,0
DA:8990,0
DA:8991,0
DA:8992,0
DA:8996,0
DA:9003,0
DA:9004,0
DA:9005,0
DA:9006,0
DA:9009,0
DA:9010,0
DA:9011,0
DA:9022,0
DA:9029,0
DA:9032,0
DA:9035,0
DA:9036,0
DA:9042,0
DA:9044,0
DA:9045,0
DA:9046,0
DA:9050,0
DA:9051,0
DA:9053,0
DA:9056,0
DA:9059,0
DA:9060,0
DA:9061,0
DA:9065,0
DA:9075,0
DA:9076,0
DA:9080,0
DA:9081,0
DA:9082,0
DA:9083,0
DA:9086,0
DA:9087,0
DA:9088,0
DA:9089,0
DA:9090,0
DA:9093,0
DA:9096,0
DA:9104,0
DA:9106,0
DA:9107,0
DA:9108,0
DA:9111,0
DA:9112,0
DA:9115,0
DA:9125,0
DA:9126,0
DA:9129,0
DA:9130,0
DA:9131,0
DA:9132,0
DA:9137,0
DA:9138,0
DA:9139,0
DA:9140,0
DA:9141,0
DA:9147,0
DA:9148,0
DA:9152,0
DA:9153,0
DA:9154,0
DA:9155,0
DA:9157,0
DA:9158,0
DA:9163,0
DA:9169,0
DA:9170,0
DA:9171,0
DA:9173,0
DA:9182,0
DA:9185,0
DA:9188,0
DA:9189,0
DA:9190,0
DA:9194,0
DA:9197,0
DA:9199,0
DA:9200,0
DA:9204,0
DA:9205,0
DA:9208,0
DA:9209,0
DA:9211,0
DA:9214,0
DA:9216,0
DA:9219,0
DA:9222,0
DA:9225,0
DA:9226,0
DA:9229,0
DA:9230,0
DA:9233,0
DA:9235,0
DA:9238,0
DA:9239,0
DA:9242,0
DA:9243,0
DA:9244,0
DA:9246,0
DA:9253,0
DA:9256,0
DA:9257,0
DA:9259,0
DA:9260,0
DA:9262,0
DA:9273,0
DA:9276,0
DA:9357,0
DA:9373,0
DA:9374,0
DA:9375,0
DA:9379,0
DA:9409,0
DA:9412,0
DA:9415,0
DA:9421,0
DA:9422,0
DA:9425,0
DA:9428,0
DA:9429,0
DA:9432,0
DA:9435,0
DA:9441,0
DA:9442,0
DA:9443,0
DA:9444,0
DA:9445,0
DA:9450,0
DA:9452,0
DA:9457,0
DA:9462,0
DA:9463,0
DA:9465,0
DA:9467,0
DA:9472,0
DA:9473,0
DA:9475,0
DA:9481,0
DA:9482,0
DA:9485,0
DA:9489,0
DA:9490,0
DA:9494,0
DA:9499,0
DA:9500,0
DA:9501,0
DA:9503,0
DA:9504,0
DA:9509,0
DA:9514,0
DA:9518,0
DA:9521,0
DA:9524,0
DA:9525,0
DA:9530,0
DA:9531,0
DA:9535,0
DA:9536,0
DA:9542,0
DA:9547,0
DA:9548,0
DA:9552,0
DA:9555,0
DA:9556,0
DA:9561,0
DA:9564,0
DA:9565,0
DA:9569,0
DA:9572,0
DA:9577,0
DA:9580,0
DA:9583,0
DA:9586,0
DA:9587,0
DA:9590,0
DA:9594,0
DA:9595,0
DA:9596,0
DA:9601,0
DA:9604,0
DA:9606,0
DA:9610,0
DA:9611,0
DA:9612,0
DA:9614,0
DA:9615,0
DA:9620,0
DA:9621,0
DA:9625,0
DA:9634,0
DA:9635,0
DA:9639,0
DA:9643,0
DA:9647,0
DA:9650,0
DA:9651,0
DA:9652,0
DA:9655,0
DA:9658,0
DA:9659,0
DA:9661,0
DA:9664,0
DA:9665,0
DA:9669,0
DA:9670,0
DA:9674,0
DA:9675,0
DA:9676,0
DA:9680,0
DA:9681,0
DA:9682,0
DA:9686,0
DA:9687,0
DA:9691,0
DA:9698,0
DA:9701,0
DA:9702,0
DA:9705,0
DA:9708,0
DA:9709,0
DA:9714,0
DA:9717,0
DA:9720,0
DA:9723,0
DA:9726,0
DA:9727,0
DA:9731,0
DA:9732,0
DA:9736,0
DA:9739,0
DA:9742,0
DA:9743,0
DA:9744,0
DA:9745,0
DA:9747,0
DA:9748,0
DA:9749,0
DA:9754,0
DA:9755,0
DA:9758,0
DA:9759,0
DA:9763,0
DA:9764,0
DA:9765,0
DA:9766,0
DA:9771,0
DA:9772,0
DA:9773,0
DA:9774,0
DA:9775,0
DA:9781,0
DA:9782,0
DA:9785,0
DA:9786,0
DA:9788,0
DA:9792,0
DA:9793,0
DA:9795,0
DA:9796,0
DA:9801,0
DA:9803,0
DA:9804,0
DA:9807,0
DA:9808,0
DA:9813,0
DA:9817,0
DA:9821,0
DA:9825,0
DA:9826,0
DA:9829,0
DA:9830,0
DA:9831,0
DA:9832,0
DA:9836,0
DA:9846,0
DA:9848,0
DA:9849,0
DA:9850,0
DA:9856,0
DA:9857,0
DA:9874,0
DA:9880,0
DA:9884,0
DA:9885,0
DA:9886,0
DA:9890,0
DA:9892,0
DA:9893,0
DA:9896,0
DA:9897,0
DA:9899,0
DA:9900,0
DA:9903,0
DA:9907,0
DA:9911,0
DA:9912,0
DA:9913,0
DA:9917,0
DA:9918,0
DA:9919,0
DA:9921,0
DA:9922,0
DA:9925,0
DA:9931,0
DA:9933,0
DA:9934,0
DA:9939,0
DA:9940,0
DA:9942,0
DA:9947,0
DA:9948,0
DA:9950,0
DA:9951,0
DA:9957,0
DA:9958,0
DA:9959,0
DA:9963,0
DA:9972,0
DA:9974,0
DA:9975,0
DA:9977,0
DA:9981,0
DA:9982,0
DA:9985,0
DA:9987,0
DA:9996,0
DA:9997,0
DA:9998,0
DA:10003,0
DA:10004,0
DA:10012,0
DA:10013,0
DA:10017,0
DA:10018,0
DA:10022,0
DA:10023,0
DA:10024,0
DA:10025,0
DA:10029,0
DA:10030,0
DA:10031,0
DA:10036,0
DA:10037,0
DA:10039,0
DA:10047,0
DA:10066,0
DA:10067,0
DA:10072,0
DA:10073,0
DA:10075,0
DA:10078,0
DA:10084,0
DA:10085,0
DA:10086,0
DA:10094,0
DA:10096,0
DA:10099,0
DA:10103,0
DA:10104,0
DA:10110,0
DA:10111,0
DA:10122,0
DA:10123,0
DA:10124,0
DA:10129,0
DA:10139,0
DA:10140,0
DA:10146,0
DA:10147,0
DA:10148,0
DA:10150,0
DA:10151,0
DA:10156,0
DA:10159,0
DA:10161,0
DA:10163,0
DA:10167,0
DA:10168,0
DA:10169,0
DA:10170,0
DA:10175,0
DA:10178,0
DA:10179,0
DA:10189,0
DA:10190,0
DA:10193,0
DA:10196,0
DA:10197,0
DA:10198,0
DA:10203,0
DA:10206,0
DA:10215,0
DA:10218,0
DA:10223,0
DA:10224,0
DA:10225,0
DA:10226,0
DA:10230,0
DA:10231,0
DA:10232,0
DA:10234,0
DA:10238,0
DA:10241,0
DA:10242,0
DA:10243,0
DA:10247,0
DA:10250,0
DA:10251,0
DA:10255,0
DA:10259,0
DA:10262,0
DA:10265,0
DA:10269,0
DA:10270,0
DA:10273,0
DA:10277,0
DA:10289,0
DA:10290,0
DA:10291,0
DA:10292,0
DA:10300,0
DA:10301,0
DA:10302,0
DA:10304,0
DA:10305,0
DA:10306,0
DA:10311,0
DA:10315,0
DA:10316,0
DA:10321,0
DA:10322,0
DA:10323,0
DA:10325,0
DA:10329,0
DA:10330,0
DA:10333,0
DA:10334,0
DA:10337,0
DA:10339,0
DA:10340,0
DA:10343,0
DA:10350,0
DA:10352,0
DA:10353,0
DA:10355,0
DA:10356,0
DA:10357,0
DA:10361,0
DA:10364,0
DA:10365,0
DA:10368,0
DA:10369,0
DA:10373,0
DA:10374,0
DA:10386,0
DA:10388,0
DA:10401,0
DA:10402,0
DA:10407,0
DA:10413,0
DA:10414,0
DA:10415,0
DA:10422,0
DA:10425,0
DA:10426,0
DA:10427,0
DA:10430,0
DA:10431,0
DA:10434,0
DA:10435,0
DA:10436,0
DA:10437,0
DA:10442,0
DA:10443,0
DA:10444,0
DA:10445,0
DA:10448,0
DA:10449,0
DA:10452,0
DA:10455,0
DA:10458,0
DA:10459,0
DA:10461,0
DA:10462,0
DA:10465,0
DA:10466,0
DA:10469,0
DA:10470,0
DA:10472,0
DA:10473,0
DA:10475,0
DA:10480,0
DA:10486,0
DA:10487,0
DA:10490,0
DA:10495,0
DA:10497,0
DA:10498,0
DA:10505,0
DA:10506,0
DA:10510,0
DA:10511,0
DA:10512,0
DA:10521,0
DA:10522,0
DA:10526,0
DA:10527,0
DA:10530,0
DA:10533,0
DA:10536,0
DA:10540,0
DA:10541,0
DA:10542,0
DA:10546,0
DA:10548,0
DA:10551,0
DA:10552,0
DA:10553,0
DA:10558,0
DA:10575,0
DA:10576,0
DA:10578,0
DA:10579,0
DA:10582,0
DA:10588,0
DA:10589,0
DA:10591,0
DA:10592,0
DA:10596,0
DA:10597,0
DA:10598,0
DA:10599,0
DA:10602,0
DA:10603,0
DA:10606,0
DA:10607,0
DA:10613,0
DA:10625,0
DA:10626,0
DA:10628,0
DA:10629,0
DA:10632,0
DA:10642,0
DA:10643,0
DA:10647,0
DA:10648,0
DA:10649,0
DA:10651,0
DA:10654,0
DA:10657,0
DA:10663,0
DA:10664,0
DA:10668,0
DA:10675,0
DA:10688,0
DA:10696,0
DA:10697,0
DA:10704,0
DA:10707,0
DA:10710,0
DA:10714,0
DA:10719,0
DA:10725,0
DA:10729,0
DA:10735,0
DA:10736,0
DA:10747,0
DA:10753,0
DA:10756,0
DA:10757,0
DA:10758,0
DA:10759,0
DA:10764,0
DA:10765,0
DA:10769,0
DA:10770,0
DA:10771,0
DA:10775,0
DA:10777,0
DA:10780,0
DA:10781,0
DA:10782,0
DA:10784,0
DA:10787,0
DA:10788,0
DA:10789,0
DA:10790,0
DA:10791,0
DA:10792,0
DA:10793,0
DA:10795,0
DA:10797,0
DA:10802,0
DA:10803,0
DA:10811,0
DA:10812,0
DA:10832,0
DA:10833,0
DA:10834,0
DA:10844,0
DA:10847,0
DA:10849,0
DA:10850,0
DA:10851,0
DA:10854,0
DA:10855,0
DA:10858,0
DA:10864,0
DA:10865,0
DA:10871,0
LF:3731
LH:0
BRDA:18,0,0,0
BRDA:18,0,1,0
BRDA:18,1,0,0
BRDA:18,1,1,0
BRDA:27,2,0,0
BRDA:27,2,1,0
BRDA:30,3,0,0
BRDA:30,3,1,0
BRDA:40,4,0,0
BRDA:40,4,1,0
BRDA:54,5,0,0
BRDA:54,5,1,0
BRDA:83,6,0,0
BRDA:83,6,1,0
BRDA:88,7,0,0
BRDA:88,7,1,0
BRDA:104,8,0,0
BRDA:104,8,1,0
BRDA:110,9,0,0
BRDA:110,9,1,0
BRDA:123,10,0,0
BRDA:123,10,1,0
BRDA:123,10,2,0
BRDA:124,11,0,0
BRDA:124,11,1,0
BRDA:134,12,0,0
BRDA:134,12,1,0
BRDA:139,13,0,0
BRDA:139,13,1,0
BRDA:139,14,0,0
BRDA:139,14,1,0
BRDA:140,15,0,0
BRDA:140,15,1,0
BRDA:179,16,0,0
BRDA:179,16,1,0
BRDA:184,17,0,0
BRDA:184,17,1,0
BRDA:238,18,0,0
BRDA:238,18,1,0
BRDA:239,19,0,0
BRDA:239,19,1,0
BRDA:239,20,0,0
BRDA:239,20,1,0
BRDA:243,21,0,0
BRDA:243,21,1,0
BRDA:255,22,0,0
BRDA:255,22,1,0
BRDA:261,23,0,0
BRDA:261,23,1,0
BRDA:265,24,0,0
BRDA:265,24,1,0
BRDA:270,25,0,0
BRDA:270,25,1,0
BRDA:270,26,0,0
BRDA:270,26,1,0
BRDA:275,27,0,0
BRDA:275,27,1,0
BRDA:283,28,0,0
BRDA:283,28,1,0
BRDA:291,29,0,0
BRDA:291,29,1,0
BRDA:291,30,0,0
BRDA:291,30,1,0
BRDA:296,31,0,0
BRDA:296,31,1,0
BRDA:296,32,0,0
BRDA:296,32,1,0
BRDA:296,32,2,0
BRDA:296,32,3,0
BRDA:301,33,0,0
BRDA:301,33,1,0
BRDA:301,34,0,0
BRDA:301,34,1,0
BRDA:303,35,0,0
BRDA:303,35,1,0
BRDA:303,36,0,0
BRDA:303,36,1,0
BRDA:314,37,0,0
BRDA:314,37,1,0
BRDA:344,38,0,0
BRDA:344,38,1,0
BRDA:344,39,0,0
BRDA:344,39,1,0
BRDA:351,40,0,0
BRDA:351,40,1,0
BRDA:356,41,0,0
BRDA:356,41,1,0
BRDA:357,42,0,0
BRDA:357,42,1,0
BRDA:372,43,0,0
BRDA:372,43,1,0
BRDA:378,44,0,0
BRDA:378,44,1,0
BRDA:381,45,0,0
BRDA:381,45,1,0
BRDA:387,46,0,0
BRDA:387,46,1,0
BRDA:398,47,0,0
BRDA:398,47,1,0
BRDA:400,48,0,0
BRDA:400,48,1,0
BRDA:401,49,0,0
BRDA:401,49,1,0
BRDA:403,50,0,0
BRDA:403,50,1,0
BRDA:415,51,0,0
BRDA:415,51,1,0
BRDA:445,52,0,0
BRDA:445,52,1,0
BRDA:460,53,0,0
BRDA:460,53,1,0
BRDA:465,54,0,0
BRDA:465,54,1,0
BRDA:475,55,0,0
BRDA:475,55,1,0
BRDA:493,56,0,0
BRDA:493,56,1,0
BRDA:509,57,0,0
BRDA:509,57,1,0
BRDA:509,57,2,0
BRDA:512,58,0,0
BRDA:512,58,1,0
BRDA:512,59,0,0
BRDA:512,59,1,0
BRDA:516,60,0,0
BRDA:516,60,1,0
BRDA:516,60,2,0
BRDA:516,60,3,0
BRDA:516,60,4,0
BRDA:563,61,0,0
BRDA:563,61,1,0
BRDA:583,62,0,0
BRDA:583,62,1,0
BRDA:674,63,0,0
BRDA:674,63,1,0
BRDA:683,64,0,0
BRDA:683,64,1,0
BRDA:692,65,0,0
BRDA:692,65,1,0
BRDA:695,66,0,0
BRDA:695,66,1,0
BRDA:718,67,0,0
BRDA:718,67,1,0
BRDA:735,68,0,0
BRDA:735,68,1,0
BRDA:757,69,0,0
BRDA:757,69,1,0
BRDA:760,70,0,0
BRDA:760,70,1,0
BRDA:762,71,0,0
BRDA:762,71,1,0
BRDA:765,72,0,0
BRDA:765,72,1,0
BRDA:765,73,0,0
BRDA:765,73,1,0
BRDA:765,73,2,0
BRDA:765,73,3,0
BRDA:765,73,4,0
BRDA:772,74,0,0
BRDA:772,74,1,0
BRDA:774,75,0,0
BRDA:774,75,1,0
BRDA:776,76,0,0
BRDA:776,76,1,0
BRDA:780,77,0,0
BRDA:780,77,1,0
BRDA:780,78,0,0
BRDA:780,78,1,0
BRDA:783,79,0,0
BRDA:783,79,1,0
BRDA:786,80,0,0
BRDA:786,80,1,0
BRDA:787,81,0,0
BRDA:787,81,1,0
BRDA:792,82,0,0
BRDA:792,82,1,0
BRDA:806,83,0,0
BRDA:806,83,1,0
BRDA:806,84,0,0
BRDA:806,84,1,0
BRDA:806,84,2,0
BRDA:806,84,3,0
BRDA:816,85,0,0
BRDA:816,85,1,0
BRDA:821,86,0,0
BRDA:821,86,1,0
BRDA:821,87,0,0
BRDA:821,87,1,0
BRDA:821,87,2,0
BRDA:830,88,0,0
BRDA:830,88,1,0
BRDA:830,89,0,0
BRDA:830,89,1,0
BRDA:830,89,2,0
BRDA:830,89,3,0
BRDA:830,89,4,0
BRDA:830,89,5,0
BRDA:848,90,0,0
BRDA:848,90,1,0
BRDA:848,91,0,0
BRDA:848,91,1,0
BRDA:848,91,2,0
BRDA:852,92,0,0
BRDA:852,92,1,0
BRDA:852,92,2,0
BRDA:857,93,0,0
BRDA:857,93,1,0
BRDA:857,94,0,0
BRDA:857,94,1,0
BRDA:860,95,0,0
BRDA:860,95,1,0
BRDA:871,96,0,0
BRDA:871,96,1,0
BRDA:885,97,0,0
BRDA:885,97,1,0
BRDA:909,98,0,0
BRDA:909,98,1,0
BRDA:942,99,0,0
BRDA:942,99,1,0
BRDA:972,100,0,0
BRDA:972,100,1,0
BRDA:973,101,0,0
BRDA:973,101,1,0
BRDA:973,101,2,0
BRDA:973,101,3,0
BRDA:977,102,0,0
BRDA:977,102,1,0
BRDA:982,103,0,0
BRDA:982,103,1,0
BRDA:984,104,0,0
BRDA:984,104,1,0
BRDA:990,105,0,0
BRDA:990,105,1,0
BRDA:1000,106,0,0
BRDA:1000,106,1,0
BRDA:1011,107,0,0
BRDA:1011,107,1,0
BRDA:1011,107,2,0
BRDA:1027,108,0,0
BRDA:1027,108,1,0
BRDA:1036,109,0,0
BRDA:1036,109,1,0
BRDA:1036,110,0,0
BRDA:1036,110,1,0
BRDA:1039,111,0,0
BRDA:1039,111,1,0
BRDA:1040,112,0,0
BRDA:1040,112,1,0
BRDA:1049,113,0,0
BRDA:1049,113,1,0
BRDA:1049,113,2,0
BRDA:1062,114,0,0
BRDA:1062,114,1,0
BRDA:1085,115,0,0
BRDA:1085,115,1,0
BRDA:1099,116,0,0
BRDA:1099,116,1,0
BRDA:1099,116,2,0
BRDA:1112,117,0,0
BRDA:1112,117,1,0
BRDA:1117,118,0,0
BRDA:1117,118,1,0
BRDA:1117,118,2,0
BRDA:1117,118,3,0
BRDA:1127,119,0,0
BRDA:1127,119,1,0
BRDA:1127,120,0,0
BRDA:1127,120,1,0
BRDA:1134,121,0,0
BRDA:1134,121,1,0
BRDA:1134,122,0,0
BRDA:1134,122,1,0
BRDA:1134,122,2,0
BRDA:1149,123,0,0
BRDA:1149,123,1,0
BRDA:1149,124,0,0
BRDA:1149,124,1,0
BRDA:1149,124,2,0
BRDA:1153,125,0,0
BRDA:1153,125,1,0
BRDA:1157,126,0,0
BRDA:1157,126,1,0
BRDA:1169,127,0,0
BRDA:1169,127,1,0
BRDA:1202,128,0,0
BRDA:1202,128,1,0
BRDA:1206,129,0,0
BRDA:1206,129,1,0
BRDA:1214,130,0,0
BRDA:1214,130,1,0
BRDA:1214,131,0,0
BRDA:1214,131,1,0
BRDA:1216,132,0,0
BRDA:1216,132,1,0
BRDA:1223,133,0,0
BRDA:1223,133,1,0
BRDA:1225,134,0,0
BRDA:1225,134,1,0
BRDA:1232,135,0,0
BRDA:1232,135,1,0
BRDA:1232,136,0,0
BRDA:1232,136,1,0
BRDA:1236,137,0,0
BRDA:1236,137,1,0
BRDA:1240,138,0,0
BRDA:1240,138,1,0
BRDA:1240,139,0,0
BRDA:1240,139,1,0
BRDA:1249,140,0,0
BRDA:1249,140,1,0
BRDA:1249,141,0,0
BRDA:1249,141,1,0
BRDA:1261,142,0,0
BRDA:1261,142,1,0
BRDA:1263,143,0,0
BRDA:1263,143,1,0
BRDA:1267,144,0,0
BRDA:1267,144,1,0
BRDA:1281,145,0,0
BRDA:1281,145,1,0
BRDA:1283,146,0,0
BRDA:1283,146,1,0
BRDA:1294,147,0,0
BRDA:1294,147,1,0
BRDA:1295,148,0,0
BRDA:1295,148,1,0
BRDA:1295,149,0,0
BRDA:1295,149,1,0
BRDA:1315,150,0,0
BRDA:1315,150,1,0
BRDA:1336,151,0,0
BRDA:1336,151,1,0
BRDA:1342,152,0,0
BRDA:1342,152,1,0
BRDA:1347,153,0,0
BRDA:1347,153,1,0
BRDA:1359,154,0,0
BRDA:1359,154,1,0
BRDA:1367,155,0,0
BRDA:1367,155,1,0
BRDA:1374,156,0,0
BRDA:1374,156,1,0
BRDA:1396,157,0,0
BRDA:1396,157,1,0
BRDA:1402,158,0,0
BRDA:1402,158,1,0
BRDA:1409,159,0,0
BRDA:1409,159,1,0
BRDA:1420,160,0,0
BRDA:1420,160,1,0
BRDA:1420,161,0,0
BRDA:1420,161,1,0
BRDA:1420,161,2,0
BRDA:1420,161,3,0
BRDA:1420,161,4,0
BRDA:1439,162,0,0
BRDA:1439,162,1,0
BRDA:1440,163,0,0
BRDA:1440,163,1,0
BRDA:1449,164,0,0
BRDA:1449,164,1,0
BRDA:1449,165,0,0
BRDA:1449,165,1,0
BRDA:1451,166,0,0
BRDA:1451,166,1,0
BRDA:1452,167,0,0
BRDA:1452,167,1,0
BRDA:1453,168,0,0
BRDA:1453,168,1,0
BRDA:1453,169,0,0
BRDA:1453,169,1,0
BRDA:1453,169,2,0
BRDA:1454,170,0,0
BRDA:1454,170,1,0
BRDA:1456,171,0,0
BRDA:1456,171,1,0
BRDA:1460,172,0,0
BRDA:1460,172,1,0
BRDA:1462,173,0,0
BRDA:1462,173,1,0
BRDA:1474,174,0,0
BRDA:1474,174,1,0
BRDA:1478,175,0,0
BRDA:1478,175,1,0
BRDA:1485,176,0,0
BRDA:1485,176,1,0
BRDA:1494,177,0,0
BRDA:1494,177,1,0
BRDA:1494,178,0,0
BRDA:1494,178,1,0
BRDA:1494,179,0,0
BRDA:1494,179,1,0
BRDA:1501,180,0,0
BRDA:1501,180,1,0
BRDA:1501,181,0,0
BRDA:1501,181,1,0
BRDA:1501,181,2,0
BRDA:1509,182,0,0
BRDA:1509,182,1,0
BRDA:1509,183,0,0
BRDA:1509,183,1,0
BRDA:1509,183,2,0
BRDA:1518,184,0,0
BRDA:1518,184,1,0
BRDA:1518,185,0,0
BRDA:1518,185,1,0
BRDA:1518,185,2,0
BRDA:1524,186,0,0
BRDA:1524,186,1,0
BRDA:1529,187,0,0
BRDA:1529,187,1,0
BRDA:1534,188,0,0
BRDA:1534,188,1,0
BRDA:1547,189,0,0
BRDA:1547,189,1,0
BRDA:1547,190,0,0
BRDA:1547,190,1,0
BRDA:1553,191,0,0
BRDA:1553,191,1,0
BRDA:1554,192,0,0
BRDA:1554,192,1,0
BRDA:1556,193,0,0
BRDA:1556,193,1,0
BRDA:1557,194,0,0
BRDA:1557,194,1,0
BRDA:1558,195,0,0
BRDA:1558,195,1,0
BRDA:1563,196,0,0
BRDA:1563,196,1,0
BRDA:1582,197,0,0
BRDA:1582,197,1,0
BRDA:1592,198,0,0
BRDA:1592,198,1,0
BRDA:1593,199,0,0
BRDA:1593,199,1,0
BRDA:1608,200,0,0
BRDA:1608,200,1,0
BRDA:1608,201,0,0
BRDA:1608,201,1,0
BRDA:1608,201,2,0
BRDA:1608,201,3,0
BRDA:1608,201,4,0
BRDA:1608,201,5,0
BRDA:1608,201,6,0
BRDA:1617,202,0,0
BRDA:1617,202,1,0
BRDA:1617,203,0,0
BRDA:1617,203,1,0
BRDA:1617,203,2,0
BRDA:1617,203,3,0
BRDA:1639,204,0,0
BRDA:1639,204,1,0
BRDA:1639,205,0,0
BRDA:1639,205,1,0
BRDA:1652,206,0,0
BRDA:1652,206,1,0
BRDA:1652,207,0,0
BRDA:1652,207,1,0
BRDA:1659,208,0,0
BRDA:1659,208,1,0
BRDA:1659,209,0,0
BRDA:1659,209,1,0
BRDA:1663,210,0,0
BRDA:1663,210,1,0
BRDA:1665,211,0,0
BRDA:1665,211,1,0
BRDA:1665,212,0,0
BRDA:1665,212,1,0
BRDA:1667,213,0,0
BRDA:1667,213,1,0
BRDA:1667,214,0,0
BRDA:1667,214,1,0
BRDA:1692,215,0,0
BRDA:1692,215,1,0
BRDA:1695,216,0,0
BRDA:1695,216,1,0
BRDA:1697,217,0,0
BRDA:1697,217,1,0
BRDA:1723,218,0,0
BRDA:1723,218,1,0
BRDA:1731,219,0,0
BRDA:1731,219,1,0
BRDA:1731,220,0,0
BRDA:1731,220,1,0
BRDA:1731,220,2,0
BRDA:1735,221,0,0
BRDA:1735,221,1,0
BRDA:1744,222,0,0
BRDA:1744,222,1,0
BRDA:1744,223,0,0
BRDA:1744,223,1,0
BRDA:1778,224,0,0
BRDA:1778,224,1,0
BRDA:1778,224,2,0
BRDA:1778,224,3,0
BRDA:1781,225,0,0
BRDA:1781,225,1,0
BRDA:1802,226,0,0
BRDA:1802,226,1,0
BRDA:1805,227,0,0
BRDA:1805,227,1,0
BRDA:1811,228,0,0
BRDA:1811,228,1,0
BRDA:1812,229,0,0
BRDA:1812,229,1,0
BRDA:1813,230,0,0
BRDA:1813,230,1,0
BRDA:1814,231,0,0
BRDA:1814,231,1,0
BRDA:1817,232,0,0
BRDA:1817,232,1,0
BRDA:1826,233,0,0
BRDA:1826,233,1,0
BRDA:1828,234,0,0
BRDA:1828,234,1,0
BRDA:1833,235,0,0
BRDA:1833,235,1,0
BRDA:1834,236,0,0
BRDA:1834,236,1,0
BRDA:1834,236,2,0
BRDA:1837,237,0,0
BRDA:1837,237,1,0
BRDA:1837,238,0,0
BRDA:1837,238,1,0
BRDA:1837,238,2,0
BRDA:1837,238,3,0
BRDA:1859,239,0,0
BRDA:1859,239,1,0
BRDA:1864,240,0,0
BRDA:1864,240,1,0
BRDA:1871,241,0,0
BRDA:1871,241,1,0
BRDA:1871,241,2,0
BRDA:1876,242,0,0
BRDA:1876,242,1,0
BRDA:1876,242,2,0
BRDA:1876,242,3,0
BRDA:1876,242,4,0
BRDA:1888,243,0,0
BRDA:1888,243,1,0
BRDA:1891,244,0,0
BRDA:1891,244,1,0
BRDA:1899,245,0,0
BRDA:1899,245,1,0
BRDA:1900,246,0,0
BRDA:1900,246,1,0
BRDA:1901,247,0,0
BRDA:1901,247,1,0
BRDA:1901,248,0,0
BRDA:1901,248,1,0
BRDA:1902,249,0,0
BRDA:1902,249,1,0
BRDA:1902,250,0,0
BRDA:1902,250,1,0
BRDA:1903,251,0,0
BRDA:1903,251,1,0
BRDA:1903,252,0,0
BRDA:1903,252,1,0
BRDA:1904,253,0,0
BRDA:1904,253,1,0
BRDA:1905,254,0,0
BRDA:1905,254,1,0
BRDA:1905,255,0,0
BRDA:1905,255,1,0
BRDA:1917,256,0,0
BRDA:1917,256,1,0
BRDA:1917,257,0,0
BRDA:1917,257,1,0
BRDA:1926,258,0,0
BRDA:1926,258,1,0
BRDA:1928,259,0,0
BRDA:1928,259,1,0
BRDA:1929,260,0,0
BRDA:1929,260,1,0
BRDA:1932,261,0,0
BRDA:1932,261,1,0
BRDA:1935,262,0,0
BRDA:1935,262,1,0
BRDA:1939,263,0,0
BRDA:1939,263,1,0
BRDA:1939,264,0,0
BRDA:1939,264,1,0
BRDA:1948,265,0,0
BRDA:1948,265,1,0
BRDA:1948,265,2,0
BRDA:1953,266,0,0
BRDA:1953,266,1,0
BRDA:1956,267,0,0
BRDA:1956,267,1,0
BRDA:1956,268,0,0
BRDA:1956,268,1,0
BRDA:1962,269,0,0
BRDA:1962,269,1,0
BRDA:1966,270,0,0
BRDA:1966,270,1,0
BRDA:1969,271,0,0
BRDA:1969,271,1,0
BRDA:1970,272,0,0
BRDA:1970,272,1,0
BRDA:1971,273,0,0
BRDA:1971,273,1,0
BRDA:1972,274,0,0
BRDA:1972,274,1,0
BRDA:1974,275,0,0
BRDA:1974,275,1,0
BRDA:1974,275,2,0
BRDA:1974,275,3,0
BRDA:1974,275,4,0
BRDA:1980,276,0,0
BRDA:1980,276,1,0
BRDA:1980,277,0,0
BRDA:1980,277,1,0
BRDA:1980,277,2,0
BRDA:1989,278,0,0
BRDA:1989,278,1,0
BRDA:1993,279,0,0
BRDA:1993,279,1,0
BRDA:1997,280,0,0
BRDA:1997,280,1,0
BRDA:2000,281,0,0
BRDA:2000,281,1,0
BRDA:2001,282,0,0
BRDA:2001,282,1,0
BRDA:2007,283,0,0
BRDA:2007,283,1,0
BRDA:2010,284,0,0
BRDA:2010,284,1,0
BRDA:2010,284,2,0
BRDA:2010,284,3,0
BRDA:2010,284,4,0
BRDA:2013,285,0,0
BRDA:2013,285,1,0
BRDA:2013,286,0,0
BRDA:2013,286,1,0
BRDA:2013,287,0,0
BRDA:2013,287,1,0
BRDA:2019,288,0,0
BRDA:2019,288,1,0
BRDA:2020,289,0,0
BRDA:2020,289,1,0
BRDA:2025,290,0,0
BRDA:2025,290,1,0
BRDA:2031,291,0,0
BRDA:2031,291,1,0
BRDA:2041,292,0,0
BRDA:2041,292,1,0
BRDA:2041,292,2,0
BRDA:2053,293,0,0
BRDA:2053,293,1,0
BRDA:2053,293,2,0
BRDA:2059,294,0,0
BRDA:2059,294,1,0
BRDA:2064,295,0,0
BRDA:2064,295,1,0
BRDA:2066,296,0,0
BRDA:2066,296,1,0
BRDA:2097,297,0,0
BRDA:2097,297,1,0
BRDA:2105,298,0,0
BRDA:2105,298,1,0
BRDA:2129,299,0,0
BRDA:2129,299,1,0
BRDA:2143,300,0,0
BRDA:2143,300,1,0
BRDA:2143,301,0,0
BRDA:2143,301,1,0
BRDA:2157,302,0,0
BRDA:2157,302,1,0
BRDA:2150,303,0,0
BRDA:2150,303,1,0
BRDA:2150,304,0,0
BRDA:2150,304,1,0
BRDA:2152,305,0,0
BRDA:2152,305,1,0
BRDA:2155,306,0,0
BRDA:2155,306,1,0
BRDA:2164,307,0,0
BRDA:2164,307,1,0
BRDA:2165,308,0,0
BRDA:2165,308,1,0
BRDA:2173,309,0,0
BRDA:2173,309,1,0
BRDA:2173,309,2,0
BRDA:2173,309,3,0
BRDA:2175,310,0,0
BRDA:2175,310,1,0
BRDA:2175,310,2,0
BRDA:2187,311,0,0
BRDA:2187,311,1,0
BRDA:2187,311,2,0
BRDA:2187,311,3,0
BRDA:2195,312,0,0
BRDA:2195,312,1,0
BRDA:2211,313,0,0
BRDA:2211,313,1,0
BRDA:2233,314,0,0
BRDA:2233,314,1,0
BRDA:2233,314,2,0
BRDA:2238,315,0,0
BRDA:2238,315,1,0
BRDA:2238,315,2,0
BRDA:2238,315,3,0
BRDA:2257,316,0,0
BRDA:2257,316,1,0
BRDA:2277,317,0,0
BRDA:2277,317,1,0
BRDA:2279,318,0,0
BRDA:2279,318,1,0
BRDA:2289,319,0,0
BRDA:2289,319,1,0
BRDA:2318,320,0,0
BRDA:2318,320,1,0
BRDA:2319,321,0,0
BRDA:2319,321,1,0
BRDA:2329,322,0,0
BRDA:2329,322,1,0
BRDA:2329,323,0,0
BRDA:2329,323,1,0
BRDA:2330,324,0,0
BRDA:2330,324,1,0
BRDA:2333,325,0,0
BRDA:2333,325,1,0
BRDA:2341,326,0,0
BRDA:2341,326,1,0
BRDA:2354,327,0,0
BRDA:2354,327,1,0
BRDA:2354,328,0,0
BRDA:2354,328,1,0
BRDA:2354,328,2,0
BRDA:2366,329,0,0
BRDA:2366,329,1,0
BRDA:2374,330,0,0
BRDA:2374,330,1,0
BRDA:2376,331,0,0
BRDA:2376,331,1,0
BRDA:2396,332,0,0
BRDA:2396,332,1,0
BRDA:2397,333,0,0
BRDA:2397,333,1,0
BRDA:2400,334,0,0
BRDA:2400,334,1,0
BRDA:2405,335,0,0
BRDA:2405,335,1,0
BRDA:2405,336,0,0
BRDA:2405,336,1,0
BRDA:2418,337,0,0
BRDA:2418,337,1,0
BRDA:2420,338,0,0
BRDA:2420,338,1,0
BRDA:2420,339,0,0
BRDA:2420,339,1,0
BRDA:2421,340,0,0
BRDA:2421,340,1,0
BRDA:2428,341,0,0
BRDA:2428,341,1,0
BRDA:2428,342,0,0
BRDA:2428,342,1,0
BRDA:2429,343,0,0
BRDA:2429,343,1,0
BRDA:2433,344,0,0
BRDA:2433,344,1,0
BRDA:2436,345,0,0
BRDA:2436,345,1,0
BRDA:2436,346,0,0
BRDA:2436,346,1,0
BRDA:2437,347,0,0
BRDA:2437,347,1,0
BRDA:2438,348,0,0
BRDA:2438,348,1,0
BRDA:2438,349,0,0
BRDA:2438,349,1,0
BRDA:2438,349,2,0
BRDA:2449,350,0,0
BRDA:2449,350,1,0
BRDA:2461,351,0,0
BRDA:2461,351,1,0
BRDA:2465,352,0,0
BRDA:2465,352,1,0
BRDA:2491,353,0,0
BRDA:2491,353,1,0
BRDA:2492,354,0,0
BRDA:2492,354,1,0
BRDA:2492,355,0,0
BRDA:2492,355,1,0
BRDA:2494,356,0,0
BRDA:2494,356,1,0
BRDA:2505,357,0,0
BRDA:2505,357,1,0
BRDA:2505,358,0,0
BRDA:2505,358,1,0
BRDA:2508,359,0,0
BRDA:2508,359,1,0
BRDA:2508,360,0,0
BRDA:2508,360,1,0
BRDA:2518,361,0,0
BRDA:2518,361,1,0
BRDA:2519,362,0,0
BRDA:2519,362,1,0
BRDA:2520,363,0,0
BRDA:2520,363,1,0
BRDA:2525,364,0,0
BRDA:2525,364,1,0
BRDA:2525,365,0,0
BRDA:2525,365,1,0
BRDA:2525,365,2,0
BRDA:2529,366,0,0
BRDA:2529,366,1,0
BRDA:2532,367,0,0
BRDA:2532,367,1,0
BRDA:2532,368,0,0
BRDA:2532,368,1,0
BRDA:2532,369,0,0
[...]
BRDA:7703,1133,3,0
BRDA:7703,1133,4,0
BRDA:7707,1134,0,0
BRDA:7707,1134,1,0
BRDA:7711,1135,0,0
BRDA:7711,1135,1,0
BRDA:7712,1136,0,0
BRDA:7712,1136,1,0
BRDA:7722,1137,0,0
BRDA:7722,1137,1,0
BRDA:7722,1138,0,0
BRDA:7722,1138,1,0
BRDA:7730,1139,0,0
BRDA:7730,1139,1,0
BRDA:7734,1140,0,0
BRDA:7734,1140,1,0
BRDA:7760,1141,0,0
BRDA:7760,1141,1,0
BRDA:7760,1142,0,0
BRDA:7760,1142,1,0
BRDA:7766,1143,0,0
BRDA:7766,1143,1,0
BRDA:7766,1144,0,0
BRDA:7766,1144,1,0
BRDA:7777,1145,0,0
BRDA:7777,1145,1,0
BRDA:7782,1146,0,0
BRDA:7782,1146,1,0
BRDA:7783,1147,0,0
BRDA:7783,1147,1,0
BRDA:7788,1148,0,0
BRDA:7788,1148,1,0
BRDA:7792,1149,0,0
BRDA:7792,1149,1,0
BRDA:7793,1150,0,0
BRDA:7793,1150,1,0
BRDA:7793,1151,0,0
BRDA:7793,1151,1,0
BRDA:7798,1152,0,0
BRDA:7798,1152,1,0
BRDA:7798,1153,0,0
BRDA:7798,1153,1,0
BRDA:7798,1153,2,0
BRDA:7805,1154,0,0
BRDA:7805,1154,1,0
BRDA:7805,1155,0,0
BRDA:7805,1155,1,0
BRDA:7805,1155,2,0
BRDA:7817,1156,0,0
BRDA:7817,1156,1,0
BRDA:7817,1157,0,0
BRDA:7817,1157,1,0
BRDA:7823,1158,0,0
BRDA:7823,1158,1,0
BRDA:7824,1159,0,0
BRDA:7824,1159,1,0
BRDA:7832,1160,0,0
BRDA:7832,1160,1,0
BRDA:7840,1161,0,0
BRDA:7840,1161,1,0
BRDA:7840,1162,0,0
BRDA:7840,1162,1,0
BRDA:7846,1163,0,0
BRDA:7846,1163,1,0
BRDA:7846,1164,0,0
BRDA:7846,1164,1,0
BRDA:7854,1165,0,0
BRDA:7854,1165,1,0
BRDA:7854,1166,0,0
BRDA:7854,1166,1,0
BRDA:7868,1167,0,0
BRDA:7868,1167,1,0
BRDA:7868,1168,0,0
BRDA:7868,1168,1,0
BRDA:7900,1169,0,0
BRDA:7900,1169,1,0
BRDA:7900,1170,0,0
BRDA:7900,1170,1,0
BRDA:7905,1171,0,0
BRDA:7905,1171,1,0
BRDA:7918,1172,0,0
BRDA:7918,1172,1,0
BRDA:7942,1173,0,0
BRDA:7942,1173,1,0
BRDA:7942,1174,0,0
BRDA:7942,1174,1,0
BRDA:7943,1175,0,0
BRDA:7943,1175,1,0
BRDA:7999,1176,0,0
BRDA:7999,1176,1,0
BRDA:7999,1177,0,0
BRDA:7999,1177,1,0
BRDA:7999,1177,2,0
BRDA:8004,1178,0,0
BRDA:8004,1178,1,0
BRDA:8010,1179,0,0
BRDA:8010,1179,1,0
BRDA:8010,1180,0,0
BRDA:8010,1180,1,0
BRDA:8011,1181,0,0
BRDA:8011,1181,1,0
BRDA:8012,1182,0,0
BRDA:8012,1182,1,0
BRDA:8015,1183,0,0
BRDA:8015,1183,1,0
BRDA:8016,1184,0,0
BRDA:8016,1184,1,0
BRDA:8021,1185,0,0
BRDA:8021,1185,1,0
BRDA:8021,1186,0,0
BRDA:8021,1186,1,0
BRDA:8021,1186,2,0
BRDA:8030,1187,0,0
BRDA:8030,1187,1,0
BRDA:8030,1188,0,0
BRDA:8030,1188,1,0
BRDA:8030,1188,2,0
BRDA:8037,1189,0,0
BRDA:8037,1189,1,0
BRDA:8043,1190,0,0
BRDA:8043,1190,1,0
BRDA:8043,1191,0,0
BRDA:8043,1191,1,0
BRDA:8043,1191,2,0
BRDA:8047,1192,0,0
BRDA:8047,1192,1,0
BRDA:8062,1193,0,0
BRDA:8062,1193,1,0
BRDA:8064,1194,0,0
BRDA:8064,1194,1,0
BRDA:8064,1195,0,0
BRDA:8064,1195,1,0
BRDA:8075,1196,0,0
BRDA:8075,1196,1,0
BRDA:8087,1197,0,0
BRDA:8087,1197,1,0
BRDA:8093,1198,0,0
BRDA:8093,1198,1,0
BRDA:8098,1199,0,0
BRDA:8098,1199,1,0
BRDA:8120,1200,0,0
BRDA:8120,1200,1,0
BRDA:8131,1201,0,0
BRDA:8131,1201,1,0
BRDA:8131,1202,0,0
BRDA:8131,1202,1,0
BRDA:8131,1202,2,0
BRDA:8135,1203,0,0
BRDA:8135,1203,1,0
BRDA:8135,1204,0,0
BRDA:8135,1204,1,0
BRDA:8138,1205,0,0
BRDA:8138,1205,1,0
BRDA:8142,1206,0,0
BRDA:8142,1206,1,0
BRDA:8143,1207,0,0
BRDA:8143,1207,1,0
BRDA:8143,1208,0,0
BRDA:8143,1208,1,0
BRDA:8143,1208,2,0
BRDA:8151,1209,0,0
BRDA:8151,1209,1,0
BRDA:8151,1210,0,0
BRDA:8151,1210,1,0
BRDA:8151,1210,2,0
BRDA:8169,1211,0,0
BRDA:8169,1211,1,0
BRDA:8173,1212,0,0
BRDA:8173,1212,1,0
BRDA:8174,1213,0,0
BRDA:8174,1213,1,0
BRDA:8174,1213,2,0
BRDA:8200,1214,0,0
BRDA:8200,1214,1,0
BRDA:8207,1215,0,0
BRDA:8207,1215,1,0
BRDA:8207,1216,0,0
BRDA:8207,1216,1,0
BRDA:8217,1217,0,0
BRDA:8217,1217,1,0
BRDA:8220,1218,0,0
BRDA:8220,1218,1,0
BRDA:8249,1219,0,0
BRDA:8249,1219,1,0
BRDA:8255,1220,0,0
BRDA:8255,1220,1,0
BRDA:8255,1220,2,0
BRDA:8259,1221,0,0
BRDA:8259,1221,1,0
BRDA:8262,1222,0,0
BRDA:8262,1222,1,0
BRDA:8263,1223,0,0
BRDA:8263,1223,1,0
BRDA:8273,1224,0,0
BRDA:8273,1224,1,0
BRDA:8281,1225,0,0
BRDA:8281,1225,1,0
BRDA:8284,1226,0,0
BRDA:8284,1226,1,0
BRDA:8286,1227,0,0
BRDA:8286,1227,1,0
BRDA:8289,1228,0,0
BRDA:8289,1228,1,0
BRDA:8296,1229,0,0
BRDA:8296,1229,1,0
BRDA:8310,1230,0,0
BRDA:8310,1230,1,0
BRDA:8316,1231,0,0
BRDA:8316,1231,1,0
BRDA:8322,1232,0,0
BRDA:8322,1232,1,0
BRDA:8327,1233,0,0
BRDA:8327,1233,1,0
BRDA:8329,1234,0,0
BRDA:8329,1234,1,0
BRDA:8341,1235,0,0
BRDA:8341,1235,1,0
BRDA:8353,1236,0,0
BRDA:8353,1236,1,0
BRDA:8355,1237,0,0
BRDA:8355,1237,1,0
BRDA:8355,1238,0,0
BRDA:8355,1238,1,0
BRDA:8356,1239,0,0
BRDA:8356,1239,1,0
BRDA:8359,1240,0,0
BRDA:8359,1240,1,0
BRDA:8371,1241,0,0
BRDA:8371,1241,1,0
BRDA:8381,1242,0,0
BRDA:8381,1242,1,0
BRDA:8389,1243,0,0
BRDA:8389,1243,1,0
BRDA:8389,1244,0,0
BRDA:8389,1244,1,0
BRDA:8391,1245,0,0
BRDA:8391,1245,1,0
BRDA:8401,1246,0,0
BRDA:8401,1246,1,0
BRDA:8403,1247,0,0
BRDA:8403,1247,1,0
BRDA:8403,1248,0,0
BRDA:8403,1248,1,0
BRDA:8405,1249,0,0
BRDA:8405,1249,1,0
BRDA:8418,1250,0,0
BRDA:8418,1250,1,0
BRDA:8418,1251,0,0
BRDA:8418,1251,1,0
BRDA:8438,1252,0,0
BRDA:8438,1252,1,0
BRDA:8439,1253,0,0
BRDA:8439,1253,1,0
BRDA:8440,1254,0,0
BRDA:8440,1254,1,0
BRDA:8443,1255,0,0
BRDA:8443,1255,1,0
BRDA:8443,1256,0,0
BRDA:8443,1256,1,0
BRDA:8443,1256,2,0
BRDA:8453,1257,0,0
BRDA:8453,1257,1,0
BRDA:8458,1258,0,0
BRDA:8458,1258,1,0
BRDA:8469,1259,0,0
BRDA:8469,1259,1,0
BRDA:8473,1260,0,0
BRDA:8473,1260,1,0
BRDA:8480,1261,0,0
BRDA:8480,1261,1,0
BRDA:8483,1262,0,0
BRDA:8483,1262,1,0
BRDA:8486,1263,0,0
BRDA:8486,1263,1,0
BRDA:8488,1264,0,0
BRDA:8488,1264,1,0
BRDA:8492,1265,0,0
BRDA:8492,1265,1,0
BRDA:8495,1266,0,0
BRDA:8495,1266,1,0
BRDA:8495,1267,0,0
BRDA:8495,1267,1,0
BRDA:8495,1267,2,0
BRDA:8508,1268,0,0
BRDA:8508,1268,1,0
BRDA:8524,1269,0,0
BRDA:8524,1269,1,0
BRDA:8525,1270,0,0
BRDA:8525,1270,1,0
BRDA:8527,1271,0,0
BRDA:8527,1271,1,0
BRDA:8531,1272,0,0
BRDA:8531,1272,1,0
BRDA:8540,1273,0,0
BRDA:8540,1273,1,0
BRDA:8540,1274,0,0
BRDA:8540,1274,1,0
BRDA:8540,1274,2,0
BRDA:8540,1274,3,0
BRDA:8540,1274,4,0
BRDA:8551,1275,0,0
BRDA:8551,1275,1,0
BRDA:8574,1276,0,0
BRDA:8574,1276,1,0
BRDA:8584,1277,0,0
BRDA:8584,1277,1,0
BRDA:8597,1278,0,0
BRDA:8597,1278,1,0
BRDA:8602,1279,0,0
BRDA:8602,1279,1,0
BRDA:8604,1280,0,0
BRDA:8604,1280,1,0
BRDA:8628,1281,0,0
BRDA:8628,1281,1,0
BRDA:8629,1282,0,0
BRDA:8629,1282,1,0
BRDA:8630,1283,0,0
BRDA:8630,1283,1,0
BRDA:8632,1284,0,0
BRDA:8632,1284,1,0
BRDA:8635,1285,0,0
BRDA:8635,1285,1,0
BRDA:8635,1286,0,0
BRDA:8635,1286,1,0
BRDA:8640,1287,0,0
BRDA:8640,1287,1,0
BRDA:8644,1288,0,0
BRDA:8644,1288,1,0
BRDA:8651,1289,0,0
BRDA:8651,1289,1,0
BRDA:8654,1290,0,0
BRDA:8654,1290,1,0
BRDA:8656,1291,0,0
BRDA:8656,1291,1,0
BRDA:8659,1292,0,0
BRDA:8659,1292,1,0
BRDA:8661,1293,0,0
BRDA:8661,1293,1,0
BRDA:8667,1294,0,0
BRDA:8667,1294,1,0
BRDA:8672,1295,0,0
BRDA:8672,1295,1,0
BRDA:8677,1296,0,0
BRDA:8677,1296,1,0
BRDA:8678,1297,0,0
BRDA:8678,1297,1,0
BRDA:8678,1298,0,0
BRDA:8678,1298,1,0
BRDA:8678,1298,2,0
BRDA:8684,1299,0,0
BRDA:8684,1299,1,0
BRDA:8684,1300,0,0
BRDA:8684,1300,1,0
BRDA:8684,1300,2,0
BRDA:8686,1301,0,0
BRDA:8686,1301,1,0
BRDA:8687,1302,0,0
BRDA:8687,1302,1,0
BRDA:8696,1303,0,0
BRDA:8696,1303,1,0
BRDA:8696,1304,0,0
BRDA:8696,1304,1,0
BRDA:8697,1305,0,0
BRDA:8697,1305,1,0
BRDA:8697,1305,2,0
BRDA:8703,1306,0,0
BRDA:8703,1306,1,0
BRDA:8705,1307,0,0
BRDA:8705,1307,1,0
BRDA:8707,1308,0,0
BRDA:8707,1308,1,0
BRDA:8710,1309,0,0
BRDA:8710,1309,1,0
BRDA:8711,1310,0,0
BRDA:8711,1310,1,0
BRDA:8714,1311,0,0
BRDA:8714,1311,1,0
BRDA:8719,1312,0,0
BRDA:8719,1312,1,0
BRDA:8720,1313,0,0
BRDA:8720,1313,1,0
BRDA:8720,1314,0,0
BRDA:8720,1314,1,0
BRDA:8720,1314,2,0
BRDA:8722,1315,0,0
BRDA:8722,1315,1,0
BRDA:8730,1316,0,0
BRDA:8730,1316,1,0
BRDA:8730,1317,0,0
BRDA:8730,1317,1,0
BRDA:8732,1318,0,0
BRDA:8732,1318,1,0
BRDA:8732,1319,0,0
BRDA:8732,1319,1,0
BRDA:8732,1319,2,0
BRDA:8738,1320,0,0
BRDA:8738,1320,1,0
BRDA:8738,1321,0,0
BRDA:8738,1321,1,0
BRDA:8738,1321,2,0
BRDA:8743,1322,0,0
BRDA:8743,1322,1,0
BRDA:8750,1323,0,0
BRDA:8750,1323,1,0
BRDA:8756,1324,0,0
BRDA:8756,1324,1,0
BRDA:8762,1325,0,0
BRDA:8762,1325,1,0
BRDA:8798,1326,0,0
BRDA:8798,1326,1,0
BRDA:8813,1327,0,0
BRDA:8813,1327,1,0
BRDA:8826,1328,0,0
BRDA:8826,1328,1,0
BRDA:8826,1328,2,0
BRDA:8829,1329,0,0
BRDA:8829,1329,1,0
BRDA:8832,1330,0,0
BRDA:8832,1330,1,0
BRDA:8835,1331,0,0
BRDA:8835,1331,1,0
BRDA:8835,1331,2,0
BRDA:8838,1332,0,0
BRDA:8838,1332,1,0
BRDA:8860,1333,0,0
BRDA:8860,1333,1,0
BRDA:8860,1334,0,0
BRDA:8860,1334,1,0
BRDA:8872,1335,0,0
BRDA:8872,1335,1,0
BRDA:8872,1336,0,0
BRDA:8872,1336,1,0
BRDA:8888,1337,0,0
BRDA:8888,1337,1,0
BRDA:8892,1338,0,0
BRDA:8892,1338,1,0
BRDA:8892,1339,0,0
BRDA:8892,1339,1,0
BRDA:8901,1340,0,0
BRDA:8901,1340,1,0
BRDA:8901,1341,0,0
BRDA:8901,1341,1,0
BRDA:8909,1342,0,0
BRDA:8909,1342,1,0
BRDA:8909,1343,0,0
BRDA:8909,1343,1,0
BRDA:8931,1344,0,0
BRDA:8931,1344,1,0
BRDA:8936,1345,0,0
BRDA:8936,1345,1,0
BRDA:8939,1346,0,0
BRDA:8939,1346,1,0
BRDA:8944,1347,0,0
BRDA:8944,1347,1,0
BRDA:8944,1348,0,0
BRDA:8944,1348,1,0
BRDA:8944,1348,2,0
BRDA:8973,1349,0,0
BRDA:8973,1349,1,0
BRDA:8979,1350,0,0
BRDA:8979,1350,1,0
BRDA:8979,1350,2,0
BRDA:8979,1350,3,0
BRDA:8979,1350,4,0
BRDA:8979,1350,5,0
BRDA:8986,1351,0,0
BRDA:8986,1351,1,0
BRDA:8990,1352,0,0
BRDA:8990,1352,1,0
BRDA:9044,1353,0,0
BRDA:9044,1353,1,0
BRDA:9051,1354,0,0
BRDA:9051,1354,1,0
BRDA:9053,1355,0,0
BRDA:9053,1355,1,0
BRDA:9059,1356,0,0
BRDA:9059,1356,1,0
BRDA:9060,1357,0,0
BRDA:9060,1357,1,0
BRDA:9061,1358,0,0
BRDA:9061,1358,1,0
BRDA:9065,1359,0,0
BRDA:9065,1359,1,0
BRDA:9081,1360,0,0
BRDA:9081,1360,1,0
BRDA:9083,1361,0,0
BRDA:9083,1361,1,0
BRDA:9083,1362,0,0
BRDA:9083,1362,1,0
BRDA:9083,1362,2,0
BRDA:9089,1363,0,0
BRDA:9089,1363,1,0
BRDA:9096,1364,0,0
BRDA:9096,1364,1,0
BRDA:9096,1364,2,0
BRDA:9104,1365,0,0
BRDA:9104,1365,1,0
BRDA:9107,1366,0,0
BRDA:9107,1366,1,0
BRDA:9108,1367,0,0
BRDA:9108,1367,1,0
BRDA:9108,1368,0,0
BRDA:9108,1368,1,0
BRDA:9111,1369,0,0
BRDA:9111,1369,1,0
BRDA:9131,1370,0,0
BRDA:9131,1370,1,0
BRDA:9132,1371,0,0
BRDA:9132,1371,1,0
BRDA:9137,1372,0,0
BRDA:9137,1372,1,0
BRDA:9139,1373,0,0
BRDA:9139,1373,1,0
BRDA:9139,1374,0,0
BRDA:9139,1374,1,0
BRDA:9147,1375,0,0
BRDA:9147,1375,1,0
BRDA:9153,1376,0,0
BRDA:9153,1376,1,0
BRDA:9153,1377,0,0
BRDA:9153,1377,1,0
BRDA:9157,1378,0,0
BRDA:9157,1378,1,0
BRDA:9163,1379,0,0
BRDA:9163,1379,1,0
BRDA:9169,1380,0,0
BRDA:9169,1380,1,0
BRDA:9170,1381,0,0
BRDA:9170,1381,1,0
BRDA:9188,1382,0,0
BRDA:9188,1382,1,0
BRDA:9199,1383,0,0
BRDA:9199,1383,1,0
BRDA:9204,1384,0,0
BRDA:9204,1384,1,0
BRDA:9204,1385,0,0
BRDA:9204,1385,1,0
BRDA:9204,1385,2,0
BRDA:9211,1386,0,0
BRDA:9211,1386,1,0
BRDA:9214,1387,0,0
BRDA:9214,1387,1,0
BRDA:9219,1388,0,0
BRDA:9219,1388,1,0
BRDA:9219,1389,0,0
BRDA:9219,1389,1,0
BRDA:9222,1390,0,0
BRDA:9222,1390,1,0
BRDA:9225,1391,0,0
BRDA:9225,1391,1,0
BRDA:9230,1392,0,0
BRDA:9230,1392,1,0
BRDA:9233,1393,0,0
BRDA:9233,1393,1,0
BRDA:9235,1394,0,0
BRDA:9235,1394,1,0
BRDA:9238,1395,0,0
BRDA:9238,1395,1,0
BRDA:9242,1396,0,0
BRDA:9242,1396,1,0
BRDA:9253,1397,0,0
BRDA:9253,1397,1,0
BRDA:9256,1398,0,0
BRDA:9256,1398,1,0
BRDA:9256,1399,0,0
BRDA:9256,1399,1,0
BRDA:9264,1400,0,0
BRDA:9264,1400,1,0
BRDA:9357,1401,0,0
BRDA:9357,1401,1,0
BRDA:9373,1402,0,0
BRDA:9373,1402,1,0
BRDA:9379,1403,0,0
BRDA:9379,1403,1,0
BRDA:9412,1404,0,0
BRDA:9412,1404,1,0
BRDA:9415,1405,0,0
BRDA:9415,1405,1,0
BRDA:9415,1406,0,0
BRDA:9415,1406,1,0
BRDA:9415,1406,2,0
BRDA:9425,1407,0,0
BRDA:9425,1407,1,0
BRDA:9441,1408,0,0
BRDA:9441,1408,1,0
BRDA:9442,1409,0,0
BRDA:9442,1409,1,0
BRDA:9446,1410,0,0
BRDA:9446,1410,1,0
BRDA:9452,1411,0,0
BRDA:9452,1411,1,0
BRDA:9457,1412,0,0
BRDA:9457,1412,1,0
BRDA:9462,1413,0,0
BRDA:9462,1413,1,0
BRDA:9464,1414,0,0
BRDA:9464,1414,1,0
BRDA:9472,1415,0,0
BRDA:9472,1415,1,0
BRDA:9481,1416,0,0
BRDA:9481,1416,1,0
BRDA:9482,1417,0,0
BRDA:9482,1417,1,0
BRDA:9499,1418,0,0
BRDA:9499,1418,1,0
BRDA:9500,1419,0,0
BRDA:9500,1419,1,0
BRDA:9514,1420,0,0
BRDA:9514,1420,1,0
BRDA:9514,1420,2,0
BRDA:9518,1421,0,0
BRDA:9518,1421,1,0
BRDA:9518,1421,2,0
BRDA:9518,1421,3,0
BRDA:9521,1422,0,0
BRDA:9521,1422,1,0
BRDA:9521,1423,0,0
BRDA:9521,1423,1,0
BRDA:9524,1424,0,0
BRDA:9524,1424,1,0
BRDA:9547,1425,0,0
BRDA:9547,1425,1,0
BRDA:9547,1426,0,0
BRDA:9547,1426,1,0
BRDA:9547,1426,2,0
BRDA:9555,1427,0,0
BRDA:9555,1427,1,0
BRDA:9561,1428,0,0
BRDA:9561,1428,1,0
BRDA:9564,1429,0,0
BRDA:9564,1429,1,0
BRDA:9564,1430,0,0
BRDA:9564,1430,1,0
BRDA:9580,1431,0,0
BRDA:9580,1431,1,0
BRDA:9586,1432,0,0
BRDA:9586,1432,1,0
BRDA:9586,1433,0,0
BRDA:9586,1433,1,0
BRDA:9586,1433,2,0
BRDA:9587,1434,0,0
BRDA:9587,1434,1,0
BRDA:9594,1435,0,0
BRDA:9594,1435,1,0
BRDA:9596,1436,0,0
BRDA:9596,1436,1,0
BRDA:9604,1437,0,0
BRDA:9604,1437,1,0
BRDA:9604,1438,0,0
BRDA:9604,1438,1,0
BRDA:9604,1438,2,0
BRDA:9605,1439,0,0
BRDA:9605,1439,1,0
BRDA:9610,1440,0,0
BRDA:9610,1440,1,0
BRDA:9611,1441,0,0
BRDA:9611,1441,1,0
BRDA:9614,1442,0,0
BRDA:9614,1442,1,0
BRDA:9620,1443,0,0
BRDA:9620,1443,1,0
BRDA:9620,1444,0,0
BRDA:9620,1444,1,0
BRDA:9620,1444,2,0
BRDA:9620,1444,3,0
BRDA:9627,1445,0,0
BRDA:9627,1445,1,0
BRDA:9627,1446,0,0
BRDA:9627,1446,1,0
BRDA:9629,1447,0,0
BRDA:9629,1447,1,0
BRDA:9639,1448,0,0
BRDA:9639,1448,1,0
BRDA:9639,1449,0,0
BRDA:9639,1449,1,0
BRDA:9639,1449,2,0
BRDA:9658,1450,0,0
BRDA:9658,1450,1,0
BRDA:9664,1451,0,0
BRDA:9664,1451,1,0
BRDA:9669,1452,0,0
BRDA:9669,1452,1,0
BRDA:9674,1453,0,0
BRDA:9674,1453,1,0
BRDA:9674,1454,0,0
BRDA:9674,1454,1,0
BRDA:9686,1455,0,0
BRDA:9686,1455,1,0
BRDA:9701,1456,0,0
BRDA:9701,1456,1,0
BRDA:9708,1457,0,0
BRDA:9708,1457,1,0
BRDA:9717,1458,0,0
BRDA:9717,1458,1,0
BRDA:9720,1459,0,0
BRDA:9720,1459,1,0
BRDA:9723,1460,0,0
BRDA:9723,1460,1,0
BRDA:9723,1460,2,0
BRDA:9726,1461,0,0
BRDA:9726,1461,1,0
BRDA:9731,1462,0,0
BRDA:9731,1462,1,0
BRDA:9731,1463,0,0
BRDA:9731,1463,1,0
BRDA:9739,1464,0,0
BRDA:9739,1464,1,0
BRDA:9742,1465,0,0
BRDA:9742,1465,1,0
BRDA:9744,1466,0,0
BRDA:9744,1466,1,0
BRDA:9748,1467,0,0
BRDA:9748,1467,1,0
BRDA:9754,1468,0,0
BRDA:9754,1468,1,0
BRDA:9754,1469,0,0
BRDA:9754,1469,1,0
BRDA:9758,1470,0,0
BRDA:9758,1470,1,0
BRDA:9772,1471,0,0
BRDA:9772,1471,1,0
BRDA:9772,1472,0,0
BRDA:9772,1472,1,0
BRDA:9774,1473,0,0
BRDA:9774,1473,1,0
BRDA:9782,1474,0,0
BRDA:9782,1474,1,0
BRDA:9785,1475,0,0
BRDA:9785,1475,1,0
BRDA:9795,1476,0,0
BRDA:9795,1476,1,0
BRDA:9796,1477,0,0
BRDA:9796,1477,1,0
BRDA:9797,1478,0,0
BRDA:9797,1478,1,0
BRDA:9803,1479,0,0
BRDA:9803,1479,1,0
BRDA:9807,1480,0,0
BRDA:9807,1480,1,0
BRDA:9829,1481,0,0
BRDA:9829,1481,1,0
BRDA:9830,1482,0,0
BRDA:9830,1482,1,0
BRDA:9842,1483,0,0
BRDA:9842,1483,1,0
BRDA:9849,1484,0,0
BRDA:9849,1484,1,0
BRDA:9850,1485,0,0
BRDA:9850,1485,1,0
BRDA:9884,1486,0,0
BRDA:9884,1486,1,0
BRDA:9885,1487,0,0
BRDA:9885,1487,1,0
BRDA:9892,1488,0,0
BRDA:9892,1488,1,0
BRDA:9911,1489,0,0
BRDA:9911,1489,1,0
BRDA:9921,1490,0,0
BRDA:9921,1490,1,0
BRDA:9934,1491,0,0
BRDA:9934,1491,1,0
BRDA:9951,1492,0,0
BRDA:9951,1492,1,0
BRDA:9951,1492,2,0
BRDA:9974,1493,0,0
BRDA:9974,1493,1,0
BRDA:9981,1494,0,0
BRDA:9981,1494,1,0
BRDA:9981,1495,0,0
BRDA:9981,1495,1,0
BRDA:9981,1495,2,0
BRDA:9996,1496,0,0
BRDA:9996,1496,1,0
BRDA:10003,1497,0,0
BRDA:10003,1497,1,0
BRDA:10003,1498,0,0
BRDA:10003,1498,1,0
BRDA:10012,1499,0,0
BRDA:10012,1499,1,0
BRDA:10012,1500,0,0
BRDA:10012,1500,1,0
BRDA:10024,1501,0,0
BRDA:10024,1501,1,0
BRDA:10029,1502,0,0
BRDA:10029,1502,1,0
BRDA:10031,1503,0,0
BRDA:10031,1503,1,0
BRDA:10036,1504,0,0
BRDA:10036,1504,1,0
BRDA:10048,1505,0,0
BRDA:10048,1505,1,0
BRDA:10054,1506,0,0
BRDA:10054,1506,1,0
BRDA:10054,1507,0,0
BRDA:10054,1507,1,0
BRDA:10054,1508,0,0
BRDA:10054,1508,1,0
BRDA:10072,1509,0,0
BRDA:10072,1509,1,0
BRDA:10078,1510,0,0
BRDA:10078,1510,1,0
BRDA:10085,1511,0,0
BRDA:10085,1511,1,0
BRDA:10099,1512,0,0
BRDA:10099,1512,1,0
BRDA:10099,1512,2,0
BRDA:10103,1513,0,0
BRDA:10103,1513,1,0
BRDA:10110,1514,0,0
BRDA:10110,1514,1,0
BRDA:10123,1515,0,0
BRDA:10123,1515,1,0
BRDA:10147,1516,0,0
BRDA:10147,1516,1,0
BRDA:10150,1517,0,0
BRDA:10150,1517,1,0
BRDA:10159,1518,0,0
BRDA:10159,1518,1,0
BRDA:10159,1519,0,0
BRDA:10159,1519,1,0
BRDA:10164,1520,0,0
BRDA:10164,1520,1,0
BRDA:10169,1521,0,0
BRDA:10169,1521,1,0
BRDA:10170,1522,0,0
BRDA:10170,1522,1,0
BRDA:10178,1523,0,0
BRDA:10178,1523,1,0
BRDA:10196,1524,0,0
BRDA:10196,1524,1,0
BRDA:10206,1525,0,0
BRDA:10206,1525,1,0
BRDA:10206,1526,0,0
BRDA:10206,1526,1,0
BRDA:10208,1527,0,0
BRDA:10208,1527,1,0
BRDA:10208,1527,2,0
BRDA:10208,1527,3,0
BRDA:10209,1528,0,0
BRDA:10209,1528,1,0
BRDA:10215,1529,0,0
BRDA:10215,1529,1,0
BRDA:10215,1530,0,0
BRDA:10215,1530,1,0
BRDA:10218,1531,0,0
BRDA:10218,1531,1,0
BRDA:10223,1532,0,0
BRDA:10223,1532,1,0
BRDA:10225,1533,0,0
BRDA:10225,1533,1,0
BRDA:10226,1534,0,0
BRDA:10226,1534,1,0
BRDA:10231,1535,0,0
BRDA:10231,1535,1,0
BRDA:10250,1536,0,0
BRDA:10250,1536,1,0
BRDA:10259,1537,0,0
BRDA:10259,1537,1,0
BRDA:10269,1538,0,0
BRDA:10269,1538,1,0
BRDA:10269,1539,0,0
BRDA:10269,1539,1,0
BRDA:10301,1540,0,0
BRDA:10301,1540,1,0
BRDA:10304,1541,0,0
BRDA:10304,1541,1,0
BRDA:10311,1542,0,0
BRDA:10311,1542,1,0
BRDA:10315,1543,0,0
BRDA:10315,1543,1,0
BRDA:10330,1544,0,0
BRDA:10330,1544,1,0
BRDA:10333,1545,0,0
BRDA:10333,1545,1,0
BRDA:10339,1546,0,0
BRDA:10339,1546,1,0
BRDA:10339,1547,0,0
BRDA:10339,1547,1,0
BRDA:10355,1548,0,0
BRDA:10355,1548,1,0
BRDA:10361,1549,0,0
BRDA:10361,1549,1,0
BRDA:10368,1550,0,0
BRDA:10368,1550,1,0
BRDA:10368,1551,0,0
BRDA:10368,1551,1,0
BRDA:10373,1552,0,0
BRDA:10373,1552,1,0
BRDA:10380,1553,0,0
BRDA:10380,1553,1,0
BRDA:10388,1554,0,0
BRDA:10388,1554,1,0
BRDA:10400,1555,0,0
BRDA:10400,1555,1,0
BRDA:10402,1556,0,0
BRDA:10402,1556,1,0
BRDA:10430,1557,0,0
BRDA:10430,1557,1,0
BRDA:10437,1558,0,0
BRDA:10437,1558,1,0
BRDA:10437,1558,2,0
BRDA:10442,1559,0,0
BRDA:10442,1559,1,0
BRDA:10448,1560,0,0
BRDA:10448,1560,1,0
BRDA:10449,1561,0,0
BRDA:10449,1561,1,0
BRDA:10452,1562,0,0
BRDA:10452,1562,1,0
BRDA:10458,1563,0,0
BRDA:10458,1563,1,0
BRDA:10461,1564,0,0
BRDA:10461,1564,1,0
BRDA:10465,1565,0,0
BRDA:10465,1565,1,0
BRDA:10469,1566,0,0
BRDA:10469,1566,1,0
BRDA:10472,1567,0,0
BRDA:10472,1567,1,0
BRDA:10486,1568,0,0
BRDA:10486,1568,1,0
BRDA:10487,1569,0,0
BRDA:10487,1569,1,0
BRDA:10497,1570,0,0
BRDA:10497,1570,1,0
BRDA:10505,1571,0,0
BRDA:10505,1571,1,0
BRDA:10521,1572,0,0
BRDA:10521,1572,1,0
BRDA:10530,1573,0,0
BRDA:10530,1573,1,0
BRDA:10541,1574,0,0
BRDA:10541,1574,1,0
BRDA:10542,1575,0,0
BRDA:10542,1575,1,0
BRDA:10542,1575,2,0
BRDA:10542,1575,3,0
BRDA:10548,1576,0,0
BRDA:10548,1576,1,0
BRDA:10548,1577,0,0
BRDA:10548,1577,1,0
BRDA:10548,1577,2,0
BRDA:10578,1578,0,0
BRDA:10578,1578,1,0
BRDA:10582,1579,0,0
BRDA:10582,1579,1,0
BRDA:10596,1580,0,0
BRDA:10596,1580,1,0
BRDA:10598,1581,0,0
BRDA:10598,1581,1,0
BRDA:10602,1582,0,0
BRDA:10602,1582,1,0
BRDA:10603,1583,0,0
BRDA:10603,1583,1,0
BRDA:10606,1584,0,0
BRDA:10606,1584,1,0
BRDA:10608,1585,0,0
BRDA:10608,1585,1,0
BRDA:10609,1586,0,0
BRDA:10609,1586,1,0
BRDA:10628,1587,0,0
BRDA:10628,1587,1,0
BRDA:10632,1588,0,0
BRDA:10632,1588,1,0
BRDA:10648,1589,0,0
BRDA:10648,1589,1,0
BRDA:10648,1589,2,0
BRDA:10649,1590,0,0
BRDA:10649,1590,1,0
BRDA:10649,1591,0,0
BRDA:10649,1591,1,0
BRDA:10649,1592,0,0
BRDA:10649,1592,1,0
BRDA:10654,1593,0,0
BRDA:10654,1593,1,0
BRDA:10657,1594,0,0
BRDA:10657,1594,1,0
BRDA:10663,1595,0,0
BRDA:10663,1595,1,0
BRDA:10675,1596,0,0
BRDA:10675,1596,1,0
BRDA:10682,1597,0,0
BRDA:10682,1597,1,0
BRDA:10719,1598,0,0
BRDA:10719,1598,1,0
BRDA:10721,1599,0,0
BRDA:10721,1599,1,0
BRDA:10725,1600,0,0
BRDA:10725,1600,1,0
BRDA:10736,1601,0,0
BRDA:10736,1601,1,0
BRDA:10756,1602,0,0
BRDA:10756,1602,1,0
BRDA:10764,1603,0,0
BRDA:10764,1603,1,0
BRDA:10771,1604,0,0
BRDA:10771,1604,1,0
BRDA:10775,1605,0,0
BRDA:10775,1605,1,0
BRDA:10781,1606,0,0
BRDA:10781,1606,1,0
BRDA:10803,1607,0,0
BRDA:10803,1607,1,0
BRDA:10803,1607,2,0
BRDA:10812,1608,0,0
BRDA:10812,1608,1,0
BRDA:10832,1609,0,0
BRDA:10832,1609,1,0
BRDA:10832,1610,0,0
BRDA:10832,1610,1,0
BRDA:10850,1611,0,0
BRDA:10850,1611,1,0
BRDA:10854,1612,0,0
BRDA:10854,1612,1,0
BRDA:10854,1613,0,0
BRDA:10854,1613,1,0
BRDA:10864,1614,0,0
BRDA:10864,1614,1,0
BRF:3446
BRH:0
end_of_record
TN:
SF:public_static/script.js
FN:1,(anonymous_0)
FN:8,(anonymous_1)
FN:9,(anonymous_2)
FN:22,(anonymous_3)
FN:26,(anonymous_4)
FNF:5
FNH:0
FNDA:0,(anonymous_0)
FNDA:0,(anonymous_1)
FNDA:0,(anonymous_2)
FNDA:0,(anonymous_3)
FNDA:0,(anonymous_4)
DA:1,0
DA:2,0
DA:3,0
DA:4,0
DA:5,0
DA:6,0
DA:8,0
DA:9,0
DA:10,0
DA:19,0
DA:22,0
DA:23,0
DA:27,0
LF:13
LH:0
BRF:0
BRH:0
end_of_record
